2020-05-18T22:44:42.3317420-03:00 [INF] (buying_order_server.Program) Starting web host
2020-05-18T22:49:58.0311666-03:00 [INF] (buying_order_server.Services.AppExecutionStatusManager) Execution status subscriber initialized.
2020-05-18T22:49:58.0499485-03:00 [INF] (buying_order_server.Services.AppExecutionStatusManager) Execution status hub message being send
2020-05-18T22:49:58.0525625-03:00 [INF] (buying_order_server.Services.AppExecutionStatusManager) Execution status changed Online
2020-05-18T22:49:58.0538525-03:00 [INF] (buying_order_server.Services.AppExecutionStatusManager) Execution status hub message being send
2020-05-18T22:49:58.0547283-03:00 [INF] (buying_order_server.Services.AppExecutionStatusManager) Execution status changed Online
2020-05-18T22:49:58.0555797-03:00 [INF] (buying_order_server.Services.AppExecutionStatusManager) Execution status hub message being send
2020-05-18T22:49:58.1655558-03:00 [INF] (AutoWrapper.AutoWrapperMiddleware) Source:[::1] 
                                                     Request: GET https localhost:5001/api/v1/app-management/execution-status   
                                                     Responded with [200] in 167ms
2020-05-18T22:49:58.3754487-03:00 [INF] (AutoWrapper.AutoWrapperMiddleware) Source:[::1] 
                                                     Request: GET https localhost:5001/api/v1/app-configuration   
                                                     Responded with [200] in 191ms
2020-05-18T22:49:58.4118552-03:00 [INF] (buying_order_server.API.v1.AppExecutionStatusHub) Status Hub Disposed
2020-05-18T22:50:09.3780018-03:00 [INF] (buying_order_server.Program) Starting web host
2020-05-18T22:50:12.3090429-03:00 [INF] (buying_order_server.Services.AppExecutionStatusManager) Execution status subscriber initialized.
2020-05-18T22:50:12.3236563-03:00 [INF] (buying_order_server.Services.AppExecutionStatusManager) Execution status hub message being send
2020-05-18T22:50:12.3265282-03:00 [INF] (buying_order_server.Services.AppExecutionStatusManager) Execution status changed Online
2020-05-18T22:50:12.3286366-03:00 [INF] (buying_order_server.Services.AppExecutionStatusManager) Execution status hub message being send
2020-05-18T22:50:12.3298181-03:00 [INF] (buying_order_server.Services.AppExecutionStatusManager) Execution status changed Online
2020-05-18T22:50:12.3306282-03:00 [INF] (buying_order_server.Services.AppExecutionStatusManager) Execution status hub message being send
2020-05-18T22:50:12.3335162-03:00 [INF] (buying_order_server.API.v1.AppExecutionStatusHub) Status Hub Disposed
2020-05-18T22:51:42.4254488-03:00 [INF] (AutoWrapper.AutoWrapperMiddleware) Source:[::1] 
                                                     Request: POST https localhost:5001/api/v1/app-configuration  {"appEmailName":"Inspire Home","appEmailUser":"viola.von@ethereal.email","appBlacklist":null,"appEmailPassword":"07c0f160c8d0039eab196fe9a3595cad","appSMTPAddress":"smtp.ethereal.email","appSMTPPort":587,"appSMTPSecure":false,"appEmailFrom":"test@mail.com","appEmailSubject":"Olá ${providerName}!","appEmailText":"Olá ${providerName}, como o pedido numero ${orderNumber}, data ${orderDate} está prevista para ${previewOrderDate}. Favor contatar ${orderContactName}","appEmailHtml":"<p>Olá ${providerName}, como o pedido numero ${orderNumber}, data ${orderDate} está prevista para ${previewOrderDate}. Favor contatar ${orderContactName}</p>","appCronPattern":"0/60 * * * * *","appCronTimezone":"America/Sao_Paulo","appNotificationTriggerDelta":1} 
                                                     Responded with [201] in 341ms
2020-05-18T22:51:47.0536531-03:00 [INF] (buying_order_server.API.v1.AppExecutionStatusHub) Status Hub connection disconnected
2020-05-18T22:51:47.0549518-03:00 [INF] (buying_order_server.API.v1.AppExecutionStatusHub) Status Hub Disposed
2020-05-18T22:51:47.5100183-03:00 [INF] (AutoWrapper.AutoWrapperMiddleware) Source:[::1] 
                                                     Request: GET https localhost:5001/api/v1/app-management/execution-status   
                                                     Responded with [200] in 14ms
2020-05-18T22:51:47.5214793-03:00 [INF] (buying_order_server.API.v1.AppExecutionStatusHub) Status Hub Disposed
2020-05-18T22:51:47.7813017-03:00 [INF] (AutoWrapper.AutoWrapperMiddleware) Source:[::1] 
                                                     Request: GET https localhost:5001/api/v1/app-configuration   
                                                     Responded with [200] in 43ms
2020-05-18T22:51:59.3292892-03:00 [INF] (AutoWrapper.AutoWrapperMiddleware) Source:[::1] 
                                                     Request: POST https localhost:5001/api/v1/app-configuration  {"appEmailName":"Inspire Home","appEmailUser":"viola.von@ethereal.email","appBlacklist":null,"appEmailPassword":"07c0f160c8d0039eab196fe9a3595cad","appSMTPAddress":"smtp.ethereal.email","appSMTPPort":587,"appSMTPSecure":false,"appEmailFrom":"test@mail.com","appEmailSubject":"Aviso de atraso","appEmailText":"Olá ${providerName}, como o pedido numero ${orderNumber}, data ${orderDate} está prevista para ${previewOrderDate}. Favor contatar ${orderContactName}","appEmailHtml":"<p>Olá ${providerName}, como o pedido numero ${orderNumber}, data ${orderDate} está prevista para ${previewOrderDate}. Favor contatar ${orderContactName}</p>","appCronPattern":"0/60 * * * * *","appCronTimezone":"America/Sao_Paulo","appNotificationTriggerDelta":1} 
                                                     Responded with [201] in 7ms
2020-05-18T22:51:59.8488317-03:00 [INF] (AutoWrapper.AutoWrapperMiddleware) Source:[::1] 
                                                     Request: POST https localhost:5001/api/v1/app-configuration  {"appEmailName":"Inspire Home","appEmailUser":"viola.von@ethereal.email","appBlacklist":null,"appEmailPassword":"07c0f160c8d0039eab196fe9a3595cad","appSMTPAddress":"smtp.ethereal.email","appSMTPPort":587,"appSMTPSecure":false,"appEmailFrom":"test@mail.com","appEmailSubject":"Aviso de atraso","appEmailText":"Olá ${providerName}, como o pedido numero ${orderNumber}, data ${orderDate} está prevista para ${previewOrderDate}. Favor contatar ${orderContactName}","appEmailHtml":"<p>Olá ${providerName}, como o pedido numero ${orderNumber}, data ${orderDate} está prevista para ${previewOrderDate}. Favor contatar ${orderContactName}</p>","appCronPattern":"0/60 * * * * *","appCronTimezone":"America/Sao_Paulo","appNotificationTriggerDelta":1} 
                                                     Responded with [201] in 6ms
2020-05-18T22:52:00.0096225-03:00 [INF] (AspNetCoreRateLimit.IpRateLimitMiddleware) Request post:/api/v1/app-configuration from IP ::1 has been blocked, quota 2/1s exceeded by 3. Blocked by rule *:/api/*, TraceIdentifier 0HLVRIRRCTHV5:00000013.
2020-05-18T22:52:00.1768645-03:00 [INF] (AspNetCoreRateLimit.IpRateLimitMiddleware) Request post:/api/v1/app-configuration from IP ::1 has been blocked, quota 2/1s exceeded by 4. Blocked by rule *:/api/*, TraceIdentifier 0HLVRIRRCTHV5:00000015.
2020-05-18T22:52:10.9310681-03:00 [INF] (buying_order_server.API.v1.AppExecutionStatusHub) Status Hub connection disconnected
2020-05-18T22:52:10.9326779-03:00 [INF] (buying_order_server.API.v1.AppExecutionStatusHub) Status Hub Disposed
2020-05-18T22:52:11.3888508-03:00 [INF] (AutoWrapper.AutoWrapperMiddleware) Source:[::1] 
                                                     Request: GET https localhost:5001/api/v1/app-management/execution-status   
                                                     Responded with [200] in 1ms
2020-05-18T22:52:11.4187922-03:00 [INF] (buying_order_server.API.v1.AppExecutionStatusHub) Status Hub Disposed
2020-05-18T22:52:11.6343502-03:00 [INF] (AutoWrapper.AutoWrapperMiddleware) Source:[::1] 
                                                     Request: GET https localhost:5001/api/v1/app-configuration   
                                                     Responded with [200] in 5ms
2020-05-18T22:53:06.8382424-03:00 [INF] (AutoWrapper.AutoWrapperMiddleware) Source:[::1] 
                                                     Request: POST https localhost:5001/api/v1/app-configuration  {"appEmailName":"Inspire Home","appEmailUser":"viola.von@ethereal.email","appBlacklist":null,"appEmailPassword":"07c0f160c8d0039eab196fe9a3595cad","appSMTPAddress":"smtp.ethereal.email","appSMTPPort":587,"appSMTPSecure":false,"appEmailFrom":"test@mail.com","appEmailSubject":"Olá ${providerName}","appEmailText":"Olá ${providerName}, como o pedido numero ${orderNumber}, data ${orderDate} está prevista para ${previewOrderDate}. Favor contatar ${orderContactName}","appEmailHtml":"<p>Olá ${providerName}, como o pedido numero ${orderNumber}, data ${orderDate} está prevista para ${previewOrderDate}. Favor contatar ${orderContactName}</p>","appCronPattern":"0/60 * * * * *","appCronTimezone":"America/Sao_Paulo","appNotificationTriggerDelta":1} 
                                                     Responded with [201] in 7ms
2020-05-18T22:54:40.1801601-03:00 [INF] (buying_order_server.API.v1.AppExecutionStatusHub) Status Hub connection disconnected
2020-05-18T22:54:40.1821495-03:00 [INF] (buying_order_server.API.v1.AppExecutionStatusHub) Status Hub Disposed
2020-05-18T22:54:40.6247307-03:00 [INF] (AutoWrapper.AutoWrapperMiddleware) Source:[::1] 
                                                     Request: GET https localhost:5001/api/v1/app-management/execution-status   
                                                     Responded with [200] in 1ms
2020-05-18T22:54:40.6514609-03:00 [INF] (buying_order_server.API.v1.AppExecutionStatusHub) Status Hub Disposed
2020-05-18T22:54:40.8752611-03:00 [INF] (AutoWrapper.AutoWrapperMiddleware) Source:[::1] 
                                                     Request: GET https localhost:5001/api/v1/app-configuration   
                                                     Responded with [200] in 3ms
2020-05-18T22:57:10.8061194-03:00 [INF] (buying_order_server.API.v1.AppExecutionStatusHub) Status Hub connection disconnected
2020-05-18T22:57:10.8076482-03:00 [INF] (buying_order_server.API.v1.AppExecutionStatusHub) Status Hub Disposed
2020-05-18T22:57:11.3009909-03:00 [INF] (AutoWrapper.AutoWrapperMiddleware) Source:[::1] 
                                                     Request: GET https localhost:5001/api/v1/app-management/execution-status   
                                                     Responded with [200] in 1ms
2020-05-18T22:57:11.3321053-03:00 [INF] (buying_order_server.API.v1.AppExecutionStatusHub) Status Hub Disposed
2020-05-18T22:57:11.5763223-03:00 [INF] (AutoWrapper.AutoWrapperMiddleware) Source:[::1] 
                                                     Request: GET https localhost:5001/api/v1/app-configuration   
                                                     Responded with [200] in 3ms
2020-05-18T22:57:40.8640816-03:00 [INF] (buying_order_server.Services.AppExecutionStatusManager) Execution status changed Initializing
2020-05-18T22:57:40.8653645-03:00 [INF] (buying_order_server.Services.AppExecutionStatusManager) Execution status hub message being send
2020-05-18T22:57:40.8706801-03:00 [INF] (AutoWrapper.AutoWrapperMiddleware) Source:[::1] 
                                                     Request: POST https localhost:5001/api/v1/app-management/start-scheduler  {} 
                                                     Responded with [200] in 10ms
2020-05-18T22:57:40.8963953-03:00 [INF] (buying_order_server.Services.AppExecutionStatusManager) Execution status changed SchedulerRunning
2020-05-18T22:57:40.8974495-03:00 [INF] (buying_order_server.Services.AppExecutionStatusManager) Execution status hub message being send
2020-05-18T22:57:48.9021475-03:00 [INF] (buying_order_server.Services.AbstractCronJob) SMTP connected
2020-05-18T22:59:20.4282457-03:00 [INF] (buying_order_server.Services.AbstractCronJob) Email sending routine cancelled by the user
2020-05-18T22:59:20.5042272-03:00 [INF] (buying_order_server.Services.AppExecutionStatusManager) Execution status changed Online
2020-05-18T22:59:20.5052806-03:00 [INF] (buying_order_server.Services.AppExecutionStatusManager) Execution status hub message being send
2020-05-18T22:59:20.5063843-03:00 [INF] (buying_order_server.Services.AppExecutionStatusManager) Execution status changed Online
2020-05-18T22:59:20.5074609-03:00 [INF] (buying_order_server.Services.AppExecutionStatusManager) Execution status hub message being send
2020-05-18T22:59:20.5097972-03:00 [INF] (AutoWrapper.AutoWrapperMiddleware) Source:[::1] 
                                                     Request: POST https localhost:5001/api/v1/app-management/stop-scheduler  {} 
                                                     Responded with [200] in 84ms
2020-05-18T22:59:23.6315242-03:00 [INF] (buying_order_server.Services.AppExecutionStatusManager) Execution status changed Initializing
2020-05-18T22:59:23.6323842-03:00 [INF] (buying_order_server.Services.AppExecutionStatusManager) Execution status hub message being send
2020-05-18T22:59:23.6359333-03:00 [INF] (buying_order_server.Services.AppExecutionStatusManager) Execution status changed SchedulerRunning
2020-05-18T22:59:23.6365459-03:00 [INF] (AutoWrapper.AutoWrapperMiddleware) Source:[::1] 
                                                     Request: POST https localhost:5001/api/v1/app-management/start-scheduler  {} 
                                                     Responded with [200] in 5ms
2020-05-18T22:59:23.6366839-03:00 [INF] (buying_order_server.Services.AppExecutionStatusManager) Execution status hub message being send
2020-05-18T22:59:31.0088737-03:00 [INF] (buying_order_server.Services.AbstractCronJob) SMTP connected
2020-05-18T23:03:57.5737046-03:00 [INF] (buying_order_server.API.v1.AppExecutionStatusHub) Status Hub connection disconnected
2020-05-18T23:03:57.5750746-03:00 [INF] (buying_order_server.API.v1.AppExecutionStatusHub) Status Hub Disposed
2020-05-18T23:03:58.0495646-03:00 [INF] (AutoWrapper.AutoWrapperMiddleware) Source:[::1] 
                                                     Request: GET https localhost:5001/api/v1/app-management/execution-status   
                                                     Responded with [200] in 0ms
2020-05-18T23:03:58.0845128-03:00 [INF] (buying_order_server.API.v1.AppExecutionStatusHub) Status Hub Disposed
2020-05-18T23:03:58.3087068-03:00 [INF] (AutoWrapper.AutoWrapperMiddleware) Source:[::1] 
                                                     Request: GET https localhost:5001/api/v1/app-configuration   
                                                     Responded with [200] in 3ms
2020-05-18T23:04:20.1809863-03:00 [INF] (AutoWrapper.AutoWrapperMiddleware) Source:[::1] 
                                                     Request: POST https localhost:5001/api/v1/app-configuration  {"appEmailName":"Inspire Home","appEmailUser":"viola.von@ethereal.email","appBlacklist":null,"appEmailPassword":"Q61Z2qsRsmg7nUEzNG","appSMTPAddress":"smtp.ethereal.email","appSMTPPort":587,"appSMTPSecure":false,"appEmailFrom":"test@mail.com","appEmailSubject":"Olá ${providerName}","appEmailText":"Olá ${providerName}, como o pedido numero ${orderNumber}, data ${orderDate} está prevista para ${previewOrderDate}. Favor contatar ${orderContactName}","appEmailHtml":"<p>Olá ${providerName}, como o pedido numero ${orderNumber}, data ${orderDate} está prevista para ${previewOrderDate}. Favor contatar ${orderContactName}</p>","appCronPattern":"0/60 * * * * *","appCronTimezone":"America/Sao_Paulo","appNotificationTriggerDelta":1} 
                                                     Responded with [201] in 6ms
2020-05-18T23:04:23.6954947-03:00 [INF] (buying_order_server.Services.AbstractCronJob) Email sending routine cancelled by the user
2020-05-18T23:04:23.7287547-03:00 [INF] (buying_order_server.Services.AppExecutionStatusManager) Execution status changed Online
2020-05-18T23:04:23.7301815-03:00 [INF] (buying_order_server.Services.AppExecutionStatusManager) Execution status hub message being send
2020-05-18T23:04:23.7314338-03:00 [INF] (buying_order_server.Services.AppExecutionStatusManager) Execution status changed Online
2020-05-18T23:04:23.7326082-03:00 [INF] (buying_order_server.Services.AppExecutionStatusManager) Execution status hub message being send
2020-05-18T23:04:23.7342231-03:00 [INF] (AutoWrapper.AutoWrapperMiddleware) Source:[::1] 
                                                     Request: POST https localhost:5001/api/v1/app-management/stop-scheduler  {} 
                                                     Responded with [200] in 39ms
2020-05-18T23:04:25.5027703-03:00 [INF] (buying_order_server.Services.AppExecutionStatusManager) Execution status changed Initializing
2020-05-18T23:04:25.5042175-03:00 [INF] (buying_order_server.Services.AppExecutionStatusManager) Execution status hub message being send
2020-05-18T23:04:25.5076798-03:00 [INF] (AutoWrapper.AutoWrapperMiddleware) Source:[::1] 
                                                     Request: POST https localhost:5001/api/v1/app-management/start-scheduler  {} 
                                                     Responded with [200] in 5ms
2020-05-18T23:04:25.5077837-03:00 [INF] (buying_order_server.Services.AppExecutionStatusManager) Execution status changed SchedulerRunning
2020-05-18T23:04:25.5100851-03:00 [INF] (buying_order_server.Services.AppExecutionStatusManager) Execution status hub message being send
2020-05-18T23:04:33.1179068-03:00 [INF] (buying_order_server.Services.AbstractCronJob) SMTP connected
2020-05-18T23:04:33.3930470-03:00 [INF] (buying_order_server.Services.AbstractCronJob) SMTP authenticated
2020-05-18T23:04:33.4055568-03:00 [INF] (buying_order_server.Services.AbstractCronJob) Sending e-mail 1 of 126 to d.moser@terra.com.br
2020-05-18T23:04:33.4085394-03:00 [INF] (buying_order_server.Services.AbstractCronJob) Sending e-mail to d.moser@terra.com.br
2020-05-18T23:04:34.5924495-03:00 [INF] (buying_order_server.Services.AbstractCronJob) E-mail 1 of 126 successfully sent to d.moser@terra.com.br
2020-05-18T23:04:34.6021435-03:00 [INF] (buying_order_server.Services.AbstractCronJob) Sending e-mail 2 of 126 to d.moser@terra.com.br
2020-05-18T23:04:34.6035201-03:00 [INF] (buying_order_server.Services.AbstractCronJob) Sending e-mail to d.moser@terra.com.br
2020-05-18T23:04:35.7105285-03:00 [INF] (buying_order_server.Services.AbstractCronJob) E-mail 2 of 126 successfully sent to d.moser@terra.com.br
2020-05-18T23:04:35.7172327-03:00 [INF] (buying_order_server.Services.AbstractCronJob) Sending e-mail 3 of 126 to d.moser@terra.com.br
2020-05-18T23:04:35.7185394-03:00 [INF] (buying_order_server.Services.AbstractCronJob) Sending e-mail to d.moser@terra.com.br
2020-05-18T23:04:36.8022124-03:00 [INF] (buying_order_server.Services.AbstractCronJob) E-mail 3 of 126 successfully sent to d.moser@terra.com.br
2020-05-18T23:04:36.8086695-03:00 [INF] (buying_order_server.Services.AbstractCronJob) Sending e-mail 4 of 126 to cordeirorepresentabnu@gmail.com
2020-05-18T23:04:36.8104819-03:00 [INF] (buying_order_server.Services.AbstractCronJob) Sending e-mail to cordeirorepresentabnu@gmail.com
2020-05-18T23:04:37.8950800-03:00 [INF] (buying_order_server.Services.AbstractCronJob) E-mail 4 of 126 successfully sent to cordeirorepresentabnu@gmail.com
2020-05-18T23:04:37.9017287-03:00 [INF] (buying_order_server.Services.AbstractCronJob) Sending e-mail 5 of 126 to alexandre.abrepresenta@gmail.com
2020-05-18T23:04:37.9029011-03:00 [INF] (buying_order_server.Services.AbstractCronJob) Sending e-mail to alexandre.abrepresenta@gmail.com
2020-05-18T23:04:38.9845282-03:00 [INF] (buying_order_server.Services.AbstractCronJob) E-mail 5 of 126 successfully sent to alexandre.abrepresenta@gmail.com
2020-05-18T23:04:38.9908289-03:00 [INF] (buying_order_server.Services.AbstractCronJob) Sending e-mail 6 of 126 to d.moser@terra.com.br
2020-05-18T23:04:38.9916681-03:00 [INF] (buying_order_server.Services.AbstractCronJob) Sending e-mail to d.moser@terra.com.br
2020-05-18T23:04:40.0845420-03:00 [INF] (buying_order_server.Services.AbstractCronJob) E-mail 6 of 126 successfully sent to d.moser@terra.com.br
2020-05-18T23:04:40.0917985-03:00 [INF] (buying_order_server.Services.AbstractCronJob) Sending e-mail 7 of 126 to ana.cadence@gmail.com
2020-05-18T23:04:40.0929634-03:00 [INF] (buying_order_server.Services.AbstractCronJob) Sending e-mail to ana.cadence@gmail.com
2020-05-18T23:04:41.1769094-03:00 [INF] (buying_order_server.Services.AbstractCronJob) E-mail 7 of 126 successfully sent to ana.cadence@gmail.com
2020-05-18T23:04:41.1838558-03:00 [INF] (buying_order_server.Services.AbstractCronJob) Sending e-mail 8 of 126 to sandra@jnorberto.com.br
2020-05-18T23:04:41.1847411-03:00 [INF] (buying_order_server.Services.AbstractCronJob) Sending e-mail to sandra@jnorberto.com.br
2020-05-18T23:04:42.2781050-03:00 [INF] (buying_order_server.Services.AbstractCronJob) E-mail 8 of 126 successfully sent to sandra@jnorberto.com.br
2020-05-18T23:04:42.2846002-03:00 [INF] (buying_order_server.Services.AbstractCronJob) Sending e-mail 9 of 126 to cordeirorepresentabnu@gmail.com
2020-05-18T23:04:42.2855825-03:00 [INF] (buying_order_server.Services.AbstractCronJob) Sending e-mail to cordeirorepresentabnu@gmail.com
2020-05-18T23:04:43.3700736-03:00 [INF] (buying_order_server.Services.AbstractCronJob) E-mail 9 of 126 successfully sent to cordeirorepresentabnu@gmail.com
2020-05-18T23:04:43.3765702-03:00 [INF] (buying_order_server.Services.AbstractCronJob) Sending e-mail 10 of 126 to impacta@impactarep.com.br
2020-05-18T23:04:43.3780288-03:00 [INF] (buying_order_server.Services.AbstractCronJob) Sending e-mail to impacta@impactarep.com.br
2020-05-18T23:04:44.4636993-03:00 [INF] (buying_order_server.Services.AbstractCronJob) E-mail 10 of 126 successfully sent to impacta@impactarep.com.br
2020-05-18T23:04:44.4711711-03:00 [INF] (buying_order_server.Services.AbstractCronJob) Sending e-mail 11 of 126 to z.weber@uol.com.br
2020-05-18T23:04:44.4725293-03:00 [INF] (buying_order_server.Services.AbstractCronJob) Sending e-mail to z.weber@uol.com.br
2020-05-18T23:04:45.5553689-03:00 [INF] (buying_order_server.Services.AbstractCronJob) E-mail 11 of 126 successfully sent to z.weber@uol.com.br
2020-05-18T23:04:45.5621388-03:00 [INF] (buying_order_server.Services.AbstractCronJob) Sending e-mail 12 of 126 to sandra@jnorberto.com.br
2020-05-18T23:04:45.5632904-03:00 [INF] (buying_order_server.Services.AbstractCronJob) Sending e-mail to sandra@jnorberto.com.br
2020-05-18T23:04:46.6477875-03:00 [INF] (buying_order_server.Services.AbstractCronJob) E-mail 12 of 126 successfully sent to sandra@jnorberto.com.br
2020-05-18T23:04:46.6550413-03:00 [INF] (buying_order_server.Services.AbstractCronJob) Sending e-mail 13 of 126 to ana.cadence@gmail.com
2020-05-18T23:04:46.6572946-03:00 [INF] (buying_order_server.Services.AbstractCronJob) Sending e-mail to ana.cadence@gmail.com
2020-05-18T23:04:47.7363089-03:00 [INF] (buying_order_server.Services.AbstractCronJob) E-mail 13 of 126 successfully sent to ana.cadence@gmail.com
2020-05-18T23:04:47.7435140-03:00 [INF] (buying_order_server.Services.AbstractCronJob) Sending e-mail 14 of 126 to alexandre.abrepresenta@gmail.com
2020-05-18T23:04:47.7450440-03:00 [INF] (buying_order_server.Services.AbstractCronJob) Sending e-mail to alexandre.abrepresenta@gmail.com
2020-05-18T23:04:48.8274103-03:00 [INF] (buying_order_server.Services.AbstractCronJob) E-mail 14 of 126 successfully sent to alexandre.abrepresenta@gmail.com
2020-05-18T23:04:48.8350907-03:00 [INF] (buying_order_server.Services.AbstractCronJob) Sending e-mail 15 of 126 to vendasemporiodaluz@gmail.com
2020-05-18T23:04:48.8375121-03:00 [INF] (buying_order_server.Services.AbstractCronJob) Sending e-mail to vendasemporiodaluz@gmail.com
2020-05-18T23:04:49.9218484-03:00 [INF] (buying_order_server.Services.AbstractCronJob) E-mail 15 of 126 successfully sent to vendasemporiodaluz@gmail.com
2020-05-18T23:04:49.9283837-03:00 [INF] (buying_order_server.Services.AbstractCronJob) Sending e-mail 16 of 126 to cordeirorepresenta@gmail.com
2020-05-18T23:04:49.9291092-03:00 [INF] (buying_order_server.Services.AbstractCronJob) Sending e-mail to cordeirorepresenta@gmail.com
2020-05-18T23:04:51.0229702-03:00 [INF] (buying_order_server.Services.AbstractCronJob) E-mail 16 of 126 successfully sent to cordeirorepresenta@gmail.com
2020-05-18T23:04:51.0294300-03:00 [INF] (buying_order_server.Services.AbstractCronJob) Sending e-mail 17 of 126 to impacta@impactarep.com.br
2020-05-18T23:04:51.0304578-03:00 [INF] (buying_order_server.Services.AbstractCronJob) Sending e-mail to impacta@impactarep.com.br
2020-05-18T23:04:52.1201892-03:00 [INF] (buying_order_server.Services.AbstractCronJob) E-mail 17 of 126 successfully sent to impacta@impactarep.com.br
2020-05-18T23:04:52.1264221-03:00 [INF] (buying_order_server.Services.AbstractCronJob) Sending e-mail 18 of 126 to cordeirorepresentabnu@gmail.com
2020-05-18T23:04:52.1278995-03:00 [INF] (buying_order_server.Services.AbstractCronJob) Sending e-mail to cordeirorepresentabnu@gmail.com
2020-05-18T23:04:53.2115548-03:00 [INF] (buying_order_server.Services.AbstractCronJob) E-mail 18 of 126 successfully sent to cordeirorepresentabnu@gmail.com
2020-05-18T23:04:53.2179663-03:00 [INF] (buying_order_server.Services.AbstractCronJob) Sending e-mail 19 of 126 to sandra@jnorberto.com.br
2020-05-18T23:04:53.2192860-03:00 [INF] (buying_order_server.Services.AbstractCronJob) Sending e-mail to sandra@jnorberto.com.br
2020-05-18T23:04:54.3032124-03:00 [INF] (buying_order_server.Services.AbstractCronJob) E-mail 19 of 126 successfully sent to sandra@jnorberto.com.br
2020-05-18T23:04:54.3099795-03:00 [INF] (buying_order_server.Services.AbstractCronJob) Sending e-mail 20 of 126 to sandra@jnorberto.com.br
2020-05-18T23:04:54.3112112-03:00 [INF] (buying_order_server.Services.AbstractCronJob) Sending e-mail to sandra@jnorberto.com.br
2020-05-18T23:04:55.3911369-03:00 [INF] (buying_order_server.Services.AbstractCronJob) E-mail 20 of 126 successfully sent to sandra@jnorberto.com.br
2020-05-18T23:04:55.3978114-03:00 [INF] (buying_order_server.Services.AbstractCronJob) Sending e-mail 21 of 126 to rennovare@rennovare.com.br
2020-05-18T23:04:55.3991367-03:00 [INF] (buying_order_server.Services.AbstractCronJob) Sending e-mail to rennovare@rennovare.com.br
2020-05-18T23:04:56.4790178-03:00 [INF] (buying_order_server.Services.AbstractCronJob) E-mail 21 of 126 successfully sent to rennovare@rennovare.com.br
2020-05-18T23:04:56.4852132-03:00 [INF] (buying_order_server.Services.AbstractCronJob) Sending e-mail 22 of 126 to cordeirorepresentabnu@gmail.com
2020-05-18T23:04:56.4861583-03:00 [INF] (buying_order_server.Services.AbstractCronJob) Sending e-mail to cordeirorepresentabnu@gmail.com
2020-05-18T23:04:57.5628738-03:00 [INF] (buying_order_server.Services.AbstractCronJob) Sending e-mail 23 of 126 to d.moser@terra.com.br
2020-05-18T23:04:57.5638089-03:00 [INF] (buying_order_server.Services.AbstractCronJob) CRON job 0/60 * * * * * cycle 1 successfully executed!
2020-05-18T23:04:57.6781013-03:00 [INF] (buying_order_server.Services.AbstractCronJob) Email sending routine cancelled by the user
2020-05-18T23:04:57.7094072-03:00 [INF] (buying_order_server.Services.AppExecutionStatusManager) Execution status changed Online
2020-05-18T23:04:57.7104572-03:00 [INF] (buying_order_server.Services.AppExecutionStatusManager) Execution status hub message being send
2020-05-18T23:04:57.7115081-03:00 [INF] (buying_order_server.Services.AppExecutionStatusManager) Execution status changed Online
2020-05-18T23:04:57.7125982-03:00 [INF] (buying_order_server.Services.AppExecutionStatusManager) Execution status hub message being send
2020-05-18T23:04:57.7142384-03:00 [INF] (AutoWrapper.AutoWrapperMiddleware) Source:[::1] 
                                                     Request: POST https localhost:5001/api/v1/app-management/stop-scheduler  {} 
                                                     Responded with [200] in 333ms
