2020-04-19T22:53:09.5561627-03:00 [INF] (buying_order_server.Program) Starting web host
2020-04-19T23:22:35.0503982-03:00 [INF] (buying_order_server.Program) Starting web host
2020-04-19T23:22:35.8071735-03:00 [INF] (Hangfire.PostgreSql.PostgreSqlStorage) Start installing Hangfire SQL objects...
2020-04-19T23:22:35.8482808-03:00 [INF] (Hangfire.PostgreSql.PostgreSqlStorage) Hangfire SQL objects installed.
2020-04-19T23:22:35.8613281-03:00 [INF] (Hangfire.BackgroundJobServer) Starting Hangfire Server using job storage: 'PostgreSQL Server: Host: localhost, DB: INSPIRE_HOME, Schema: hangfire'
2020-04-19T23:22:35.8635021-03:00 [INF] (Hangfire.BackgroundJobServer) Using the following options for SQL Server job storage:
2020-04-19T23:22:35.8646221-03:00 [INF] (Hangfire.BackgroundJobServer)     Queue poll interval: 00:00:15.
2020-04-19T23:22:35.8656591-03:00 [INF] (Hangfire.BackgroundJobServer)     Invisibility timeout: 00:30:00.
2020-04-19T23:22:35.8681233-03:00 [INF] (Hangfire.BackgroundJobServer) Using the following options for Hangfire Server:
    Worker count: 20
    Listening queues: 'default'
    Shutdown timeout: 00:00:15
    Schedule polling interval: 00:00:15
2020-04-19T23:22:36.1199915-03:00 [INF] (Hangfire.Server.BackgroundServerProcess) Server desktop-v47ml8c:14036:f77c2677 successfully announced in 211,7761 ms
2020-04-19T23:22:36.1262291-03:00 [INF] (Hangfire.Server.BackgroundServerProcess) Server desktop-v47ml8c:14036:f77c2677 is starting the registered dispatchers: ServerWatchdog, ServerJobCancellationWatcher, ExpirationManager, Worker, DelayedJobScheduler, RecurringJobScheduler...
2020-04-19T23:22:36.1812994-03:00 [INF] (Hangfire.PostgreSql.ExpirationManager) Removed 3 outdated record(s) from 'counter' table.
2020-04-19T23:22:36.1954214-03:00 [INF] (Hangfire.Server.BackgroundServerProcess) Server desktop-v47ml8c:14036:f77c2677 all the dispatchers started
2020-04-19T23:22:37.1952775-03:00 [INF] (Hangfire.PostgreSql.ExpirationManager) Removed 3 outdated record(s) from 'job' table.
2020-04-19T23:23:13.1710045-03:00 [INF] (buying_order_server.Program) Starting web host
2020-04-19T23:23:13.7305819-03:00 [INF] (Hangfire.PostgreSql.PostgreSqlStorage) Start installing Hangfire SQL objects...
2020-04-19T23:23:13.7693860-03:00 [INF] (Hangfire.PostgreSql.PostgreSqlStorage) Hangfire SQL objects installed.
2020-04-19T23:23:13.7809687-03:00 [INF] (Hangfire.BackgroundJobServer) Starting Hangfire Server using job storage: 'PostgreSQL Server: Host: localhost, DB: INSPIRE_HOME, Schema: hangfire'
2020-04-19T23:23:13.7870986-03:00 [INF] (Hangfire.BackgroundJobServer) Using the following options for SQL Server job storage:
2020-04-19T23:23:13.7906864-03:00 [INF] (Hangfire.BackgroundJobServer)     Queue poll interval: 00:00:15.
2020-04-19T23:23:13.7915312-03:00 [INF] (Hangfire.BackgroundJobServer)     Invisibility timeout: 00:30:00.
2020-04-19T23:23:13.7931293-03:00 [INF] (Hangfire.BackgroundJobServer) Using the following options for Hangfire Server:
    Worker count: 20
    Listening queues: 'default'
    Shutdown timeout: 00:00:15
    Schedule polling interval: 00:00:15
2020-04-19T23:23:14.0342181-03:00 [INF] (Hangfire.Server.BackgroundServerProcess) Server desktop-v47ml8c:24316:fb8ae8e4 successfully announced in 217,598 ms
2020-04-19T23:23:14.0405808-03:00 [INF] (Hangfire.Server.BackgroundServerProcess) Server desktop-v47ml8c:24316:fb8ae8e4 is starting the registered dispatchers: ServerWatchdog, ServerJobCancellationWatcher, ExpirationManager, Worker, DelayedJobScheduler, RecurringJobScheduler...
2020-04-19T23:23:14.1409327-03:00 [INF] (Hangfire.Server.BackgroundServerProcess) Server desktop-v47ml8c:24316:fb8ae8e4 all the dispatchers started
2020-04-19T23:25:24.2560824-03:00 [INF] (buying_order_server.Program) Starting web host
2020-04-19T23:25:24.8321926-03:00 [INF] (Hangfire.PostgreSql.PostgreSqlStorage) Start installing Hangfire SQL objects...
2020-04-19T23:25:24.8686641-03:00 [INF] (Hangfire.PostgreSql.PostgreSqlStorage) Hangfire SQL objects installed.
2020-04-19T23:25:24.8810938-03:00 [INF] (Hangfire.BackgroundJobServer) Starting Hangfire Server using job storage: 'PostgreSQL Server: Host: localhost, DB: INSPIRE_HOME, Schema: hangfire'
2020-04-19T23:25:24.8829790-03:00 [INF] (Hangfire.BackgroundJobServer) Using the following options for SQL Server job storage:
2020-04-19T23:25:24.8847816-03:00 [INF] (Hangfire.BackgroundJobServer)     Queue poll interval: 00:00:15.
2020-04-19T23:25:24.8857787-03:00 [INF] (Hangfire.BackgroundJobServer)     Invisibility timeout: 00:30:00.
2020-04-19T23:25:24.8887329-03:00 [INF] (Hangfire.BackgroundJobServer) Using the following options for Hangfire Server:
    Worker count: 20
    Listening queues: 'default'
    Shutdown timeout: 00:00:15
    Schedule polling interval: 00:00:15
2020-04-19T23:25:25.1221009-03:00 [INF] (Hangfire.Server.BackgroundServerProcess) Server desktop-v47ml8c:19548:b765a30c successfully announced in 205,626 ms
2020-04-19T23:25:25.1280282-03:00 [INF] (Hangfire.Server.BackgroundServerProcess) Server desktop-v47ml8c:19548:b765a30c is starting the registered dispatchers: ServerWatchdog, ServerJobCancellationWatcher, ExpirationManager, Worker, DelayedJobScheduler, RecurringJobScheduler...
2020-04-19T23:25:25.2056140-03:00 [INF] (Hangfire.Server.BackgroundServerProcess) Server desktop-v47ml8c:19548:b765a30c all the dispatchers started
2020-04-19T23:25:29.2436065-03:00 [INF] (AutoWrapper.AutoWrapperMiddleware) Source:[::1] 
                                                     Request: GET https localhost:5001/app-configuration   
                                                     Responded with [500] in 343ms
2020-04-19T23:30:25.1693983-03:00 [INF] (Hangfire.Server.ServerWatchdog) 2 servers were removed due to timeout
2020-04-19T23:30:45.8701731-03:00 [INF] (buying_order_server.Program) Starting web host
2020-04-19T23:30:46.4294958-03:00 [INF] (Hangfire.PostgreSql.PostgreSqlStorage) Start installing Hangfire SQL objects...
2020-04-19T23:30:46.4656232-03:00 [INF] (Hangfire.PostgreSql.PostgreSqlStorage) Hangfire SQL objects installed.
2020-04-19T23:30:46.4778112-03:00 [INF] (Hangfire.BackgroundJobServer) Starting Hangfire Server using job storage: 'PostgreSQL Server: Host: localhost, DB: INSPIRE_HOME, Schema: hangfire'
2020-04-19T23:30:46.4790928-03:00 [INF] (Hangfire.BackgroundJobServer) Using the following options for SQL Server job storage:
2020-04-19T23:30:46.4809532-03:00 [INF] (Hangfire.BackgroundJobServer)     Queue poll interval: 00:00:15.
2020-04-19T23:30:46.4847117-03:00 [INF] (Hangfire.BackgroundJobServer)     Invisibility timeout: 00:30:00.
2020-04-19T23:30:46.4889180-03:00 [INF] (Hangfire.BackgroundJobServer) Using the following options for Hangfire Server:
    Worker count: 20
    Listening queues: 'default'
    Shutdown timeout: 00:00:15
    Schedule polling interval: 00:00:15
2020-04-19T23:30:46.7212282-03:00 [INF] (Hangfire.Server.BackgroundServerProcess) Server desktop-v47ml8c:18892:ab8b6977 successfully announced in 202,5971 ms
2020-04-19T23:30:46.7286075-03:00 [INF] (Hangfire.Server.BackgroundServerProcess) Server desktop-v47ml8c:18892:ab8b6977 is starting the registered dispatchers: ServerWatchdog, ServerJobCancellationWatcher, ExpirationManager, Worker, DelayedJobScheduler, RecurringJobScheduler...
2020-04-19T23:30:46.8122783-03:00 [INF] (Hangfire.Server.BackgroundServerProcess) Server desktop-v47ml8c:18892:ab8b6977 all the dispatchers started
2020-04-19T23:30:50.7050440-03:00 [INF] (AutoWrapper.AutoWrapperMiddleware) Source:[::1] 
                                                     Request: GET https localhost:5001/app-configuration   
                                                     Responded with [204] in 298ms
2020-04-19T23:30:50.7236105-03:00 [INF] (AutoWrapper.AutoWrapperMiddleware) Source:[::1] 
                                                     Request: GET https localhost:5001/app-configuration   
                                                     Responded with [204] in 7ms
2020-04-19T23:31:00.2312237-03:00 [INF] (AutoWrapper.AutoWrapperMiddleware) Source:[::1] 
                                                     Request: GET https localhost:5001/app-configuration   
                                                     Responded with [204] in 9ms
2020-04-19T23:31:34.6427237-03:00 [INF] (AutoWrapper.AutoWrapperMiddleware) Source:[::1] 
                                                     Request: GET https localhost:5001/app-configuration   
                                                     Responded with [204] in 8ms
2020-04-19T23:31:36.0691061-03:00 [INF] (AutoWrapper.AutoWrapperMiddleware) Source:[::1] 
                                                     Request: GET https localhost:5001/app-configuration   
                                                     Responded with [204] in 6ms
2020-04-19T23:32:40.1330324-03:00 [INF] (buying_order_server.Program) Starting web host
2020-04-19T23:32:40.7019409-03:00 [INF] (Hangfire.PostgreSql.PostgreSqlStorage) Start installing Hangfire SQL objects...
2020-04-19T23:32:40.7438639-03:00 [INF] (Hangfire.PostgreSql.PostgreSqlStorage) Hangfire SQL objects installed.
2020-04-19T23:32:40.7570412-03:00 [INF] (Hangfire.BackgroundJobServer) Starting Hangfire Server using job storage: 'PostgreSQL Server: Host: localhost, DB: INSPIRE_HOME, Schema: hangfire'
2020-04-19T23:32:40.7581561-03:00 [INF] (Hangfire.BackgroundJobServer) Using the following options for SQL Server job storage:
2020-04-19T23:32:40.7605022-03:00 [INF] (Hangfire.BackgroundJobServer)     Queue poll interval: 00:00:15.
2020-04-19T23:32:40.7675746-03:00 [INF] (Hangfire.BackgroundJobServer)     Invisibility timeout: 00:30:00.
2020-04-19T23:32:40.7702048-03:00 [INF] (Hangfire.BackgroundJobServer) Using the following options for Hangfire Server:
    Worker count: 20
    Listening queues: 'default'
    Shutdown timeout: 00:00:15
    Schedule polling interval: 00:00:15
2020-04-19T23:32:40.9998171-03:00 [INF] (Hangfire.Server.BackgroundServerProcess) Server desktop-v47ml8c:3920:8fa2835c successfully announced in 189,2784 ms
2020-04-19T23:32:41.0058589-03:00 [INF] (Hangfire.Server.BackgroundServerProcess) Server desktop-v47ml8c:3920:8fa2835c is starting the registered dispatchers: ServerWatchdog, ServerJobCancellationWatcher, ExpirationManager, Worker, DelayedJobScheduler, RecurringJobScheduler...
2020-04-19T23:32:41.0994225-03:00 [INF] (Hangfire.Server.BackgroundServerProcess) Server desktop-v47ml8c:3920:8fa2835c all the dispatchers started
2020-04-19T23:32:59.7816249-03:00 [INF] (AutoWrapper.AutoWrapperMiddleware) Source:[::1] 
                                                     Request: GET https localhost:5001/app-configuration   
                                                     Responded with [500] in 14783ms
2020-04-19T23:33:53.3688899-03:00 [INF] (AutoWrapper.AutoWrapperMiddleware) Source:[::1] 
                                                     Request: OPTIONS https localhost:5001/app-configuration   
                                                     Responded with [204] in 77ms
2020-04-19T23:33:53.5152203-03:00 [INF] (AutoWrapper.AutoWrapperMiddleware) Source:[::1] 
                                                     Request: POST https localhost:5001/app-configuration  {"appEmailName":"Inspire Home","appEmailUser":"viola.von@ethereal.email","appBlacklist":null,"appEmailPassword":"Q61Z2qsRsmg7nUEzNG","AppSMTPAddress":"smtp.ethereal.email","appSMTPPort":587,"appSMTPSecure":false,"appEmailFrom":"REMETENTE@MAIL.COM","appEmailSubject":"Aviso de atraso","appEmailText":"","appEmailHtml":"<p>Teste</p><p><strong>Super</strong></p><p><strong>DIVV</strong><i><strong>EEERRRR</strong></i>RERERERE</p><p>&nbsp;</p><p>REREQREW</p><p>&nbsp;</p><figure class=\"table\"><table><tbody><tr><td>OI</td><td>OI</td><td>OI</td></tr><tr><td>&nbsp;</td><td>&nbsp;</td><td>&nbsp;</td></tr></tbody></table></figure>","appCronPattern":"0/60 * * * * *","appCronTimezone":"America/Sao_Paulo","appNotificationTriggerDelta":1} 
                                                     Responded with [201] in 137ms
2020-04-19T23:34:17.3386282-03:00 [INF] (AutoWrapper.AutoWrapperMiddleware) Source:[::1] 
                                                     Request: GET https localhost:5001/app-configuration   
                                                     Responded with [200] in 29ms
2020-04-19T23:34:34.3156635-03:00 [INF] (AutoWrapper.AutoWrapperMiddleware) Source:[::1] 
                                                     Request: POST https localhost:5001/app-management/start-scheduler   
                                                     Responded with [200] in 6722ms
2020-04-19T23:35:19.8829685-03:00 [INF] (buying_order_server.Program) Starting web host
2020-04-19T23:35:20.4516296-03:00 [INF] (Hangfire.PostgreSql.PostgreSqlStorage) Start installing Hangfire SQL objects...
2020-04-19T23:35:20.4863463-03:00 [INF] (Hangfire.PostgreSql.PostgreSqlStorage) Hangfire SQL objects installed.
2020-04-19T23:35:20.4978666-03:00 [INF] (Hangfire.BackgroundJobServer) Starting Hangfire Server using job storage: 'PostgreSQL Server: Host: localhost, DB: INSPIRE_HOME, Schema: hangfire'
2020-04-19T23:35:20.4992307-03:00 [INF] (Hangfire.BackgroundJobServer) Using the following options for SQL Server job storage:
2020-04-19T23:35:20.5004671-03:00 [INF] (Hangfire.BackgroundJobServer)     Queue poll interval: 00:00:15.
2020-04-19T23:35:20.5143163-03:00 [INF] (Hangfire.BackgroundJobServer)     Invisibility timeout: 00:30:00.
2020-04-19T23:35:20.5166734-03:00 [INF] (Hangfire.BackgroundJobServer) Using the following options for Hangfire Server:
    Worker count: 20
    Listening queues: 'default'
    Shutdown timeout: 00:00:15
    Schedule polling interval: 00:00:15
2020-04-19T23:35:20.7363363-03:00 [INF] (Hangfire.Server.BackgroundServerProcess) Server desktop-v47ml8c:1396:c6fc2c6b successfully announced in 178,3693 ms
2020-04-19T23:35:20.7432015-03:00 [INF] (Hangfire.Server.BackgroundServerProcess) Server desktop-v47ml8c:1396:c6fc2c6b is starting the registered dispatchers: ServerWatchdog, ServerJobCancellationWatcher, ExpirationManager, Worker, DelayedJobScheduler, RecurringJobScheduler...
2020-04-19T23:35:20.8086242-03:00 [INF] (Hangfire.Server.BackgroundServerProcess) Server desktop-v47ml8c:1396:c6fc2c6b all the dispatchers started
2020-04-19T23:35:26.9233963-03:00 [INF] (AutoWrapper.AutoWrapperMiddleware) Source:[::1] 
                                                     Request: POST https localhost:5001/app-management/start-scheduler   
                                                     Responded with [200] in 189ms
2020-04-19T23:36:30.8023752-03:00 [INF] (buying_order_server.Program) Starting web host
2020-04-19T23:36:31.3597172-03:00 [INF] (Hangfire.PostgreSql.PostgreSqlStorage) Start installing Hangfire SQL objects...
2020-04-19T23:36:31.3971056-03:00 [INF] (Hangfire.PostgreSql.PostgreSqlStorage) Hangfire SQL objects installed.
2020-04-19T23:36:31.4089514-03:00 [INF] (Hangfire.BackgroundJobServer) Starting Hangfire Server using job storage: 'PostgreSQL Server: Host: localhost, DB: INSPIRE_HOME, Schema: hangfire'
2020-04-19T23:36:31.4101327-03:00 [INF] (Hangfire.BackgroundJobServer) Using the following options for SQL Server job storage:
2020-04-19T23:36:31.4121935-03:00 [INF] (Hangfire.BackgroundJobServer)     Queue poll interval: 00:00:15.
2020-04-19T23:36:31.4199709-03:00 [INF] (Hangfire.BackgroundJobServer)     Invisibility timeout: 00:30:00.
2020-04-19T23:36:31.4220841-03:00 [INF] (Hangfire.BackgroundJobServer) Using the following options for Hangfire Server:
    Worker count: 20
    Listening queues: 'default'
    Shutdown timeout: 00:00:15
    Schedule polling interval: 00:00:15
2020-04-19T23:36:31.6553091-03:00 [INF] (Hangfire.Server.BackgroundServerProcess) Server desktop-v47ml8c:30632:b24645a6 successfully announced in 190,0931 ms
2020-04-19T23:36:31.6614394-03:00 [INF] (Hangfire.Server.BackgroundServerProcess) Server desktop-v47ml8c:30632:b24645a6 is starting the registered dispatchers: ServerWatchdog, ServerJobCancellationWatcher, ExpirationManager, Worker, DelayedJobScheduler, RecurringJobScheduler...
2020-04-19T23:36:31.7007228-03:00 [INF] (Hangfire.Server.ServerWatchdog) 1 servers were removed due to timeout
2020-04-19T23:36:31.7570221-03:00 [INF] (Hangfire.Server.BackgroundServerProcess) Server desktop-v47ml8c:30632:b24645a6 all the dispatchers started
2020-04-19T23:36:43.5382736-03:00 [INF] (AutoWrapper.AutoWrapperMiddleware) Source:[::1] 
                                                     Request: POST https localhost:5001/app-management/start-scheduler   
                                                     Responded with [200] in 7933ms
2020-04-19T23:37:23.1944479-03:00 [INF] (buying_order_server.Program) Starting web host
2020-04-19T23:37:23.7648702-03:00 [INF] (Hangfire.PostgreSql.PostgreSqlStorage) Start installing Hangfire SQL objects...
2020-04-19T23:37:23.8026005-03:00 [INF] (Hangfire.PostgreSql.PostgreSqlStorage) Hangfire SQL objects installed.
2020-04-19T23:37:23.8147125-03:00 [INF] (Hangfire.BackgroundJobServer) Starting Hangfire Server using job storage: 'PostgreSQL Server: Host: localhost, DB: INSPIRE_HOME, Schema: hangfire'
2020-04-19T23:37:23.8158399-03:00 [INF] (Hangfire.BackgroundJobServer) Using the following options for SQL Server job storage:
2020-04-19T23:37:23.8174947-03:00 [INF] (Hangfire.BackgroundJobServer)     Queue poll interval: 00:00:15.
2020-04-19T23:37:23.8203208-03:00 [INF] (Hangfire.BackgroundJobServer)     Invisibility timeout: 00:30:00.
2020-04-19T23:37:23.8212860-03:00 [INF] (Hangfire.BackgroundJobServer) Using the following options for Hangfire Server:
    Worker count: 20
    Listening queues: 'default'
    Shutdown timeout: 00:00:15
    Schedule polling interval: 00:00:15
2020-04-19T23:37:24.0376694-03:00 [INF] (Hangfire.Server.BackgroundServerProcess) Server desktop-v47ml8c:17188:361b588e successfully announced in 178,2471 ms
2020-04-19T23:37:24.0438570-03:00 [INF] (Hangfire.Server.BackgroundServerProcess) Server desktop-v47ml8c:17188:361b588e is starting the registered dispatchers: ServerWatchdog, ServerJobCancellationWatcher, ExpirationManager, Worker, DelayedJobScheduler, RecurringJobScheduler...
2020-04-19T23:37:24.0552117-03:00 [INF] (Hangfire.Server.ServerWatchdog) 1 servers were removed due to timeout
2020-04-19T23:37:24.1174812-03:00 [INF] (Hangfire.Server.BackgroundServerProcess) Server desktop-v47ml8c:17188:361b588e all the dispatchers started
2020-04-19T23:37:42.5741522-03:00 [INF] (AutoWrapper.AutoWrapperMiddleware) Source:[::1] 
                                                     Request: POST https localhost:5001/app-management/start-scheduler   
                                                     Responded with [200] in 14238ms
2020-04-19T23:39:59.0472617-03:00 [INF] (buying_order_server.Program) Starting web host
2020-04-19T23:39:59.6109614-03:00 [INF] (Hangfire.PostgreSql.PostgreSqlStorage) Start installing Hangfire SQL objects...
2020-04-19T23:39:59.6455426-03:00 [INF] (Hangfire.PostgreSql.PostgreSqlStorage) Hangfire SQL objects installed.
2020-04-19T23:39:59.6574313-03:00 [INF] (Hangfire.BackgroundJobServer) Starting Hangfire Server using job storage: 'PostgreSQL Server: Host: localhost, DB: INSPIRE_HOME, Schema: hangfire'
2020-04-19T23:39:59.6588741-03:00 [INF] (Hangfire.BackgroundJobServer) Using the following options for SQL Server job storage:
2020-04-19T23:39:59.6609864-03:00 [INF] (Hangfire.BackgroundJobServer)     Queue poll interval: 00:00:15.
2020-04-19T23:39:59.6647575-03:00 [INF] (Hangfire.BackgroundJobServer)     Invisibility timeout: 00:30:00.
2020-04-19T23:39:59.6696523-03:00 [INF] (Hangfire.BackgroundJobServer) Using the following options for Hangfire Server:
    Worker count: 20
    Listening queues: 'default'
    Shutdown timeout: 00:00:15
    Schedule polling interval: 00:00:15
2020-04-19T23:39:59.8735419-03:00 [INF] (Hangfire.Server.BackgroundServerProcess) Server desktop-v47ml8c:31668:27a34ef6 successfully announced in 176,6616 ms
2020-04-19T23:39:59.8798427-03:00 [INF] (Hangfire.Server.BackgroundServerProcess) Server desktop-v47ml8c:31668:27a34ef6 is starting the registered dispatchers: ServerWatchdog, ServerJobCancellationWatcher, ExpirationManager, Worker, DelayedJobScheduler, RecurringJobScheduler...
2020-04-19T23:39:59.8877586-03:00 [INF] (Hangfire.Server.ServerWatchdog) 1 servers were removed due to timeout
2020-04-19T23:39:59.9693733-03:00 [INF] (Hangfire.Server.BackgroundServerProcess) Server desktop-v47ml8c:31668:27a34ef6 all the dispatchers started
2020-04-19T23:40:09.6310032-03:00 [INF] (AutoWrapper.AutoWrapperMiddleware) Source:[::1] 
                                                     Request: POST https localhost:5001/app-management/start-scheduler   
                                                     Responded with [200] in 6086ms
