2020-05-05T21:04:27.9728149-03:00 [INF] (buying_order_server.Program) Starting web host
2020-05-05T21:05:18.8870283-03:00 [INF] (AutoWrapper.AutoWrapperMiddleware) Source:[::1] 
                                                     Request: OPTIONS https localhost:5001/api/v1/execution-status-hub/negotiate ?negotiateVersion=1  
                                                     Responded with [204] in 146ms
2020-05-05T21:05:19.2247756-03:00 [INF] (AutoWrapper.AutoWrapperMiddleware) Source:[::1] 
                                                     Request: GET https localhost:5001/api/v1/app-configuration   
                                                     Responded with [200] in 239ms
2020-05-05T21:06:22.7801214-03:00 [INF] (AutoWrapper.AutoWrapperMiddleware) Source:[::1] 
                                                     Request: OPTIONS https localhost:5001/api/v1/execution-status-hub/negotiate ?negotiateVersion=1  
                                                     Responded with [204] in 4ms
2020-05-05T21:06:23.0524973-03:00 [INF] (AutoWrapper.AutoWrapperMiddleware) Source:[::1] 
                                                     Request: GET https localhost:5001/api/v1/app-configuration   
                                                     Responded with [200] in 5ms
2020-05-05T21:06:42.2416384-03:00 [INF] (buying_order_server.Program) Starting web host
2020-05-05T21:06:46.9777993-03:00 [INF] (AutoWrapper.AutoWrapperMiddleware) Source:[::1] 
                                                     Request: OPTIONS https localhost:5001/api/v1/execution-status-hub/negotiate ?negotiateVersion=1  
                                                     Responded with [204] in 142ms
2020-05-05T21:06:47.3270148-03:00 [INF] (AutoWrapper.AutoWrapperMiddleware) Source:[::1] 
                                                     Request: GET https localhost:5001/api/v1/app-configuration   
                                                     Responded with [200] in 239ms
2020-05-05T21:09:45.5335358-03:00 [INF] (buying_order_server.Program) Starting web host
2020-05-05T21:09:50.2765066-03:00 [INF] (AutoWrapper.AutoWrapperMiddleware) Source:[::1] 
                                                     Request: OPTIONS https localhost:5001/api/v1/execution-status-hub/negotiate ?negotiateVersion=1  
                                                     Responded with [204] in 132ms
2020-05-05T21:09:50.6045684-03:00 [INF] (AutoWrapper.AutoWrapperMiddleware) Source:[::1] 
                                                     Request: GET https localhost:5001/api/v1/app-configuration   
                                                     Responded with [200] in 230ms
2020-05-05T21:10:10.7395541-03:00 [INF] (AutoWrapper.AutoWrapperMiddleware) Source:[::1] 
                                                     Request: OPTIONS https localhost:5001/api/v1/execution-status-hub/negotiate ?negotiateVersion=1  
                                                     Responded with [204] in 4ms
2020-05-05T21:10:11.0149742-03:00 [INF] (AutoWrapper.AutoWrapperMiddleware) Source:[::1] 
                                                     Request: GET https localhost:5001/api/v1/app-configuration   
                                                     Responded with [200] in 6ms
2020-05-05T21:10:36.9102778-03:00 [INF] (buying_order_server.Program) Starting web host
2020-05-05T21:10:40.9942153-03:00 [INF] (AutoWrapper.AutoWrapperMiddleware) Source:[::1] 
                                                     Request: OPTIONS https localhost:5001/api/v1/execution-status-hub/negotiate ?negotiateVersion=1  
                                                     Responded with [204] in 134ms
2020-05-05T21:10:41.3177654-03:00 [INF] (AutoWrapper.AutoWrapperMiddleware) Source:[::1] 
                                                     Request: GET https localhost:5001/api/v1/app-configuration   
                                                     Responded with [200] in 232ms
2020-05-05T21:13:51.9875929-03:00 [INF] (buying_order_server.Program) Starting web host
2020-05-05T21:13:55.4606490-03:00 [INF] (AutoWrapper.AutoWrapperMiddleware) Source:[::1] 
                                                     Request: OPTIONS https localhost:5001/api/v1/execution-status-hub/negotiate ?negotiateVersion=1  
                                                     Responded with [204] in 134ms
2020-05-05T21:13:55.5079426-03:00 [INF] (AutoWrapper.AutoWrapperMiddleware) Source:[::1] 
                                                     Request: POST https localhost:5001/api/v1/execution-status-hub/negotiate ?negotiateVersion=1  
                                                     Responded with [200] in 33ms
2020-05-05T21:13:55.7671954-03:00 [INF] (AutoWrapper.AutoWrapperMiddleware) Source:[::1] 
                                                     Request: GET https localhost:5001/api/v1/app-configuration   
                                                     Responded with [200] in 212ms
2020-05-05T21:14:27.6938298-03:00 [INF] (buying_order_server.Program) Starting web host
2020-05-05T21:22:42.3435255-03:00 [INF] (AutoWrapper.AutoWrapperMiddleware) Source:[::1] 
                                                     Request: OPTIONS https localhost:5001/api/v1/execution-status-hub/negotiate ?negotiateVersion=1  
                                                     Responded with [204] in 138ms
2020-05-05T21:22:42.3883180-03:00 [INF] (AutoWrapper.AutoWrapperMiddleware) Source:[::1] 
                                                     Request: POST https localhost:5001/api/v1/execution-status-hub/negotiate ?negotiateVersion=1  
                                                     Responded with [200] in 32ms
2020-05-05T21:22:42.6725065-03:00 [INF] (AutoWrapper.AutoWrapperMiddleware) Source:[::1] 
                                                     Request: GET https localhost:5001/api/v1/app-configuration   
                                                     Responded with [200] in 220ms
2020-05-05T21:23:19.3084178-03:00 [INF] (AutoWrapper.AutoWrapperMiddleware) Source:[::1] 
                                                     Request: OPTIONS https localhost:5001/api/v1/execution-status-hub/negotiate ?negotiateVersion=1  
                                                     Responded with [204] in 3ms
2020-05-05T21:23:19.3159916-03:00 [INF] (AutoWrapper.AutoWrapperMiddleware) Source:[::1] 
                                                     Request: POST https localhost:5001/api/v1/execution-status-hub/negotiate ?negotiateVersion=1  
                                                     Responded with [200] in 1ms
2020-05-05T21:23:19.5613651-03:00 [INF] (AutoWrapper.AutoWrapperMiddleware) Source:[::1] 
                                                     Request: GET https localhost:5001/api/v1/app-configuration   
                                                     Responded with [200] in 5ms
2020-05-05T21:23:24.9337764-03:00 [INF] (AutoWrapper.AutoWrapperMiddleware) Source:[::1] 
                                                     Request: OPTIONS https localhost:5001/api/v1/execution-status-hub/negotiate ?negotiateVersion=1  
                                                     Responded with [204] in 3ms
2020-05-05T21:23:24.9430343-03:00 [INF] (AutoWrapper.AutoWrapperMiddleware) Source:[::1] 
                                                     Request: POST https localhost:5001/api/v1/execution-status-hub/negotiate ?negotiateVersion=1  
                                                     Responded with [200] in 2ms
2020-05-05T21:23:25.2014600-03:00 [INF] (AutoWrapper.AutoWrapperMiddleware) Source:[::1] 
                                                     Request: GET https localhost:5001/api/v1/app-configuration   
                                                     Responded with [200] in 5ms
2020-05-05T21:25:56.8080762-03:00 [INF] (AutoWrapper.AutoWrapperMiddleware) Source:[::1] 
                                                     Request: OPTIONS https localhost:5001/api/v1/execution-status-hub/negotiate ?negotiateVersion=1  
                                                     Responded with [204] in 2ms
2020-05-05T21:25:56.8154514-03:00 [INF] (AutoWrapper.AutoWrapperMiddleware) Source:[::1] 
                                                     Request: POST https localhost:5001/api/v1/execution-status-hub/negotiate ?negotiateVersion=1  
                                                     Responded with [200] in 1ms
2020-05-05T21:25:57.0438075-03:00 [INF] (AutoWrapper.AutoWrapperMiddleware) Source:[::1] 
                                                     Request: GET https localhost:5001/api/v1/app-configuration   
                                                     Responded with [200] in 4ms
2020-05-05T21:26:21.8188150-03:00 [INF] (AutoWrapper.AutoWrapperMiddleware) Source:[::1] 
                                                     Request: OPTIONS https localhost:5001/api/v1/execution-status-hub/negotiate ?negotiateVersion=1  
                                                     Responded with [204] in 2ms
2020-05-05T21:26:21.8274531-03:00 [INF] (AutoWrapper.AutoWrapperMiddleware) Source:[::1] 
                                                     Request: POST https localhost:5001/api/v1/execution-status-hub/negotiate ?negotiateVersion=1  
                                                     Responded with [200] in 1ms
2020-05-05T21:26:22.0685854-03:00 [INF] (AutoWrapper.AutoWrapperMiddleware) Source:[::1] 
                                                     Request: GET https localhost:5001/api/v1/app-configuration   
                                                     Responded with [200] in 4ms
2020-05-05T21:28:46.9581230-03:00 [INF] (buying_order_server.Program) Starting web host
2020-05-05T21:28:54.4223886-03:00 [INF] (AutoWrapper.AutoWrapperMiddleware) Source:[::1] 
                                                     Request: OPTIONS https localhost:5001/api/v1/execution-status-hub/negotiate ?negotiateVersion=1  
                                                     Responded with [204] in 133ms
2020-05-05T21:28:54.4671816-03:00 [INF] (AutoWrapper.AutoWrapperMiddleware) Source:[::1] 
                                                     Request: POST https localhost:5001/api/v1/execution-status-hub/negotiate ?negotiateVersion=1  
                                                     Responded with [200] in 32ms
2020-05-05T21:28:54.7260104-03:00 [INF] (AutoWrapper.AutoWrapperMiddleware) Source:[::1] 
                                                     Request: GET https localhost:5001/api/v1/app-configuration   
                                                     Responded with [200] in 208ms
2020-05-05T21:34:31.3590835-03:00 [INF] (buying_order_server.Program) Starting web host
2020-05-05T21:34:35.8813205-03:00 [INF] (AutoWrapper.AutoWrapperMiddleware) Source:[::1] 
                                                     Request: OPTIONS https localhost:5001/api/v1/execution-status-hub/negotiate ?negotiateVersion=1  
                                                     Responded with [204] in 141ms
2020-05-05T21:34:35.9284270-03:00 [INF] (AutoWrapper.AutoWrapperMiddleware) Source:[::1] 
                                                     Request: POST https localhost:5001/api/v1/execution-status-hub/negotiate ?negotiateVersion=1  
                                                     Responded with [200] in 31ms
2020-05-05T21:34:36.1740672-03:00 [INF] (AutoWrapper.AutoWrapperMiddleware) Source:[::1] 
                                                     Request: GET https localhost:5001/api/v1/app-configuration   
                                                     Responded with [200] in 205ms
2020-05-05T21:38:26.2420022-03:00 [INF] (buying_order_server.Program) Starting web host
2020-05-05T21:38:41.2862196-03:00 [INF] (AutoWrapper.AutoWrapperMiddleware) Source:[::1] 
                                                     Request: OPTIONS https localhost:5001/api/v1/execution-status-hub/negotiate ?negotiateVersion=1  
                                                     Responded with [204] in 136ms
2020-05-05T21:38:41.3334682-03:00 [INF] (AutoWrapper.AutoWrapperMiddleware) Source:[::1] 
                                                     Request: POST https localhost:5001/api/v1/execution-status-hub/negotiate ?negotiateVersion=1  
                                                     Responded with [200] in 33ms
2020-05-05T21:38:41.5855376-03:00 [INF] (AutoWrapper.AutoWrapperMiddleware) Source:[::1] 
                                                     Request: GET https localhost:5001/api/v1/app-configuration   
                                                     Responded with [200] in 205ms
2020-05-05T21:39:11.4189970-03:00 [INF] (AutoWrapper.AutoWrapperMiddleware) Source:[::1] 
                                                     Request: OPTIONS https localhost:5001/api/v1/execution-status-hub/negotiate ?negotiateVersion=1  
                                                     Responded with [204] in 4ms
2020-05-05T21:39:11.4256837-03:00 [INF] (AutoWrapper.AutoWrapperMiddleware) Source:[::1] 
                                                     Request: POST https localhost:5001/api/v1/execution-status-hub/negotiate ?negotiateVersion=1  
                                                     Responded with [200] in 1ms
2020-05-05T21:39:49.7878755-03:00 [INF] (AutoWrapper.AutoWrapperMiddleware) Source:[::1] 
                                                     Request: GET https localhost:5001/api/v1/app-configuration   
                                                     Responded with [200] in 6ms
2020-05-05T21:39:50.9473418-03:00 [INF] (AutoWrapper.AutoWrapperMiddleware) Source:[::1] 
                                                     Request: OPTIONS https localhost:5001/api/v1/execution-status-hub/negotiate ?negotiateVersion=1  
                                                     Responded with [204] in 2ms
2020-05-05T21:39:50.9550851-03:00 [INF] (AutoWrapper.AutoWrapperMiddleware) Source:[::1] 
                                                     Request: POST https localhost:5001/api/v1/execution-status-hub/negotiate ?negotiateVersion=1  
                                                     Responded with [200] in 2ms
2020-05-05T21:39:53.4889165-03:00 [INF] (AutoWrapper.AutoWrapperMiddleware) Source:[::1] 
                                                     Request: GET https localhost:5001/api/v1/app-configuration   
                                                     Responded with [200] in 5ms
2020-05-05T21:43:13.2344129-03:00 [INF] (AutoWrapper.AutoWrapperMiddleware) Source:[::1] 
                                                     Request: OPTIONS https localhost:5001/api/v1/execution-status-hub/negotiate ?negotiateVersion=1  
                                                     Responded with [204] in 3ms
2020-05-05T21:43:13.2426880-03:00 [INF] (AutoWrapper.AutoWrapperMiddleware) Source:[::1] 
                                                     Request: POST https localhost:5001/api/v1/execution-status-hub/negotiate ?negotiateVersion=1  
                                                     Responded with [200] in 1ms
2020-05-05T21:43:13.4924839-03:00 [INF] (AutoWrapper.AutoWrapperMiddleware) Source:[::1] 
                                                     Request: GET https localhost:5001/api/v1/app-configuration   
                                                     Responded with [200] in 4ms
2020-05-05T21:43:25.9084904-03:00 [INF] (buying_order_server.Program) Starting web host
2020-05-05T21:43:29.8771264-03:00 [INF] (AutoWrapper.AutoWrapperMiddleware) Source:[::1] 
                                                     Request: OPTIONS https localhost:5001/api/v1/execution-status-hub/negotiate ?negotiateVersion=1  
                                                     Responded with [204] in 142ms
2020-05-05T21:43:29.9234268-03:00 [INF] (AutoWrapper.AutoWrapperMiddleware) Source:[::1] 
                                                     Request: POST https localhost:5001/api/v1/execution-status-hub/negotiate ?negotiateVersion=1  
                                                     Responded with [200] in 32ms
2020-05-05T21:43:30.1882741-03:00 [INF] (AutoWrapper.AutoWrapperMiddleware) Source:[::1] 
                                                     Request: GET https localhost:5001/api/v1/app-configuration   
                                                     Responded with [200] in 206ms
2020-05-05T21:45:29.4144347-03:00 [INF] (buying_order_server.Program) Starting web host
2020-05-05T21:45:34.5129741-03:00 [INF] (AutoWrapper.AutoWrapperMiddleware) Source:[::1] 
                                                     Request: OPTIONS https localhost:5001/api/v1/execution-status-hub/negotiate ?negotiateVersion=1  
                                                     Responded with [204] in 137ms
2020-05-05T21:45:34.5588579-03:00 [INF] (AutoWrapper.AutoWrapperMiddleware) Source:[::1] 
                                                     Request: POST https localhost:5001/api/v1/execution-status-hub/negotiate ?negotiateVersion=1  
                                                     Responded with [200] in 31ms
2020-05-05T21:45:34.8204784-03:00 [INF] (AutoWrapper.AutoWrapperMiddleware) Source:[::1] 
                                                     Request: GET https localhost:5001/api/v1/app-configuration   
                                                     Responded with [200] in 212ms
2020-05-05T21:45:48.5624603-03:00 [INF] (AutoWrapper.AutoWrapperMiddleware) Source:[::1] 
                                                     Request: OPTIONS https localhost:5001/api/v1/execution-status-hub/negotiate ?negotiateVersion=1  
                                                     Responded with [204] in 4ms
2020-05-05T21:45:48.5701604-03:00 [INF] (AutoWrapper.AutoWrapperMiddleware) Source:[::1] 
                                                     Request: POST https localhost:5001/api/v1/execution-status-hub/negotiate ?negotiateVersion=1  
                                                     Responded with [200] in 1ms
2020-05-05T21:47:05.5774089-03:00 [INF] (AutoWrapper.AutoWrapperMiddleware) Source:[::1] 
                                                     Request: GET https localhost:5001/api/v1/app-configuration   
                                                     Responded with [200] in 5ms
2020-05-05T21:48:15.9787751-03:00 [INF] (AutoWrapper.AutoWrapperMiddleware) Source:[::1] 
                                                     Request: OPTIONS https localhost:5001/api/v1/execution-status-hub/negotiate ?negotiateVersion=1  
                                                     Responded with [204] in 3ms
2020-05-05T21:48:15.9852958-03:00 [INF] (AutoWrapper.AutoWrapperMiddleware) Source:[::1] 
                                                     Request: POST https localhost:5001/api/v1/execution-status-hub/negotiate ?negotiateVersion=1  
                                                     Responded with [200] in 0ms
2020-05-05T21:48:19.2693603-03:00 [INF] (AutoWrapper.AutoWrapperMiddleware) Source:[::1] 
                                                     Request: POST https localhost:5001/api/v1/execution-status-hub/negotiate ?negotiateVersion=1  
                                                     Responded with [200] in 1ms
2020-05-05T21:48:19.7583085-03:00 [INF] (AutoWrapper.AutoWrapperMiddleware) Source:[::1] 
                                                     Request: GET https localhost:5001/api/v1/app-configuration   
                                                     Responded with [200] in 5ms
2020-05-05T21:50:02.6053045-03:00 [INF] (buying_order_server.Program) Starting web host
2020-05-05T21:50:07.2435048-03:00 [INF] (AutoWrapper.AutoWrapperMiddleware) Source:[::1] 
                                                     Request: OPTIONS https localhost:5001/api/v1/execution-status-hub/negotiate ?negotiateVersion=1  
                                                     Responded with [204] in 152ms
2020-05-05T21:50:07.2873038-03:00 [INF] (AutoWrapper.AutoWrapperMiddleware) Source:[::1] 
                                                     Request: POST https localhost:5001/api/v1/execution-status-hub/negotiate ?negotiateVersion=1  
                                                     Responded with [200] in 30ms
2020-05-05T21:50:07.7191244-03:00 [INF] (AutoWrapper.AutoWrapperMiddleware) Source:[::1] 
                                                     Request: GET https localhost:5001/api/v1/app-configuration   
                                                     Responded with [200] in 206ms
2020-05-05T21:50:19.2476713-03:00 [INF] (AutoWrapper.AutoWrapperMiddleware) Source:[::1] 
                                                     Request: OPTIONS https localhost:5001/api/v1/execution-status-hub/negotiate ?negotiateVersion=1  
                                                     Responded with [204] in 3ms
2020-05-05T21:50:19.2535046-03:00 [INF] (AutoWrapper.AutoWrapperMiddleware) Source:[::1] 
                                                     Request: POST https localhost:5001/api/v1/execution-status-hub/negotiate ?negotiateVersion=1  
                                                     Responded with [200] in 1ms
2020-05-05T21:50:19.7091091-03:00 [INF] (AutoWrapper.AutoWrapperMiddleware) Source:[::1] 
                                                     Request: GET https localhost:5001/api/v1/app-configuration   
                                                     Responded with [200] in 7ms
2020-05-05T21:50:23.6876116-03:00 [INF] (AutoWrapper.AutoWrapperMiddleware) Source:[::1] 
                                                     Request: POST https localhost:5001/api/v1/execution-status-hub/negotiate ?negotiateVersion=1  
                                                     Responded with [200] in 1ms
2020-05-05T21:50:24.1043564-03:00 [INF] (AutoWrapper.AutoWrapperMiddleware) Source:[::1] 
                                                     Request: GET https localhost:5001/api/v1/app-configuration   
                                                     Responded with [200] in 7ms
2020-05-05T21:52:29.0737304-03:00 [INF] (buying_order_server.Program) Starting web host
2020-05-05T21:52:34.6168363-03:00 [INF] (buying_order_server.Program) Starting web host
2020-05-05T21:52:56.0045513-03:00 [INF] (AutoWrapper.AutoWrapperMiddleware) Source:[::1] 
                                                     Request: OPTIONS https localhost:5001/api/v1/execution-status-hub/negotiate ?negotiateVersion=1  
                                                     Responded with [204] in 172ms
2020-05-05T21:52:56.0572687-03:00 [INF] (AutoWrapper.AutoWrapperMiddleware) Source:[::1] 
                                                     Request: POST https localhost:5001/api/v1/execution-status-hub/negotiate ?negotiateVersion=1  
                                                     Responded with [200] in 35ms
2020-05-05T21:52:56.5030629-03:00 [INF] (AutoWrapper.AutoWrapperMiddleware) Source:[::1] 
                                                     Request: GET https localhost:5001/api/v1/app-configuration   
                                                     Responded with [200] in 211ms
2020-05-05T21:53:10.9171670-03:00 [INF] (AutoWrapper.AutoWrapperMiddleware) Source:[::1] 
                                                     Request: OPTIONS https localhost:5001/api/v1/execution-status-hub/negotiate ?negotiateVersion=1  
                                                     Responded with [204] in 3ms
2020-05-05T21:53:10.9235499-03:00 [INF] (AutoWrapper.AutoWrapperMiddleware) Source:[::1] 
                                                     Request: POST https localhost:5001/api/v1/execution-status-hub/negotiate ?negotiateVersion=1  
                                                     Responded with [200] in 1ms
2020-05-05T21:53:37.6988431-03:00 [INF] (AutoWrapper.AutoWrapperMiddleware) Source:[::1] 
                                                     Request: GET https localhost:5001/api/v1/app-configuration   
                                                     Responded with [200] in 6ms
2020-05-05T21:57:06.7826185-03:00 [INF] (AutoWrapper.AutoWrapperMiddleware) Source:[::1] 
                                                     Request: OPTIONS https localhost:5001/api/v1/execution-status-hub/negotiate ?negotiateVersion=1  
                                                     Responded with [204] in 3ms
2020-05-05T21:57:06.7919358-03:00 [INF] (AutoWrapper.AutoWrapperMiddleware) Source:[::1] 
                                                     Request: POST https localhost:5001/api/v1/execution-status-hub/negotiate ?negotiateVersion=1  
                                                     Responded with [200] in 2ms
2020-05-05T21:57:12.3579289-03:00 [INF] (AutoWrapper.AutoWrapperMiddleware) Source:[::1] 
                                                     Request: GET https localhost:5001/api/v1/app-configuration   
                                                     Responded with [200] in 5ms
2020-05-05T21:57:25.4265144-03:00 [INF] (AutoWrapper.AutoWrapperMiddleware) Source:[::1] 
                                                     Request: OPTIONS https localhost:5001/api/v1/execution-status-hub/negotiate ?negotiateVersion=1  
                                                     Responded with [204] in 2ms
2020-05-05T21:57:25.4321749-03:00 [INF] (AutoWrapper.AutoWrapperMiddleware) Source:[::1] 
                                                     Request: POST https localhost:5001/api/v1/execution-status-hub/negotiate ?negotiateVersion=1  
                                                     Responded with [200] in 1ms
2020-05-05T21:57:34.3170628-03:00 [INF] (AutoWrapper.AutoWrapperMiddleware) Source:[::1] 
                                                     Request: GET https localhost:5001/api/v1/app-configuration   
                                                     Responded with [200] in 4ms
2020-05-05T21:57:47.7528803-03:00 [INF] (AutoWrapper.AutoWrapperMiddleware) Source:[::1] 
                                                     Request: OPTIONS https localhost:5001/api/v1/execution-status-hub/negotiate ?negotiateVersion=1  
                                                     Responded with [204] in 2ms
2020-05-05T21:57:47.7594965-03:00 [INF] (AutoWrapper.AutoWrapperMiddleware) Source:[::1] 
                                                     Request: POST https localhost:5001/api/v1/execution-status-hub/negotiate ?negotiateVersion=1  
                                                     Responded with [200] in 1ms
2020-05-05T21:59:18.5541000-03:00 [INF] (AutoWrapper.AutoWrapperMiddleware) Source:[::1] 
                                                     Request: GET https localhost:5001/api/v1/app-configuration   
                                                     Responded with [200] in 4ms
2020-05-05T22:06:23.1276920-03:00 [INF] (buying_order_server.Program) Starting web host
2020-05-05T22:06:26.9502707-03:00 [INF] (AutoWrapper.AutoWrapperMiddleware) Source:[::1] 
                                                     Request: OPTIONS https localhost:5001/api/v1/execution-status-hub/negotiate ?negotiateVersion=1  
                                                     Responded with [204] in 152ms
2020-05-05T22:06:27.0040641-03:00 [INF] (AutoWrapper.AutoWrapperMiddleware) Source:[::1] 
                                                     Request: POST https localhost:5001/api/v1/execution-status-hub/negotiate ?negotiateVersion=1  
                                                     Responded with [200] in 38ms
2020-05-05T22:06:27.4486395-03:00 [INF] (AutoWrapper.AutoWrapperMiddleware) Source:[::1] 
                                                     Request: GET https localhost:5001/api/v1/app-configuration   
                                                     Responded with [200] in 206ms
2020-05-05T22:07:52.8847581-03:00 [INF] (buying_order_server.Program) Starting web host
2020-05-05T22:08:23.2632506-03:00 [INF] (AutoWrapper.AutoWrapperMiddleware) Source:[::1] 
                                                     Request: OPTIONS https localhost:5001/hub/v1/execution-status-hub/negotiate ?negotiateVersion=1  
                                                     Responded with [500] in 116ms
2020-05-05T22:08:23.8146721-03:00 [INF] (AutoWrapper.AutoWrapperMiddleware) Source:[::1] 
                                                     Request: GET https localhost:5001/api/v1/app-configuration   
                                                     Responded with [500] in 250ms
2020-05-05T22:08:43.1699988-03:00 [INF] (AutoWrapper.AutoWrapperMiddleware) Source:[::1] 
                                                     Request: OPTIONS https localhost:5001/hub/v1/execution-status/negotiate ?negotiateVersion=1  
                                                     Responded with [500] in 4ms
2020-05-05T22:08:43.6335708-03:00 [INF] (AutoWrapper.AutoWrapperMiddleware) Source:[::1] 
                                                     Request: GET https localhost:5001/api/v1/app-configuration   
                                                     Responded with [500] in 11ms
2020-05-05T22:09:05.8140428-03:00 [INF] (buying_order_server.Program) Starting web host
2020-05-05T22:09:09.5330268-03:00 [INF] (AutoWrapper.AutoWrapperMiddleware) Source:[::1] 
                                                     Request: OPTIONS https localhost:5001/hub/v1/execution-status/negotiate ?negotiateVersion=1  
                                                     Responded with [204] in 118ms
2020-05-05T22:09:09.5770462-03:00 [INF] (AutoWrapper.AutoWrapperMiddleware) Source:[::1] 
                                                     Request: POST https localhost:5001/hub/v1/execution-status/negotiate ?negotiateVersion=1  
                                                     Responded with [200] in 30ms
2020-05-05T22:09:10.0498825-03:00 [INF] (AutoWrapper.AutoWrapperMiddleware) Source:[::1] 
                                                     Request: GET https localhost:5001/api/v1/app-configuration   
                                                     Responded with [200] in 224ms
2020-05-05T22:09:38.6214104-03:00 [INF] (buying_order_server.Program) Starting web host
2020-05-05T22:09:42.3176331-03:00 [INF] (AutoWrapper.AutoWrapperMiddleware) Source:[::1] 
                                                     Request: OPTIONS https localhost:5001/hub/v1/execution-status/negotiate ?negotiateVersion=1  
                                                     Responded with [204] in 122ms
2020-05-05T22:09:42.3611363-03:00 [INF] (AutoWrapper.AutoWrapperMiddleware) Source:[::1] 
                                                     Request: POST https localhost:5001/hub/v1/execution-status/negotiate ?negotiateVersion=1  
                                                     Responded with [200] in 30ms
2020-05-05T22:09:42.8319560-03:00 [INF] (AutoWrapper.AutoWrapperMiddleware) Source:[::1] 
                                                     Request: GET https localhost:5001/api/v1/app-configuration   
                                                     Responded with [200] in 219ms
2020-05-05T22:11:15.0522906-03:00 [INF] (buying_order_server.Program) Starting web host
2020-05-05T22:11:18.8509376-03:00 [INF] (AutoWrapper.AutoWrapperMiddleware) Source:[::1] 
                                                     Request: OPTIONS https localhost:5001/hub/v1/execution-status/negotiate ?negotiateVersion=1  
                                                     Responded with [204] in 119ms
2020-05-05T22:11:18.8947559-03:00 [INF] (AutoWrapper.AutoWrapperMiddleware) Source:[::1] 
                                                     Request: POST https localhost:5001/hub/v1/execution-status/negotiate ?negotiateVersion=1  
                                                     Responded with [200] in 30ms
2020-05-05T22:11:19.3741017-03:00 [INF] (AutoWrapper.AutoWrapperMiddleware) Source:[::1] 
                                                     Request: GET https localhost:5001/api/v1/app-configuration   
                                                     Responded with [200] in 220ms
2020-05-05T22:19:22.7772941-03:00 [INF] (buying_order_server.Program) Starting web host
2020-05-05T22:19:26.4465274-03:00 [INF] (AutoWrapper.AutoWrapperMiddleware) Source:[::1] 
                                                     Request: OPTIONS https localhost:5001/api/v1/execution-status/negotiate ?negotiateVersion=1  
                                                     Responded with [204] in 138ms
2020-05-05T22:19:26.4972315-03:00 [INF] (AutoWrapper.AutoWrapperMiddleware) Source:[::1] 
                                                     Request: POST https localhost:5001/api/v1/execution-status/negotiate ?negotiateVersion=1  
                                                     Responded with [200] in 36ms
2020-05-05T22:19:26.7588732-03:00 [INF] (AutoWrapper.AutoWrapperMiddleware) Source:[::1] 
                                                     Request: GET https localhost:5001/api/v1/app-configuration   
                                                     Responded with [200] in 211ms
2020-05-05T22:20:26.0135611-03:00 [INF] (AutoWrapper.AutoWrapperMiddleware) Source:[::1] 
                                                     Request: OPTIONS https localhost:5001/api/v1/execution-status/negotiate ?negotiateVersion=1  
                                                     Responded with [204] in 2ms
2020-05-05T22:20:26.0199805-03:00 [INF] (AutoWrapper.AutoWrapperMiddleware) Source:[::1] 
                                                     Request: POST https localhost:5001/api/v1/execution-status/negotiate ?negotiateVersion=1  
                                                     Responded with [200] in 1ms
2020-05-05T22:20:26.4800631-03:00 [INF] (AutoWrapper.AutoWrapperMiddleware) Source:[::1] 
                                                     Request: GET https localhost:5001/api/v1/app-configuration   
                                                     Responded with [200] in 6ms
2020-05-05T22:20:38.7490576-03:00 [INF] (AutoWrapper.AutoWrapperMiddleware) Source:[::1] 
                                                     Request: OPTIONS https localhost:5001/hub/v1/execution-status/negotiate ?negotiateVersion=1  
                                                     Responded with [204] in 2ms
2020-05-05T22:20:38.7676701-03:00 [INF] (AutoWrapper.AutoWrapperMiddleware) Source:[::1] 
                                                     Request: POST https localhost:5001/hub/v1/execution-status/negotiate ?negotiateVersion=1  
                                                     Responded with [404] in 13ms
2020-05-05T22:20:39.2164615-03:00 [INF] (AutoWrapper.AutoWrapperMiddleware) Source:[::1] 
                                                     Request: GET https localhost:5001/api/v1/app-configuration   
                                                     Responded with [200] in 6ms
2020-05-05T22:20:48.7591933-03:00 [INF] (buying_order_server.Program) Starting web host
2020-05-05T22:21:18.9555413-03:00 [INF] (AutoWrapper.AutoWrapperMiddleware) Source:[::1] 
                                                     Request: OPTIONS https localhost:5001/hub/v1/execution-status/negotiate ?negotiateVersion=1  
                                                     Responded with [204] in 123ms
2020-05-05T22:21:18.9980636-03:00 [INF] (AutoWrapper.AutoWrapperMiddleware) Source:[::1] 
                                                     Request: POST https localhost:5001/hub/v1/execution-status/negotiate ?negotiateVersion=1  
                                                     Responded with [200] in 29ms
2020-05-05T22:21:19.4688845-03:00 [INF] (AutoWrapper.AutoWrapperMiddleware) Source:[::1] 
                                                     Request: GET https localhost:5001/api/v1/app-configuration   
                                                     Responded with [200] in 222ms
2020-05-05T22:21:30.6709369-03:00 [INF] (AutoWrapper.AutoWrapperMiddleware) Source:[::1] 
                                                     Request: OPTIONS https localhost:5001/hub/v1/execution-status/negotiate ?negotiateVersion=1  
                                                     Responded with [204] in 2ms
2020-05-05T22:21:30.6768775-03:00 [INF] (AutoWrapper.AutoWrapperMiddleware) Source:[::1] 
                                                     Request: POST https localhost:5001/hub/v1/execution-status/negotiate ?negotiateVersion=1  
                                                     Responded with [200] in 1ms
2020-05-05T22:21:30.9133734-03:00 [INF] (AutoWrapper.AutoWrapperMiddleware) Source:[::1] 
                                                     Request: GET https localhost:5001/api/v1/app-configuration   
                                                     Responded with [200] in 6ms
2020-05-05T22:21:54.5332785-03:00 [INF] (AutoWrapper.AutoWrapperMiddleware) Source:[::1] 
                                                     Request: OPTIONS https localhost:5001/hub/v1/execution-status/negotiate ?negotiateVersion=1  
                                                     Responded with [204] in 2ms
2020-05-05T22:21:54.5416864-03:00 [INF] (AutoWrapper.AutoWrapperMiddleware) Source:[::1] 
                                                     Request: POST https localhost:5001/hub/v1/execution-status/negotiate ?negotiateVersion=1  
                                                     Responded with [200] in 2ms
2020-05-05T22:21:54.9555644-03:00 [INF] (AutoWrapper.AutoWrapperMiddleware) Source:[::1] 
                                                     Request: GET https localhost:5001/api/v1/app-configuration   
                                                     Responded with [200] in 5ms
2020-05-05T22:22:07.5845818-03:00 [INF] (AutoWrapper.AutoWrapperMiddleware) Source:[::1] 
                                                     Request: OPTIONS https localhost:5001/hub/v1/execution-status/negotiate ?negotiateVersion=1  
                                                     Responded with [204] in 2ms
2020-05-05T22:22:07.5936529-03:00 [INF] (AutoWrapper.AutoWrapperMiddleware) Source:[::1] 
                                                     Request: POST https localhost:5001/hub/v1/execution-status/negotiate ?negotiateVersion=1  
                                                     Responded with [200] in 1ms
2020-05-05T22:22:08.0376468-03:00 [INF] (AutoWrapper.AutoWrapperMiddleware) Source:[::1] 
                                                     Request: GET https localhost:5001/api/v1/app-configuration   
                                                     Responded with [200] in 5ms
2020-05-05T22:22:41.9832377-03:00 [INF] (AutoWrapper.AutoWrapperMiddleware) Source:[::1] 
                                                     Request: OPTIONS https localhost:5001/hub/v1/execution-status/negotiate ?negotiateVersion=1  
                                                     Responded with [204] in 2ms
2020-05-05T22:22:41.9894658-03:00 [INF] (AutoWrapper.AutoWrapperMiddleware) Source:[::1] 
                                                     Request: POST https localhost:5001/hub/v1/execution-status/negotiate ?negotiateVersion=1  
                                                     Responded with [200] in 1ms
2020-05-05T22:22:42.4103428-03:00 [INF] (AutoWrapper.AutoWrapperMiddleware) Source:[::1] 
                                                     Request: GET https localhost:5001/api/v1/app-configuration   
                                                     Responded with [200] in 6ms
2020-05-05T22:24:16.1338727-03:00 [INF] (buying_order_server.Program) Starting web host
2020-05-05T22:24:20.1820173-03:00 [INF] (AutoWrapper.AutoWrapperMiddleware) Source:[::1] 
                                                     Request: OPTIONS https localhost:5001/hub/v1/execution-status/negotiate ?negotiateVersion=1  
                                                     Responded with [204] in 132ms
2020-05-05T22:24:20.2251330-03:00 [INF] (AutoWrapper.AutoWrapperMiddleware) Source:[::1] 
                                                     Request: POST https localhost:5001/hub/v1/execution-status/negotiate ?negotiateVersion=1  
                                                     Responded with [200] in 29ms
2020-05-05T22:24:20.6900332-03:00 [INF] (AutoWrapper.AutoWrapperMiddleware) Source:[::1] 
                                                     Request: GET https localhost:5001/api/v1/app-configuration   
                                                     Responded with [200] in 219ms
2020-05-05T22:25:53.0847889-03:00 [INF] (buying_order_server.Program) Starting web host
2020-05-05T22:25:59.1671334-03:00 [INF] (buying_order_server.API.v1.AppExecutionStatusHub) @@@@@@@@@@@@@@@@@@@@@@@@@@@@@@@@@@@@@@@@@@@@@@@@@@@@@@@@@@@@@@@@@@@@@@@@@@@@@@@@CRRRIOUUUUUUUUUUUUUUUO!!!!!!!!!
2020-05-05T22:25:59.2115027-03:00 [INF] (AutoWrapper.AutoWrapperMiddleware) Source:[::1] 
                                                     Request: GET https localhost:5001/api/v1/app-configuration   
                                                     Responded with [404] in 268ms
2020-05-05T22:26:47.1456007-03:00 [INF] (buying_order_server.Program) Starting web host
2020-05-05T22:27:29.4386563-03:00 [INF] (buying_order_server.Program) Starting web host
2020-05-05T22:27:33.8160528-03:00 [INF] (AutoWrapper.AutoWrapperMiddleware) Source:[::1] 
                                                     Request: OPTIONS https localhost:5001/hub/v1/execution-status/negotiate ?negotiateVersion=1  
                                                     Responded with [204] in 144ms
2020-05-05T22:27:33.8726934-03:00 [INF] (AutoWrapper.AutoWrapperMiddleware) Source:[::1] 
                                                     Request: POST https localhost:5001/hub/v1/execution-status/negotiate ?negotiateVersion=1  
                                                     Responded with [200] in 40ms
2020-05-05T22:27:34.3604128-03:00 [INF] (AutoWrapper.AutoWrapperMiddleware) Source:[::1] 
                                                     Request: GET https localhost:5001/api/v1/app-configuration   
                                                     Responded with [200] in 221ms
2020-05-05T22:30:26.8330546-03:00 [INF] (buying_order_server.Program) Starting web host
2020-05-05T22:30:31.5383724-03:00 [INF] (AutoWrapper.AutoWrapperMiddleware) Source:[::1] 
                                                     Request: OPTIONS https localhost:5001/hub/v1/execution-status/negotiate ?negotiateVersion=1  
                                                     Responded with [204] in 118ms
2020-05-05T22:30:31.5827056-03:00 [INF] (AutoWrapper.AutoWrapperMiddleware) Source:[::1] 
                                                     Request: POST https localhost:5001/hub/v1/execution-status/negotiate ?negotiateVersion=1  
                                                     Responded with [200] in 30ms
2020-05-05T22:30:32.0598716-03:00 [INF] (AutoWrapper.AutoWrapperMiddleware) Source:[::1] 
                                                     Request: GET https localhost:5001/api/v1/app-configuration   
                                                     Responded with [200] in 224ms
2020-05-05T22:38:17.6548083-03:00 [INF] (buying_order_server.Program) Starting web host
2020-05-05T22:38:21.4903677-03:00 [INF] (buying_order_server.API.v1.AppExecutionStatusHub) @@@@@@@@@@@@@@@@@@@@@@@@@@@@@@@@@@@@@@@@@@@@@@@@@@@@@@@@@@@@@@@@@@@@@@@@@@@@@@@@CRRRIOUUUUUUUUUUUUUUUO!!!!!!!!!
2020-05-05T22:39:04.6838807-03:00 [INF] (buying_order_server.Program) Starting web host
2020-05-05T22:39:05.8004793-03:00 [INF] (AutoWrapper.AutoWrapperMiddleware) Source:[127.0.0.1] 
                                                     Request: OPTIONS https localhost:5001/hub/v1/execution-status/negotiate ?negotiateVersion=1  
                                                     Responded with [204] in 212ms
2020-05-05T22:39:05.8677015-03:00 [INF] (AutoWrapper.AutoWrapperMiddleware) Source:[::1] 
                                                     Request: POST https localhost:5001/hub/v1/execution-status/negotiate ?negotiateVersion=1  
                                                     Responded with [200] in 48ms
2020-05-05T22:39:07.8812083-03:00 [INF] (AutoWrapper.AutoWrapperMiddleware) Source:[::1] 
                                                     Request: POST https localhost:5001/hub/v1/execution-status/negotiate ?negotiateVersion=1  
                                                     Responded with [200] in 2ms
2020-05-05T22:39:09.8947465-03:00 [INF] (AutoWrapper.AutoWrapperMiddleware) Source:[::1] 
                                                     Request: POST https localhost:5001/hub/v1/execution-status/negotiate ?negotiateVersion=1  
                                                     Responded with [200] in 3ms
2020-05-05T22:39:11.0259993-03:00 [INF] (AutoWrapper.AutoWrapperMiddleware) Source:[127.0.0.1] 
                                                     Request: OPTIONS https localhost:5001/hub/v1/execution-status/negotiate ?negotiateVersion=1  
                                                     Responded with [204] in 3ms
2020-05-05T22:39:11.0351967-03:00 [INF] (AutoWrapper.AutoWrapperMiddleware) Source:[::1] 
                                                     Request: POST https localhost:5001/hub/v1/execution-status/negotiate ?negotiateVersion=1  
                                                     Responded with [200] in 2ms
2020-05-05T22:39:11.6588610-03:00 [INF] (AutoWrapper.AutoWrapperMiddleware) Source:[127.0.0.1] 
                                                     Request: GET https localhost:5001/api/v1/app-configuration   
                                                     Responded with [200] in 217ms
2020-05-05T22:39:30.1226442-03:00 [INF] (buying_order_server.Program) Starting web host
2020-05-05T22:39:33.9329176-03:00 [INF] (AutoWrapper.AutoWrapperMiddleware) Source:[::1] 
                                                     Request: OPTIONS https localhost:5001/hub/v1/execution-status/negotiate ?negotiateVersion=1  
                                                     Responded with [204] in 142ms
2020-05-05T22:39:33.9878896-03:00 [INF] (AutoWrapper.AutoWrapperMiddleware) Source:[::1] 
                                                     Request: POST https localhost:5001/hub/v1/execution-status/negotiate ?negotiateVersion=1  
                                                     Responded with [200] in 38ms
2020-05-05T22:39:34.5083216-03:00 [INF] (AutoWrapper.AutoWrapperMiddleware) Source:[::1] 
                                                     Request: GET https localhost:5001/api/v1/app-configuration   
                                                     Responded with [200] in 226ms
2020-05-05T22:42:03.6144836-03:00 [INF] (buying_order_server.Program) Starting web host
2020-05-05T22:42:06.9243130-03:00 [INF] (AutoWrapper.AutoWrapperMiddleware) Source:[::1] 
                                                     Request: OPTIONS https localhost:5001/hub/v1/execution-status/negotiate ?negotiateVersion=1  
                                                     Responded with [204] in 135ms
2020-05-05T22:42:06.9677557-03:00 [INF] (AutoWrapper.AutoWrapperMiddleware) Source:[::1] 
                                                     Request: POST https localhost:5001/hub/v1/execution-status/negotiate ?negotiateVersion=1  
                                                     Responded with [200] in 29ms
2020-05-05T22:42:07.4255890-03:00 [INF] (AutoWrapper.AutoWrapperMiddleware) Source:[::1] 
                                                     Request: GET https localhost:5001/api/v1/app-configuration   
                                                     Responded with [200] in 221ms
2020-05-05T22:43:24.3278275-03:00 [INF] (buying_order_server.Program) Starting web host
2020-05-05T22:43:57.1849470-03:00 [INF] (buying_order_server.Program) Starting web host
2020-05-05T22:44:01.9464475-03:00 [INF] (buying_order_server.API.v1.AppExecutionStatusHub) @@@@@@@@@@@@@@@@@@@@@@@@@@@@@@@@@@@@@@@@@@@@@@@@@@@@@@@@@@@@@@@@@@@@@@@@@@@@@@@@CRRRIOUUUUUUUUUUUUUUUO!!!!!!!!!
2020-05-05T22:44:19.3833776-03:00 [INF] (buying_order_server.Program) Starting web host
2020-05-05T22:44:22.4238218-03:00 [INF] (buying_order_server.API.v1.AppExecutionStatusHub) @@@@@@@@@@@@@@@@@@@@@@@@@@@@@@@@@@@@@@@@@@@@@@@@@@@@@@@@@@@@@@@@@@@@@@@@@@@@@@@@CRRRIOUUUUUUUUUUUUUUUO!!!!!!!!!
2020-05-05T22:44:23.2325172-03:00 [INF] (buying_order_server.API.v1.AppExecutionStatusHub) @@@@@@@@@@@@@@@@@@@@@@@@@@@@@@@@@@@@@@@@@@@@@@@@@@@@@@@@@@@@@@@@@@@@@@@@@@@@@@@@CRRRIOUUUUUUUUUUUUUUUO!!!!!!!!!
2020-05-05T22:44:24.2455533-03:00 [INF] (buying_order_server.API.v1.AppExecutionStatusHub) @@@@@@@@@@@@@@@@@@@@@@@@@@@@@@@@@@@@@@@@@@@@@@@@@@@@@@@@@@@@@@@@@@@@@@@@@@@@@@@@CRRRIOUUUUUUUUUUUUUUUO!!!!!!!!!
2020-05-05T22:44:24.3378266-03:00 [INF] (AutoWrapper.AutoWrapperMiddleware) Source:[127.0.0.1] 
                                                     Request: GET https localhost:5001/api/v1/app-configuration   
                                                     Responded with [404] in 283ms
2020-05-05T22:45:46.9776062-03:00 [INF] (buying_order_server.Program) Starting web host
2020-05-05T22:45:49.8976810-03:00 [INF] (buying_order_server.API.v1.AppExecutionStatusHub) @@@@@@@@@@@@@@@@@@@@@@@@@@@@@@@@@@@@@@@@@@@@@@@@@@@@@@@@@@@@@@@@@@@@@@@@@@@@@@@@CRRRIOUUUUUUUUUUUUUUUO!!!!!!!!!
2020-05-05T22:45:50.6297171-03:00 [INF] (buying_order_server.API.v1.AppExecutionStatusHub) @@@@@@@@@@@@@@@@@@@@@@@@@@@@@@@@@@@@@@@@@@@@@@@@@@@@@@@@@@@@@@@@@@@@@@@@@@@@@@@@CRRRIOUUUUUUUUUUUUUUUO!!!!!!!!!
2020-05-05T22:45:51.6644291-03:00 [INF] (buying_order_server.API.v1.AppExecutionStatusHub) @@@@@@@@@@@@@@@@@@@@@@@@@@@@@@@@@@@@@@@@@@@@@@@@@@@@@@@@@@@@@@@@@@@@@@@@@@@@@@@@CRRRIOUUUUUUUUUUUUUUUO!!!!!!!!!
2020-05-05T22:48:29.1877286-03:00 [INF] (buying_order_server.Program) Starting web host
2020-05-05T22:48:32.2921491-03:00 [INF] (buying_order_server.API.v1.AppExecutionStatusHub) @@@@@@@@@@@@@@@@@@@@@@@@@@@@@@@@@@@@@@@@@@@@@@@@@@@@@@@@@@@@@@@@@@@@@@@@@@@@@@@@CRRRIOUUUUUUUUUUUUUUUO!!!!!!!!!
2020-05-05T22:48:32.7492193-03:00 [INF] (AutoWrapper.AutoWrapperMiddleware) Source:[::1] 
                                                     Request: GET https localhost:5001/api/v1/app-configuration   
                                                     Responded with [404] in 265ms
2020-05-05T22:48:55.0394571-03:00 [INF] (buying_order_server.Program) Starting web host
2020-05-05T22:48:56.1280106-03:00 [INF] (AutoWrapper.AutoWrapperMiddleware) Source:[127.0.0.1] 
                                                     Request: OPTIONS https localhost:5001/hub/v1/execution-status/negotiate ?negotiateVersion=1  
                                                     Responded with [204] in 229ms
2020-05-05T22:48:56.2034441-03:00 [INF] (AutoWrapper.AutoWrapperMiddleware) Source:[::1] 
                                                     Request: POST https localhost:5001/hub/v1/execution-status/negotiate ?negotiateVersion=1  
                                                     Responded with [200] in 53ms
2020-05-05T22:48:56.2398542-03:00 [INF] (AutoWrapper.AutoWrapperMiddleware) Source:[::1] 
                                                     Request: GET https localhost:5001/healthcheck   
                                                     Responded with [200] in 297ms
2020-05-05T22:48:58.2189909-03:00 [INF] (AutoWrapper.AutoWrapperMiddleware) Source:[::1] 
                                                     Request: POST https localhost:5001/hub/v1/execution-status/negotiate ?negotiateVersion=1  
                                                     Responded with [200] in 4ms
2020-05-05T22:49:00.2301002-03:00 [INF] (AutoWrapper.AutoWrapperMiddleware) Source:[::1] 
                                                     Request: POST https localhost:5001/hub/v1/execution-status/negotiate ?negotiateVersion=1  
                                                     Responded with [200] in 2ms
2020-05-05T22:49:02.2418405-03:00 [INF] (AutoWrapper.AutoWrapperMiddleware) Source:[127.0.0.1] 
                                                     Request: OPTIONS https localhost:5001/hub/v1/execution-status/negotiate ?negotiateVersion=1  
                                                     Responded with [204] in 3ms
2020-05-05T22:49:02.2510898-03:00 [INF] (AutoWrapper.AutoWrapperMiddleware) Source:[::1] 
                                                     Request: POST https localhost:5001/hub/v1/execution-status/negotiate ?negotiateVersion=1  
                                                     Responded with [200] in 0ms
2020-05-05T22:49:04.2626278-03:00 [INF] (AutoWrapper.AutoWrapperMiddleware) Source:[::1] 
                                                     Request: POST https localhost:5001/hub/v1/execution-status/negotiate ?negotiateVersion=1  
                                                     Responded with [200] in 2ms
2020-05-05T22:49:06.2755518-03:00 [INF] (AutoWrapper.AutoWrapperMiddleware) Source:[::1] 
                                                     Request: POST https localhost:5001/hub/v1/execution-status/negotiate ?negotiateVersion=1  
                                                     Responded with [200] in 3ms
2020-05-05T22:49:06.6321352-03:00 [INF] (AutoWrapper.AutoWrapperMiddleware) Source:[::1] 
                                                     Request: GET https localhost:5001/healthcheck   
                                                     Responded with [200] in 146ms
2020-05-05T22:49:06.6383017-03:00 [INF] (HealthChecks.UI.Core.Notifications.WebHookFailureNotifier) Notification is sent on same window time.
2020-05-05T22:49:08.2889539-03:00 [INF] (AutoWrapper.AutoWrapperMiddleware) Source:[127.0.0.1] 
                                                     Request: OPTIONS https localhost:5001/hub/v1/execution-status/negotiate ?negotiateVersion=1  
                                                     Responded with [204] in 3ms
2020-05-05T22:49:08.2973199-03:00 [INF] (AutoWrapper.AutoWrapperMiddleware) Source:[::1] 
                                                     Request: POST https localhost:5001/hub/v1/execution-status/negotiate ?negotiateVersion=1  
                                                     Responded with [200] in 1ms
2020-05-05T22:49:09.6538561-03:00 [INF] (AutoWrapper.AutoWrapperMiddleware) Source:[::1] 
                                                     Request: POST https localhost:5001/hub/v1/execution-status/negotiate ?negotiateVersion=1  
                                                     Responded with [200] in 1ms
2020-05-05T22:49:10.2854413-03:00 [INF] (AutoWrapper.AutoWrapperMiddleware) Source:[127.0.0.1] 
                                                     Request: GET https localhost:5001/api/v1/app-configuration   
                                                     Responded with [200] in 223ms
2020-05-05T22:49:16.7824097-03:00 [INF] (AutoWrapper.AutoWrapperMiddleware) Source:[::1] 
                                                     Request: GET https localhost:5001/healthcheck   
                                                     Responded with [200] in 118ms
2020-05-05T22:49:16.7867682-03:00 [INF] (HealthChecks.UI.Core.Notifications.WebHookFailureNotifier) Notification is sent on same window time.
2020-05-05T22:49:26.9435781-03:00 [INF] (AutoWrapper.AutoWrapperMiddleware) Source:[::1] 
                                                     Request: GET https localhost:5001/healthcheck   
                                                     Responded with [200] in 131ms
2020-05-05T22:49:26.9494732-03:00 [INF] (HealthChecks.UI.Core.Notifications.WebHookFailureNotifier) Notification is sent on same window time.
2020-05-05T22:49:37.1067527-03:00 [INF] (AutoWrapper.AutoWrapperMiddleware) Source:[::1] 
                                                     Request: GET https localhost:5001/healthcheck   
                                                     Responded with [200] in 124ms
2020-05-05T22:49:37.1105079-03:00 [INF] (HealthChecks.UI.Core.Notifications.WebHookFailureNotifier) Notification is sent on same window time.
2020-05-05T22:49:47.2629474-03:00 [INF] (AutoWrapper.AutoWrapperMiddleware) Source:[::1] 
                                                     Request: GET https localhost:5001/healthcheck   
                                                     Responded with [200] in 123ms
2020-05-05T22:49:47.2666704-03:00 [INF] (HealthChecks.UI.Core.Notifications.WebHookFailureNotifier) Notification is sent on same window time.
2020-05-05T22:49:57.4332288-03:00 [INF] (AutoWrapper.AutoWrapperMiddleware) Source:[::1] 
                                                     Request: GET https localhost:5001/healthcheck   
                                                     Responded with [200] in 132ms
2020-05-05T22:50:07.6005085-03:00 [INF] (AutoWrapper.AutoWrapperMiddleware) Source:[::1] 
                                                     Request: GET https localhost:5001/healthcheck   
                                                     Responded with [200] in 125ms
2020-05-05T22:50:07.6044125-03:00 [INF] (HealthChecks.UI.Core.Notifications.WebHookFailureNotifier) Notification is sent on same window time.
2020-05-05T22:50:25.2879360-03:00 [INF] (buying_order_server.Program) Starting web host
2020-05-05T22:50:28.9894471-03:00 [INF] (AutoWrapper.AutoWrapperMiddleware) Source:[::1] 
                                                     Request: POST https localhost:5001/hub/v1/execution-status/negotiate ?negotiateVersion=1  
                                                     Responded with [200] in 102ms
2020-05-05T22:50:29.4878000-03:00 [INF] (AutoWrapper.AutoWrapperMiddleware) Source:[::1] 
                                                     Request: GET https localhost:5001/api/v1/app-configuration   
                                                     Responded with [200] in 206ms
2020-05-05T22:51:09.7223645-03:00 [INF] (buying_order_server.Program) Starting web host
2020-05-05T22:51:13.6233483-03:00 [INF] (AutoWrapper.AutoWrapperMiddleware) Source:[::1] 
                                                     Request: POST https localhost:5001/hub/v1/execution-status/negotiate ?negotiateVersion=1  
                                                     Responded with [200] in 110ms
2020-05-05T22:51:14.1125989-03:00 [INF] (AutoWrapper.AutoWrapperMiddleware) Source:[::1] 
                                                     Request: GET https localhost:5001/api/v1/app-configuration   
                                                     Responded with [200] in 205ms
2020-05-05T22:51:40.1796372-03:00 [INF] (buying_order_server.Program) Starting web host
2020-05-05T22:51:43.5566044-03:00 [INF] (AutoWrapper.AutoWrapperMiddleware) Source:[::1] 
                                                     Request: POST https localhost:5001/hub/v1/execution-status/negotiate ?negotiateVersion=1  
                                                     Responded with [200] in 103ms
2020-05-05T22:51:44.0507868-03:00 [INF] (AutoWrapper.AutoWrapperMiddleware) Source:[::1] 
                                                     Request: GET https localhost:5001/api/v1/app-configuration   
                                                     Responded with [200] in 214ms
2020-05-05T22:53:20.8950879-03:00 [INF] (buying_order_server.Program) Starting web host
2020-05-05T22:53:25.1497622-03:00 [INF] (buying_order_server.API.v1.AppExecutionStatusHub) @@@@@@@@@@@@@@@@@@@@@@@@@@@@@@@@@@@@@@@@@@@@@@@@@@@@@@@@@@@@@@@@@@@@@@@@@@@@@@@@CRRRIOUUUUUUUUUUUUUUUO!!!!!!!!!
2020-05-05T22:53:25.1891986-03:00 [INF] (AutoWrapper.AutoWrapperMiddleware) Source:[::1] 
                                                     Request: GET https localhost:5001/api/v1/app-configuration   
                                                     Responded with [404] in 249ms
2020-05-05T22:53:55.0501526-03:00 [INF] (buying_order_server.Program) Starting web host
2020-05-05T22:53:58.0487803-03:00 [INF] (buying_order_server.API.v1.AppExecutionStatusHub) @@@@@@@@@@@@@@@@@@@@@@@@@@@@@@@@@@@@@@@@@@@@@@@@@@@@@@@@@@@@@@@@@@@@@@@@@@@@@@@@CRRRIOUUUUUUUUUUUUUUUO!!!!!!!!!
2020-05-05T22:53:58.0755132-03:00 [INF] (buying_order_server.API.v1.AppExecutionStatusHub) @@@@@@@@@@@@@@@@@@@@@@@@@@@@@@@@@@@@@@@@@@@@@@@@@@@@@@@@@@@@@@@@@@@@@@@@@@@@@@@@CRRRIOUUUUUUUUUUUUUUUO!!!!!!!!!
2020-05-05T22:53:59.1075030-03:00 [INF] (buying_order_server.API.v1.AppExecutionStatusHub) @@@@@@@@@@@@@@@@@@@@@@@@@@@@@@@@@@@@@@@@@@@@@@@@@@@@@@@@@@@@@@@@@@@@@@@@@@@@@@@@CRRRIOUUUUUUUUUUUUUUUO!!!!!!!!!
2020-05-05T22:53:59.1607811-03:00 [INF] (AutoWrapper.AutoWrapperMiddleware) Source:[127.0.0.1] 
                                                     Request: GET https localhost:5001/api/v1/app-configuration   
                                                     Responded with [404] in 238ms
2020-05-05T22:55:36.3177389-03:00 [INF] (buying_order_server.Program) Starting web host
2020-05-05T22:55:40.1688635-03:00 [INF] (buying_order_server.API.v1.AppExecutionStatusHub) @@@@@@@@@@@@@@@@@@@@@@@@@@@@@@@@@@@@@@@@@@@@@@@@@@@@@@@@@@@@@@@@@@@@@@@@@@@@@@@@CRRRIOUUUUUUUUUUUUUUUO!!!!!!!!!
2020-05-05T22:55:40.2795431-03:00 [INF] (AutoWrapper.AutoWrapperMiddleware) Source:[127.0.0.1] 
                                                     Request: GET https localhost:5001/api/v1/app-configuration   
                                                     Responded with [200] in 316ms
