2020-04-19T22:53:10.0161432-03:00 [FTL] (buying_order_server.Program) Host unexpectedly terminated
Npgsql.PostgresException (0x80004005): 3D000: database "INSPIRE_HOME" does not exist
   at Npgsql.NpgsqlConnector.<>c__DisplayClass161_0.<<ReadMessage>g__ReadMessageLong|0>d.MoveNext()
--- End of stack trace from previous location where exception was thrown ---
   at Npgsql.NpgsqlConnector.<>c__DisplayClass161_0.<<ReadMessage>g__ReadMessageLong|0>d.MoveNext()
--- End of stack trace from previous location where exception was thrown ---
   at Npgsql.NpgsqlConnector.Open(NpgsqlTimeout timeout, Boolean async, CancellationToken cancellationToken)
   at Npgsql.ConnectorPool.AllocateLong(NpgsqlConnection conn, NpgsqlTimeout timeout, Boolean async, CancellationToken cancellationToken)
   at Npgsql.NpgsqlConnection.<>c__DisplayClass32_0.<<Open>g__OpenLong|0>d.MoveNext()
--- End of stack trace from previous location where exception was thrown ---
   at Npgsql.NpgsqlConnection.Open()
   at FluentMigrator.Runner.Processors.GenericProcessorBase.<>c__DisplayClass6_1.<.ctor>b__1()
   at System.Lazy`1.ViaFactory(LazyThreadSafetyMode mode)
   at System.Lazy`1.ExecutionAndPublication(LazyHelper executionAndPublication, Boolean useDefaultConstructor)
   at System.Lazy`1.CreateValue()
   at System.Lazy`1.get_Value()
   at FluentMigrator.Runner.Processors.GenericProcessorBase.get_Connection()
   at FluentMigrator.Runner.Processors.GenericProcessorBase.EnsureConnectionIsOpen()
   at FluentMigrator.Runner.Processors.Postgres.PostgresProcessor.Exists(String template, Object[] args)
   at FluentMigrator.Runner.Processors.Postgres.PostgresProcessor.TableExists(String schemaName, String tableName)
   at FluentMigrator.Runner.VersionLoader.get_AlreadyCreatedVersionTable()
   at FluentMigrator.Runner.VersionLoader.LoadVersionInfo()
   at FluentMigrator.Runner.VersionLoader..ctor(IProcessorAccessor processorAccessor, IConventionSet conventionSet, IMigrationRunnerConventions conventions, IVersionTableMetaData versionTableMetaData, IMigrationRunner runner)
--- End of stack trace from previous location where exception was thrown ---
   at Microsoft.Extensions.DependencyInjection.ActivatorUtilities.ConstructorMatcher.CreateInstance(IServiceProvider provider)
   at Microsoft.Extensions.DependencyInjection.ActivatorUtilities.CreateInstance(IServiceProvider provider, Type instanceType, Object[] parameters)
   at Microsoft.Extensions.DependencyInjection.ActivatorUtilities.CreateInstance[T](IServiceProvider provider, Object[] parameters)
   at Microsoft.Extensions.DependencyInjection.FluentMigratorServiceCollectionExtensions.<>c.<AddFluentMigratorCore>b__0_6(IServiceProvider sp)
   at Microsoft.Extensions.DependencyInjection.ServiceLookup.CallSiteRuntimeResolver.VisitFactory(FactoryCallSite factoryCallSite, RuntimeResolverContext context)
   at Microsoft.Extensions.DependencyInjection.ServiceLookup.CallSiteVisitor`2.VisitCallSiteMain(ServiceCallSite callSite, TArgument argument)
   at Microsoft.Extensions.DependencyInjection.ServiceLookup.CallSiteRuntimeResolver.VisitCache(ServiceCallSite callSite, RuntimeResolverContext context, ServiceProviderEngineScope serviceProviderEngine, RuntimeResolverLock lockType)
   at Microsoft.Extensions.DependencyInjection.ServiceLookup.CallSiteRuntimeResolver.VisitScopeCache(ServiceCallSite singletonCallSite, RuntimeResolverContext context)
   at Microsoft.Extensions.DependencyInjection.ServiceLookup.CallSiteVisitor`2.VisitCallSite(ServiceCallSite callSite, TArgument argument)
   at Microsoft.Extensions.DependencyInjection.ServiceLookup.CallSiteRuntimeResolver.Resolve(ServiceCallSite callSite, ServiceProviderEngineScope scope)
   at Microsoft.Extensions.DependencyInjection.ServiceLookup.DynamicServiceProviderEngine.<>c__DisplayClass1_0.<RealizeService>b__0(ServiceProviderEngineScope scope)
   at Microsoft.Extensions.DependencyInjection.ServiceLookup.ServiceProviderEngine.GetService(Type serviceType, ServiceProviderEngineScope serviceProviderEngineScope)
   at Microsoft.Extensions.DependencyInjection.ServiceLookup.ServiceProviderEngineScope.GetService(Type serviceType)
   at Microsoft.Extensions.DependencyInjection.ServiceProviderServiceExtensions.GetRequiredService(IServiceProvider provider, Type serviceType)
   at Microsoft.Extensions.DependencyInjection.ServiceProviderServiceExtensions.GetRequiredService[T](IServiceProvider provider)
   at System.Lazy`1.ViaFactory(LazyThreadSafetyMode mode)
   at System.Lazy`1.ExecutionAndPublication(LazyHelper executionAndPublication, Boolean useDefaultConstructor)
   at System.Lazy`1.CreateValue()
   at System.Lazy`1.get_Value()
   at FluentMigrator.Runner.MigrationRunner.get_VersionLoader()
   at FluentMigrator.Runner.MigrationRunner.IsMigrationStepNeededForUpMigration(IMigrationInfo migration, Int64 targetVersion)
   at FluentMigrator.Runner.MigrationRunner.<>c__DisplayClass60_0.<GetUpMigrationsToApply>b__0(KeyValuePair`2 pair)
   at System.Linq.Enumerable.WhereSelectEnumerableIterator`2.MoveNext()
   at FluentMigrator.Runner.MigrationRunner.MigrateUp(Int64 targetVersion, Boolean useAutomaticTransactionManagement)
   at FluentMigrator.Runner.MigrationRunner.MigrateUp(Boolean useAutomaticTransactionManagement)
   at FluentMigrator.Runner.MigrationRunner.MigrateUp()
   at buying_order_server.Program.Main(String[] args) in C:\Users\thoma\git\buying-order-server\buying_order_server\Program.cs:line 26
2020-04-19T23:25:29.2155292-03:00 [ERR] (AutoWrapper.AutoWrapperMiddleware) [500]: Missing type map configuration or unsupported mapping.

Mapping types:
List`1 -> AppConfigurationResponse
System.Collections.Generic.List`1[[buying_order_server.Data.Entity.AppConfiguration, buying_order_server, Version=1.0.0.0, Culture=neutral, PublicKeyToken=null]] -> buying_order_server.DTO.Response.AppConfigurationResponse
AutoMapper.AutoMapperMappingException: Missing type map configuration or unsupported mapping.

Mapping types:
List`1 -> AppConfigurationResponse
System.Collections.Generic.List`1[[buying_order_server.Data.Entity.AppConfiguration, buying_order_server, Version=1.0.0.0, Culture=neutral, PublicKeyToken=null]] -> buying_order_server.DTO.Response.AppConfigurationResponse
   at lambda_method(Closure , List`1 , AppConfigurationResponse , ResolutionContext )
   at lambda_method(Closure , Object , Object , ResolutionContext )
   at buying_order_server.API.v1.AppConfigurationController.Get() in C:\Users\thoma\git\buying-order-server\buying_order_server\API\v1\AppConfigurationController.cs:line 35
   at lambda_method(Closure , Object )
   at Microsoft.Extensions.Internal.ObjectMethodExecutorAwaitable.Awaiter.GetResult()
   at Microsoft.AspNetCore.Mvc.Infrastructure.ActionMethodExecutor.AwaitableObjectResultExecutor.Execute(IActionResultTypeMapper mapper, ObjectMethodExecutor executor, Object controller, Object[] arguments)
   at Microsoft.AspNetCore.Mvc.Infrastructure.ControllerActionInvoker.<InvokeActionMethodAsync>g__Awaited|12_0(ControllerActionInvoker invoker, ValueTask`1 actionResultValueTask)
   at Microsoft.AspNetCore.Mvc.Infrastructure.ControllerActionInvoker.<InvokeNextActionFilterAsync>g__Awaited|10_0(ControllerActionInvoker invoker, Task lastTask, State next, Scope scope, Object state, Boolean isCompleted)
   at Microsoft.AspNetCore.Mvc.Infrastructure.ControllerActionInvoker.Rethrow(ActionExecutedContextSealed context)
   at Microsoft.AspNetCore.Mvc.Infrastructure.ControllerActionInvoker.Next(State& next, Scope& scope, Object& state, Boolean& isCompleted)
   at Microsoft.AspNetCore.Mvc.Infrastructure.ControllerActionInvoker.<InvokeInnerFilterAsync>g__Awaited|13_0(ControllerActionInvoker invoker, Task lastTask, State next, Scope scope, Object state, Boolean isCompleted)
   at Microsoft.AspNetCore.Mvc.Infrastructure.ResourceInvoker.<InvokeFilterPipelineAsync>g__Awaited|19_0(ResourceInvoker invoker, Task lastTask, State next, Scope scope, Object state, Boolean isCompleted)
   at Microsoft.AspNetCore.Mvc.Infrastructure.ResourceInvoker.<InvokeAsync>g__Awaited|17_0(ResourceInvoker invoker, Task task, IDisposable scope)
   at Microsoft.AspNetCore.Routing.EndpointMiddleware.<Invoke>g__AwaitRequestTask|6_0(Endpoint endpoint, Task requestTask, ILogger logger)
   at Microsoft.AspNetCore.Authorization.AuthorizationMiddleware.Invoke(HttpContext context)
   at Microsoft.AspNetCore.Authentication.AuthenticationMiddleware.Invoke(HttpContext context)
   at AspNetCoreRateLimit.RateLimitMiddleware`1.Invoke(HttpContext context)
   at AutoWrapper.Base.WrapperBase.InvokeAsyncBase(HttpContext context, AutoWrapperMembers awm)
2020-04-19T23:25:46.2959305-03:00 [ERR] (Microsoft.Extensions.Diagnostics.HealthChecks.DefaultHealthCheckService) Health check "Google Ping" completed after 3.9575ms with status Unhealthy and '"Ping check status [TimedOut]. Host www.google.com did not respond within 300 ms."'
2020-04-19T23:27:07.7928055-03:00 [ERR] (Microsoft.Extensions.Diagnostics.HealthChecks.DefaultHealthCheckService) Health check "Google Ping" completed after 18.0004ms with status Unhealthy and '"Ping check status [TimedOut]. Host www.google.com did not respond within 300 ms."'
2020-04-19T23:29:10.2928640-03:00 [ERR] (Microsoft.Extensions.Diagnostics.HealthChecks.DefaultHealthCheckService) Health check "Google Ping" completed after 8.9797ms with status Unhealthy and '"Ping check status [TimedOut]. Host www.google.com did not respond within 300 ms."'
2020-04-19T23:30:50.6984169-03:00 [WRN] (AutoWrapper.AutoWrapperMiddleware) The response has already started, the AutoWrapper middleware will not be executed.
2020-04-19T23:30:50.7096662-03:00 [ERR] (Microsoft.AspNetCore.Server.Kestrel) Connection id ""0HLV4QBALIFF1"", Request id ""0HLV4QBALIFF1:00000005"": An unhandled exception was thrown by the application.
System.InvalidOperationException: Response Content-Length mismatch: too few bytes written (0 of 65).
2020-04-19T23:30:50.7228615-03:00 [WRN] (AutoWrapper.AutoWrapperMiddleware) The response has already started, the AutoWrapper middleware will not be executed.
2020-04-19T23:30:50.7308887-03:00 [ERR] (Microsoft.AspNetCore.Server.Kestrel) Connection id ""0HLV4QBALIFF1"", Request id ""0HLV4QBALIFF1:00000007"": An unhandled exception was thrown by the application.
System.InvalidOperationException: Response Content-Length mismatch: too few bytes written (0 of 65).
2020-04-19T23:30:57.7960145-03:00 [ERR] (Microsoft.Extensions.Diagnostics.HealthChecks.DefaultHealthCheckService) Health check "Google Ping" completed after 9.6056ms with status Unhealthy and '"Ping check status [TimedOut]. Host www.google.com did not respond within 300 ms."'
2020-04-19T23:31:00.2301146-03:00 [WRN] (AutoWrapper.AutoWrapperMiddleware) The response has already started, the AutoWrapper middleware will not be executed.
2020-04-19T23:31:00.2328092-03:00 [ERR] (Microsoft.AspNetCore.Server.Kestrel) Connection id ""0HLV4QBALIFF1"", Request id ""0HLV4QBALIFF1:00000009"": An unhandled exception was thrown by the application.
System.InvalidOperationException: Response Content-Length mismatch: too few bytes written (0 of 65).
2020-04-19T23:31:34.6409458-03:00 [WRN] (AutoWrapper.AutoWrapperMiddleware) The response has already started, the AutoWrapper middleware will not be executed.
2020-04-19T23:31:34.6445971-03:00 [ERR] (Microsoft.AspNetCore.Server.Kestrel) Connection id ""0HLV4QBALIFF1"", Request id ""0HLV4QBALIFF1:0000000B"": An unhandled exception was thrown by the application.
System.InvalidOperationException: Response Content-Length mismatch: too few bytes written (0 of 65).
2020-04-19T23:31:36.0679776-03:00 [WRN] (AutoWrapper.AutoWrapperMiddleware) The response has already started, the AutoWrapper middleware will not be executed.
2020-04-19T23:31:36.0708569-03:00 [ERR] (Microsoft.AspNetCore.Server.Kestrel) Connection id ""0HLV4QBALIFF1"", Request id ""0HLV4QBALIFF1:0000000D"": An unhandled exception was thrown by the application.
System.InvalidOperationException: Response Content-Length mismatch: too few bytes written (0 of 65).
2020-04-19T23:31:48.7923195-03:00 [ERR] (Microsoft.Extensions.Diagnostics.HealthChecks.DefaultHealthCheckService) Health check "Google Ping" completed after 4.5818ms with status Unhealthy and '"Ping check status [TimedOut]. Host www.google.com did not respond within 300 ms."'
2020-04-19T23:32:19.2924525-03:00 [ERR] (Microsoft.Extensions.Diagnostics.HealthChecks.DefaultHealthCheckService) Health check "Google Ping" completed after 5.0506ms with status Unhealthy and '"Ping check status [TimedOut]. Host www.google.com did not respond within 300 ms."'
2020-04-19T23:32:59.7521720-03:00 [ERR] (AutoWrapper.AutoWrapperMiddleware) [500]: Object reference not set to an instance of an object.
System.NullReferenceException: Object reference not set to an instance of an object.
   at buying_order_server.API.v1.AppConfigurationController.Get() in C:\Users\thoma\git\buying-order-server\buying_order_server\API\v1\AppConfigurationController.cs:line 35
   at lambda_method(Closure , Object )
   at Microsoft.Extensions.Internal.ObjectMethodExecutorAwaitable.Awaiter.GetResult()
   at Microsoft.AspNetCore.Mvc.Infrastructure.ActionMethodExecutor.AwaitableObjectResultExecutor.Execute(IActionResultTypeMapper mapper, ObjectMethodExecutor executor, Object controller, Object[] arguments)
   at Microsoft.AspNetCore.Mvc.Infrastructure.ControllerActionInvoker.<InvokeActionMethodAsync>g__Awaited|12_0(ControllerActionInvoker invoker, ValueTask`1 actionResultValueTask)
   at Microsoft.AspNetCore.Mvc.Infrastructure.ControllerActionInvoker.<InvokeNextActionFilterAsync>g__Awaited|10_0(ControllerActionInvoker invoker, Task lastTask, State next, Scope scope, Object state, Boolean isCompleted)
   at Microsoft.AspNetCore.Mvc.Infrastructure.ControllerActionInvoker.Rethrow(ActionExecutedContextSealed context)
   at Microsoft.AspNetCore.Mvc.Infrastructure.ControllerActionInvoker.Next(State& next, Scope& scope, Object& state, Boolean& isCompleted)
   at Microsoft.AspNetCore.Mvc.Infrastructure.ControllerActionInvoker.<InvokeInnerFilterAsync>g__Awaited|13_0(ControllerActionInvoker invoker, Task lastTask, State next, Scope scope, Object state, Boolean isCompleted)
   at Microsoft.AspNetCore.Mvc.Infrastructure.ResourceInvoker.<InvokeFilterPipelineAsync>g__Awaited|19_0(ResourceInvoker invoker, Task lastTask, State next, Scope scope, Object state, Boolean isCompleted)
   at Microsoft.AspNetCore.Mvc.Infrastructure.ResourceInvoker.<InvokeAsync>g__Awaited|17_0(ResourceInvoker invoker, Task task, IDisposable scope)
   at Microsoft.AspNetCore.Routing.EndpointMiddleware.<Invoke>g__AwaitRequestTask|6_0(Endpoint endpoint, Task requestTask, ILogger logger)
   at Microsoft.AspNetCore.Authorization.AuthorizationMiddleware.Invoke(HttpContext context)
   at Microsoft.AspNetCore.Authentication.AuthenticationMiddleware.Invoke(HttpContext context)
   at AspNetCoreRateLimit.RateLimitMiddleware`1.Invoke(HttpContext context)
   at AutoWrapper.Base.WrapperBase.InvokeAsyncBase(HttpContext context, AutoWrapperMembers awm)
2020-04-19T23:33:30.2965391-03:00 [ERR] (Microsoft.Extensions.Diagnostics.HealthChecks.DefaultHealthCheckService) Health check "Google Ping" completed after 3.0891ms with status Unhealthy and '"Ping check status [TimedOut]. Host www.google.com did not respond within 300 ms."'
2020-04-19T23:33:53.3673740-03:00 [WRN] (AutoWrapper.AutoWrapperMiddleware) The response has already started, the AutoWrapper middleware will not be executed.
2020-04-19T23:33:53.3724422-03:00 [ERR] (Microsoft.AspNetCore.Server.Kestrel) Connection id ""0HLV4QCCNIQ87"", Request id ""0HLV4QCCNIQ87:00000001"": An unhandled exception was thrown by the application.
System.InvalidOperationException: Response Content-Length mismatch: too few bytes written (0 of 69).
