2020-06-04T21:15:56.5979258-03:00 [ERR] (HealthChecks.UI.Core.HostedService.HealthCheckReportCollector) GetHealthReport threw an exception when trying to get report from http://localhost:5000/healthcheck configured with name Dependencies.
System.Net.Http.HttpRequestException: No connection could be made because the target machine actively refused it.
 ---> System.Net.Sockets.SocketException (10061): No connection could be made because the target machine actively refused it.
   at System.Net.Http.ConnectHelper.ConnectAsync(String host, Int32 port, CancellationToken cancellationToken)
   --- End of inner exception stack trace ---
   at System.Net.Http.ConnectHelper.ConnectAsync(String host, Int32 port, CancellationToken cancellationToken)
   at System.Net.Http.HttpConnectionPool.ConnectAsync(HttpRequestMessage request, Boolean allowHttp2, CancellationToken cancellationToken)
   at System.Net.Http.HttpConnectionPool.CreateHttp11ConnectionAsync(HttpRequestMessage request, CancellationToken cancellationToken)
   at System.Net.Http.HttpConnectionPool.GetHttpConnectionAsync(HttpRequestMessage request, CancellationToken cancellationToken)
   at System.Net.Http.HttpConnectionPool.SendWithRetryAsync(HttpRequestMessage request, Boolean doRequestAuth, CancellationToken cancellationToken)
   at System.Net.Http.RedirectHandler.SendAsync(HttpRequestMessage request, CancellationToken cancellationToken)
   at Microsoft.Extensions.Http.Logging.LoggingHttpMessageHandler.SendAsync(HttpRequestMessage request, CancellationToken cancellationToken)
   at Microsoft.Extensions.Http.Logging.LoggingScopeHttpMessageHandler.SendAsync(HttpRequestMessage request, CancellationToken cancellationToken)
   at System.Net.Http.HttpClient.FinishSendAsyncBuffered(Task`1 sendTask, HttpRequestMessage request, CancellationTokenSource cts, Boolean disposeCts)
   at HealthChecks.UI.Core.HostedService.HealthCheckReportCollector.GetHealthReport(HealthCheckConfiguration configuration)
2020-06-04T21:17:04.7105136-03:00 [ERR] (HealthChecks.UI.Core.HostedService.HealthCheckReportCollector) GetHealthReport threw an exception when trying to get report from http://localhost:5000/healthcheck configured with name Dependencies.
System.Net.Http.HttpRequestException: No connection could be made because the target machine actively refused it.
 ---> System.Net.Sockets.SocketException (10061): No connection could be made because the target machine actively refused it.
   at System.Net.Http.ConnectHelper.ConnectAsync(String host, Int32 port, CancellationToken cancellationToken)
   --- End of inner exception stack trace ---
   at System.Net.Http.ConnectHelper.ConnectAsync(String host, Int32 port, CancellationToken cancellationToken)
   at System.Net.Http.HttpConnectionPool.ConnectAsync(HttpRequestMessage request, Boolean allowHttp2, CancellationToken cancellationToken)
   at System.Net.Http.HttpConnectionPool.CreateHttp11ConnectionAsync(HttpRequestMessage request, CancellationToken cancellationToken)
   at System.Net.Http.HttpConnectionPool.GetHttpConnectionAsync(HttpRequestMessage request, CancellationToken cancellationToken)
   at System.Net.Http.HttpConnectionPool.SendWithRetryAsync(HttpRequestMessage request, Boolean doRequestAuth, CancellationToken cancellationToken)
   at System.Net.Http.RedirectHandler.SendAsync(HttpRequestMessage request, CancellationToken cancellationToken)
   at Microsoft.Extensions.Http.Logging.LoggingHttpMessageHandler.SendAsync(HttpRequestMessage request, CancellationToken cancellationToken)
   at Microsoft.Extensions.Http.Logging.LoggingScopeHttpMessageHandler.SendAsync(HttpRequestMessage request, CancellationToken cancellationToken)
   at System.Net.Http.HttpClient.FinishSendAsyncBuffered(Task`1 sendTask, HttpRequestMessage request, CancellationTokenSource cts, Boolean disposeCts)
   at HealthChecks.UI.Core.HostedService.HealthCheckReportCollector.GetHealthReport(HealthCheckConfiguration configuration)
2020-06-04T21:17:18.9488727-03:00 [ERR] (HealthChecks.UI.Core.HostedService.HealthCheckReportCollector) GetHealthReport threw an exception when trying to get report from http://localhost:5000/healthcheck configured with name Dependencies.
System.Net.Http.HttpRequestException: No connection could be made because the target machine actively refused it.
 ---> System.Net.Sockets.SocketException (10061): No connection could be made because the target machine actively refused it.
   at System.Net.Http.ConnectHelper.ConnectAsync(String host, Int32 port, CancellationToken cancellationToken)
   --- End of inner exception stack trace ---
   at System.Net.Http.ConnectHelper.ConnectAsync(String host, Int32 port, CancellationToken cancellationToken)
   at System.Net.Http.HttpConnectionPool.ConnectAsync(HttpRequestMessage request, Boolean allowHttp2, CancellationToken cancellationToken)
   at System.Net.Http.HttpConnectionPool.CreateHttp11ConnectionAsync(HttpRequestMessage request, CancellationToken cancellationToken)
   at System.Net.Http.HttpConnectionPool.GetHttpConnectionAsync(HttpRequestMessage request, CancellationToken cancellationToken)
   at System.Net.Http.HttpConnectionPool.SendWithRetryAsync(HttpRequestMessage request, Boolean doRequestAuth, CancellationToken cancellationToken)
   at System.Net.Http.RedirectHandler.SendAsync(HttpRequestMessage request, CancellationToken cancellationToken)
   at Microsoft.Extensions.Http.Logging.LoggingHttpMessageHandler.SendAsync(HttpRequestMessage request, CancellationToken cancellationToken)
   at Microsoft.Extensions.Http.Logging.LoggingScopeHttpMessageHandler.SendAsync(HttpRequestMessage request, CancellationToken cancellationToken)
   at System.Net.Http.HttpClient.FinishSendAsyncBuffered(Task`1 sendTask, HttpRequestMessage request, CancellationTokenSource cts, Boolean disposeCts)
   at HealthChecks.UI.Core.HostedService.HealthCheckReportCollector.GetHealthReport(HealthCheckConfiguration configuration)
2020-06-04T21:17:33.0159466-03:00 [ERR] (HealthChecks.UI.Core.HostedService.HealthCheckReportCollector) GetHealthReport threw an exception when trying to get report from http://localhost:5000/healthcheck configured with name Dependencies.
System.Net.Http.HttpRequestException: No connection could be made because the target machine actively refused it.
 ---> System.Net.Sockets.SocketException (10061): No connection could be made because the target machine actively refused it.
   at System.Net.Http.ConnectHelper.ConnectAsync(String host, Int32 port, CancellationToken cancellationToken)
   --- End of inner exception stack trace ---
   at System.Net.Http.ConnectHelper.ConnectAsync(String host, Int32 port, CancellationToken cancellationToken)
   at System.Net.Http.HttpConnectionPool.ConnectAsync(HttpRequestMessage request, Boolean allowHttp2, CancellationToken cancellationToken)
   at System.Net.Http.HttpConnectionPool.CreateHttp11ConnectionAsync(HttpRequestMessage request, CancellationToken cancellationToken)
   at System.Net.Http.HttpConnectionPool.GetHttpConnectionAsync(HttpRequestMessage request, CancellationToken cancellationToken)
   at System.Net.Http.HttpConnectionPool.SendWithRetryAsync(HttpRequestMessage request, Boolean doRequestAuth, CancellationToken cancellationToken)
   at System.Net.Http.RedirectHandler.SendAsync(HttpRequestMessage request, CancellationToken cancellationToken)
   at Microsoft.Extensions.Http.Logging.LoggingHttpMessageHandler.SendAsync(HttpRequestMessage request, CancellationToken cancellationToken)
   at Microsoft.Extensions.Http.Logging.LoggingScopeHttpMessageHandler.SendAsync(HttpRequestMessage request, CancellationToken cancellationToken)
   at System.Net.Http.HttpClient.FinishSendAsyncBuffered(Task`1 sendTask, HttpRequestMessage request, CancellationTokenSource cts, Boolean disposeCts)
   at HealthChecks.UI.Core.HostedService.HealthCheckReportCollector.GetHealthReport(HealthCheckConfiguration configuration)
2020-06-04T21:17:47.0607216-03:00 [ERR] (HealthChecks.UI.Core.HostedService.HealthCheckReportCollector) GetHealthReport threw an exception when trying to get report from http://localhost:5000/healthcheck configured with name Dependencies.
System.Net.Http.HttpRequestException: No connection could be made because the target machine actively refused it.
 ---> System.Net.Sockets.SocketException (10061): No connection could be made because the target machine actively refused it.
   at System.Net.Http.ConnectHelper.ConnectAsync(String host, Int32 port, CancellationToken cancellationToken)
   --- End of inner exception stack trace ---
   at System.Net.Http.ConnectHelper.ConnectAsync(String host, Int32 port, CancellationToken cancellationToken)
   at System.Net.Http.HttpConnectionPool.ConnectAsync(HttpRequestMessage request, Boolean allowHttp2, CancellationToken cancellationToken)
   at System.Net.Http.HttpConnectionPool.CreateHttp11ConnectionAsync(HttpRequestMessage request, CancellationToken cancellationToken)
   at System.Net.Http.HttpConnectionPool.GetHttpConnectionAsync(HttpRequestMessage request, CancellationToken cancellationToken)
   at System.Net.Http.HttpConnectionPool.SendWithRetryAsync(HttpRequestMessage request, Boolean doRequestAuth, CancellationToken cancellationToken)
   at System.Net.Http.RedirectHandler.SendAsync(HttpRequestMessage request, CancellationToken cancellationToken)
   at Microsoft.Extensions.Http.Logging.LoggingHttpMessageHandler.SendAsync(HttpRequestMessage request, CancellationToken cancellationToken)
   at Microsoft.Extensions.Http.Logging.LoggingScopeHttpMessageHandler.SendAsync(HttpRequestMessage request, CancellationToken cancellationToken)
   at System.Net.Http.HttpClient.FinishSendAsyncBuffered(Task`1 sendTask, HttpRequestMessage request, CancellationTokenSource cts, Boolean disposeCts)
   at HealthChecks.UI.Core.HostedService.HealthCheckReportCollector.GetHealthReport(HealthCheckConfiguration configuration)
2020-06-04T21:18:01.1184773-03:00 [ERR] (HealthChecks.UI.Core.HostedService.HealthCheckReportCollector) GetHealthReport threw an exception when trying to get report from http://localhost:5000/healthcheck configured with name Dependencies.
System.Net.Http.HttpRequestException: No connection could be made because the target machine actively refused it.
 ---> System.Net.Sockets.SocketException (10061): No connection could be made because the target machine actively refused it.
   at System.Net.Http.ConnectHelper.ConnectAsync(String host, Int32 port, CancellationToken cancellationToken)
   --- End of inner exception stack trace ---
   at System.Net.Http.ConnectHelper.ConnectAsync(String host, Int32 port, CancellationToken cancellationToken)
   at System.Net.Http.HttpConnectionPool.ConnectAsync(HttpRequestMessage request, Boolean allowHttp2, CancellationToken cancellationToken)
   at System.Net.Http.HttpConnectionPool.CreateHttp11ConnectionAsync(HttpRequestMessage request, CancellationToken cancellationToken)
   at System.Net.Http.HttpConnectionPool.GetHttpConnectionAsync(HttpRequestMessage request, CancellationToken cancellationToken)
   at System.Net.Http.HttpConnectionPool.SendWithRetryAsync(HttpRequestMessage request, Boolean doRequestAuth, CancellationToken cancellationToken)
   at System.Net.Http.RedirectHandler.SendAsync(HttpRequestMessage request, CancellationToken cancellationToken)
   at Microsoft.Extensions.Http.Logging.LoggingHttpMessageHandler.SendAsync(HttpRequestMessage request, CancellationToken cancellationToken)
   at Microsoft.Extensions.Http.Logging.LoggingScopeHttpMessageHandler.SendAsync(HttpRequestMessage request, CancellationToken cancellationToken)
   at System.Net.Http.HttpClient.FinishSendAsyncBuffered(Task`1 sendTask, HttpRequestMessage request, CancellationTokenSource cts, Boolean disposeCts)
   at HealthChecks.UI.Core.HostedService.HealthCheckReportCollector.GetHealthReport(HealthCheckConfiguration configuration)
2020-06-04T21:18:15.1585743-03:00 [ERR] (HealthChecks.UI.Core.HostedService.HealthCheckReportCollector) GetHealthReport threw an exception when trying to get report from http://localhost:5000/healthcheck configured with name Dependencies.
System.Net.Http.HttpRequestException: No connection could be made because the target machine actively refused it.
 ---> System.Net.Sockets.SocketException (10061): No connection could be made because the target machine actively refused it.
   at System.Net.Http.ConnectHelper.ConnectAsync(String host, Int32 port, CancellationToken cancellationToken)
   --- End of inner exception stack trace ---
   at System.Net.Http.ConnectHelper.ConnectAsync(String host, Int32 port, CancellationToken cancellationToken)
   at System.Net.Http.HttpConnectionPool.ConnectAsync(HttpRequestMessage request, Boolean allowHttp2, CancellationToken cancellationToken)
   at System.Net.Http.HttpConnectionPool.CreateHttp11ConnectionAsync(HttpRequestMessage request, CancellationToken cancellationToken)
   at System.Net.Http.HttpConnectionPool.GetHttpConnectionAsync(HttpRequestMessage request, CancellationToken cancellationToken)
   at System.Net.Http.HttpConnectionPool.SendWithRetryAsync(HttpRequestMessage request, Boolean doRequestAuth, CancellationToken cancellationToken)
   at System.Net.Http.RedirectHandler.SendAsync(HttpRequestMessage request, CancellationToken cancellationToken)
   at Microsoft.Extensions.Http.Logging.LoggingHttpMessageHandler.SendAsync(HttpRequestMessage request, CancellationToken cancellationToken)
   at Microsoft.Extensions.Http.Logging.LoggingScopeHttpMessageHandler.SendAsync(HttpRequestMessage request, CancellationToken cancellationToken)
   at System.Net.Http.HttpClient.FinishSendAsyncBuffered(Task`1 sendTask, HttpRequestMessage request, CancellationTokenSource cts, Boolean disposeCts)
   at HealthChecks.UI.Core.HostedService.HealthCheckReportCollector.GetHealthReport(HealthCheckConfiguration configuration)
2020-06-04T21:18:29.2205400-03:00 [ERR] (HealthChecks.UI.Core.HostedService.HealthCheckReportCollector) GetHealthReport threw an exception when trying to get report from http://localhost:5000/healthcheck configured with name Dependencies.
System.Net.Http.HttpRequestException: No connection could be made because the target machine actively refused it.
 ---> System.Net.Sockets.SocketException (10061): No connection could be made because the target machine actively refused it.
   at System.Net.Http.ConnectHelper.ConnectAsync(String host, Int32 port, CancellationToken cancellationToken)
   --- End of inner exception stack trace ---
   at System.Net.Http.ConnectHelper.ConnectAsync(String host, Int32 port, CancellationToken cancellationToken)
   at System.Net.Http.HttpConnectionPool.ConnectAsync(HttpRequestMessage request, Boolean allowHttp2, CancellationToken cancellationToken)
   at System.Net.Http.HttpConnectionPool.CreateHttp11ConnectionAsync(HttpRequestMessage request, CancellationToken cancellationToken)
   at System.Net.Http.HttpConnectionPool.GetHttpConnectionAsync(HttpRequestMessage request, CancellationToken cancellationToken)
   at System.Net.Http.HttpConnectionPool.SendWithRetryAsync(HttpRequestMessage request, Boolean doRequestAuth, CancellationToken cancellationToken)
   at System.Net.Http.RedirectHandler.SendAsync(HttpRequestMessage request, CancellationToken cancellationToken)
   at Microsoft.Extensions.Http.Logging.LoggingHttpMessageHandler.SendAsync(HttpRequestMessage request, CancellationToken cancellationToken)
   at Microsoft.Extensions.Http.Logging.LoggingScopeHttpMessageHandler.SendAsync(HttpRequestMessage request, CancellationToken cancellationToken)
   at System.Net.Http.HttpClient.FinishSendAsyncBuffered(Task`1 sendTask, HttpRequestMessage request, CancellationTokenSource cts, Boolean disposeCts)
   at HealthChecks.UI.Core.HostedService.HealthCheckReportCollector.GetHealthReport(HealthCheckConfiguration configuration)
2020-06-04T21:18:43.2725783-03:00 [ERR] (HealthChecks.UI.Core.HostedService.HealthCheckReportCollector) GetHealthReport threw an exception when trying to get report from http://localhost:5000/healthcheck configured with name Dependencies.
System.Net.Http.HttpRequestException: No connection could be made because the target machine actively refused it.
 ---> System.Net.Sockets.SocketException (10061): No connection could be made because the target machine actively refused it.
   at System.Net.Http.ConnectHelper.ConnectAsync(String host, Int32 port, CancellationToken cancellationToken)
   --- End of inner exception stack trace ---
   at System.Net.Http.ConnectHelper.ConnectAsync(String host, Int32 port, CancellationToken cancellationToken)
   at System.Net.Http.HttpConnectionPool.ConnectAsync(HttpRequestMessage request, Boolean allowHttp2, CancellationToken cancellationToken)
   at System.Net.Http.HttpConnectionPool.CreateHttp11ConnectionAsync(HttpRequestMessage request, CancellationToken cancellationToken)
   at System.Net.Http.HttpConnectionPool.GetHttpConnectionAsync(HttpRequestMessage request, CancellationToken cancellationToken)
   at System.Net.Http.HttpConnectionPool.SendWithRetryAsync(HttpRequestMessage request, Boolean doRequestAuth, CancellationToken cancellationToken)
   at System.Net.Http.RedirectHandler.SendAsync(HttpRequestMessage request, CancellationToken cancellationToken)
   at Microsoft.Extensions.Http.Logging.LoggingHttpMessageHandler.SendAsync(HttpRequestMessage request, CancellationToken cancellationToken)
   at Microsoft.Extensions.Http.Logging.LoggingScopeHttpMessageHandler.SendAsync(HttpRequestMessage request, CancellationToken cancellationToken)
   at System.Net.Http.HttpClient.FinishSendAsyncBuffered(Task`1 sendTask, HttpRequestMessage request, CancellationTokenSource cts, Boolean disposeCts)
   at HealthChecks.UI.Core.HostedService.HealthCheckReportCollector.GetHealthReport(HealthCheckConfiguration configuration)
2020-06-04T21:18:57.3304068-03:00 [ERR] (HealthChecks.UI.Core.HostedService.HealthCheckReportCollector) GetHealthReport threw an exception when trying to get report from http://localhost:5000/healthcheck configured with name Dependencies.
System.Net.Http.HttpRequestException: No connection could be made because the target machine actively refused it.
 ---> System.Net.Sockets.SocketException (10061): No connection could be made because the target machine actively refused it.
   at System.Net.Http.ConnectHelper.ConnectAsync(String host, Int32 port, CancellationToken cancellationToken)
   --- End of inner exception stack trace ---
   at System.Net.Http.ConnectHelper.ConnectAsync(String host, Int32 port, CancellationToken cancellationToken)
   at System.Net.Http.HttpConnectionPool.ConnectAsync(HttpRequestMessage request, Boolean allowHttp2, CancellationToken cancellationToken)
   at System.Net.Http.HttpConnectionPool.CreateHttp11ConnectionAsync(HttpRequestMessage request, CancellationToken cancellationToken)
   at System.Net.Http.HttpConnectionPool.GetHttpConnectionAsync(HttpRequestMessage request, CancellationToken cancellationToken)
   at System.Net.Http.HttpConnectionPool.SendWithRetryAsync(HttpRequestMessage request, Boolean doRequestAuth, CancellationToken cancellationToken)
   at System.Net.Http.RedirectHandler.SendAsync(HttpRequestMessage request, CancellationToken cancellationToken)
   at Microsoft.Extensions.Http.Logging.LoggingHttpMessageHandler.SendAsync(HttpRequestMessage request, CancellationToken cancellationToken)
   at Microsoft.Extensions.Http.Logging.LoggingScopeHttpMessageHandler.SendAsync(HttpRequestMessage request, CancellationToken cancellationToken)
   at System.Net.Http.HttpClient.FinishSendAsyncBuffered(Task`1 sendTask, HttpRequestMessage request, CancellationTokenSource cts, Boolean disposeCts)
   at HealthChecks.UI.Core.HostedService.HealthCheckReportCollector.GetHealthReport(HealthCheckConfiguration configuration)
2020-06-04T21:19:11.3935121-03:00 [ERR] (HealthChecks.UI.Core.HostedService.HealthCheckReportCollector) GetHealthReport threw an exception when trying to get report from http://localhost:5000/healthcheck configured with name Dependencies.
System.Net.Http.HttpRequestException: No connection could be made because the target machine actively refused it.
 ---> System.Net.Sockets.SocketException (10061): No connection could be made because the target machine actively refused it.
   at System.Net.Http.ConnectHelper.ConnectAsync(String host, Int32 port, CancellationToken cancellationToken)
   --- End of inner exception stack trace ---
   at System.Net.Http.ConnectHelper.ConnectAsync(String host, Int32 port, CancellationToken cancellationToken)
   at System.Net.Http.HttpConnectionPool.ConnectAsync(HttpRequestMessage request, Boolean allowHttp2, CancellationToken cancellationToken)
   at System.Net.Http.HttpConnectionPool.CreateHttp11ConnectionAsync(HttpRequestMessage request, CancellationToken cancellationToken)
   at System.Net.Http.HttpConnectionPool.GetHttpConnectionAsync(HttpRequestMessage request, CancellationToken cancellationToken)
   at System.Net.Http.HttpConnectionPool.SendWithRetryAsync(HttpRequestMessage request, Boolean doRequestAuth, CancellationToken cancellationToken)
   at System.Net.Http.RedirectHandler.SendAsync(HttpRequestMessage request, CancellationToken cancellationToken)
   at Microsoft.Extensions.Http.Logging.LoggingHttpMessageHandler.SendAsync(HttpRequestMessage request, CancellationToken cancellationToken)
   at Microsoft.Extensions.Http.Logging.LoggingScopeHttpMessageHandler.SendAsync(HttpRequestMessage request, CancellationToken cancellationToken)
   at System.Net.Http.HttpClient.FinishSendAsyncBuffered(Task`1 sendTask, HttpRequestMessage request, CancellationTokenSource cts, Boolean disposeCts)
   at HealthChecks.UI.Core.HostedService.HealthCheckReportCollector.GetHealthReport(HealthCheckConfiguration configuration)
2020-06-04T21:20:06.0255607-03:00 [WRN] (Microsoft.AspNetCore.HttpsPolicy.HttpsRedirectionMiddleware) Failed to determine the https port for redirect.
2020-06-04T21:22:29.3051601-03:00 [ERR] (Microsoft.Extensions.Diagnostics.HealthChecks.DefaultHealthCheckService) Health check "Google Ping" completed after 13.1712ms with status Unhealthy and '"Ping check status [TimedOut]. Host www.google.com did not respond within 300 ms."'
2020-06-04T21:22:58.5547846-03:00 [ERR] (AutoWrapper.AutoWrapperMiddleware) [500]: Object reference not set to an instance of an object.
System.NullReferenceException: Object reference not set to an instance of an object.
   at buying_order_server.API.v1.AppConfigurationController.Get() in E:\git\buying-order-server\buying_order_server\API\v1\AppConfigurationController.cs:line 35
   at lambda_method(Closure , Object )
   at Microsoft.Extensions.Internal.ObjectMethodExecutorAwaitable.Awaiter.GetResult()
   at Microsoft.AspNetCore.Mvc.Infrastructure.ActionMethodExecutor.AwaitableObjectResultExecutor.Execute(IActionResultTypeMapper mapper, ObjectMethodExecutor executor, Object controller, Object[] arguments)
   at Microsoft.AspNetCore.Mvc.Infrastructure.ControllerActionInvoker.<InvokeActionMethodAsync>g__Awaited|12_0(ControllerActionInvoker invoker, ValueTask`1 actionResultValueTask)
   at Microsoft.AspNetCore.Mvc.Infrastructure.ControllerActionInvoker.<InvokeNextActionFilterAsync>g__Awaited|10_0(ControllerActionInvoker invoker, Task lastTask, State next, Scope scope, Object state, Boolean isCompleted)
   at Microsoft.AspNetCore.Mvc.Infrastructure.ControllerActionInvoker.Rethrow(ActionExecutedContextSealed context)
   at Microsoft.AspNetCore.Mvc.Infrastructure.ControllerActionInvoker.Next(State& next, Scope& scope, Object& state, Boolean& isCompleted)
   at Microsoft.AspNetCore.Mvc.Infrastructure.ControllerActionInvoker.<InvokeInnerFilterAsync>g__Awaited|13_0(ControllerActionInvoker invoker, Task lastTask, State next, Scope scope, Object state, Boolean isCompleted)
   at Microsoft.AspNetCore.Mvc.Infrastructure.ResourceInvoker.<InvokeFilterPipelineAsync>g__Awaited|19_0(ResourceInvoker invoker, Task lastTask, State next, Scope scope, Object state, Boolean isCompleted)
   at Microsoft.AspNetCore.Mvc.Infrastructure.ResourceInvoker.<InvokeAsync>g__Awaited|17_0(ResourceInvoker invoker, Task task, IDisposable scope)
   at Microsoft.AspNetCore.Routing.EndpointMiddleware.<Invoke>g__AwaitRequestTask|6_0(Endpoint endpoint, Task requestTask, ILogger logger)
   at AutoWrapper.Base.WrapperBase.InvokeAsyncBase(HttpContext context, AutoWrapperMembers awm)
2020-06-04T21:23:08.8740897-03:00 [ERR] (AutoWrapper.AutoWrapperMiddleware) [500]: Object reference not set to an instance of an object.
System.NullReferenceException: Object reference not set to an instance of an object.
   at buying_order_server.API.v1.AppConfigurationController.Get() in E:\git\buying-order-server\buying_order_server\API\v1\AppConfigurationController.cs:line 35
   at lambda_method(Closure , Object )
   at Microsoft.Extensions.Internal.ObjectMethodExecutorAwaitable.Awaiter.GetResult()
   at Microsoft.AspNetCore.Mvc.Infrastructure.ActionMethodExecutor.AwaitableObjectResultExecutor.Execute(IActionResultTypeMapper mapper, ObjectMethodExecutor executor, Object controller, Object[] arguments)
   at Microsoft.AspNetCore.Mvc.Infrastructure.ControllerActionInvoker.<InvokeActionMethodAsync>g__Awaited|12_0(ControllerActionInvoker invoker, ValueTask`1 actionResultValueTask)
   at Microsoft.AspNetCore.Mvc.Infrastructure.ControllerActionInvoker.<InvokeNextActionFilterAsync>g__Awaited|10_0(ControllerActionInvoker invoker, Task lastTask, State next, Scope scope, Object state, Boolean isCompleted)
   at Microsoft.AspNetCore.Mvc.Infrastructure.ControllerActionInvoker.Rethrow(ActionExecutedContextSealed context)
   at Microsoft.AspNetCore.Mvc.Infrastructure.ControllerActionInvoker.Next(State& next, Scope& scope, Object& state, Boolean& isCompleted)
   at Microsoft.AspNetCore.Mvc.Infrastructure.ControllerActionInvoker.<InvokeInnerFilterAsync>g__Awaited|13_0(ControllerActionInvoker invoker, Task lastTask, State next, Scope scope, Object state, Boolean isCompleted)
   at Microsoft.AspNetCore.Mvc.Infrastructure.ResourceInvoker.<InvokeFilterPipelineAsync>g__Awaited|19_0(ResourceInvoker invoker, Task lastTask, State next, Scope scope, Object state, Boolean isCompleted)
   at Microsoft.AspNetCore.Mvc.Infrastructure.ResourceInvoker.<InvokeAsync>g__Awaited|17_0(ResourceInvoker invoker, Task task, IDisposable scope)
   at Microsoft.AspNetCore.Routing.EndpointMiddleware.<Invoke>g__AwaitRequestTask|6_0(Endpoint endpoint, Task requestTask, ILogger logger)
   at AutoWrapper.Base.WrapperBase.InvokeAsyncBase(HttpContext context, AutoWrapperMembers awm)
2020-06-04T21:23:35.1637619-03:00 [ERR] (buying_order_server.Services.EcosysApi) An error occurred trying to fetch provider 370316653
2020-06-04T21:23:35.1971692-03:00 [ERR] (buying_order_server.Services.EcosysApi) An error occurred trying to fetch provider 372034247
2020-06-04T21:23:35.2758909-03:00 [ERR] (buying_order_server.Services.EcosysApi) An error occurred trying to fetch provider 372825697
2020-06-04T21:23:35.4324480-03:00 [ERR] (buying_order_server.Services.EcosysApi) An error occurred trying to fetch provider 373504039
2020-06-04T21:23:35.4851270-03:00 [ERR] (buying_order_server.Services.EcosysApi) An error occurred trying to fetch provider 370013004
2020-06-04T21:23:35.8504806-03:00 [ERR] (buying_order_server.Services.EcosysApi) An error occurred trying to fetch provider 372825385
2020-06-04T21:23:35.9051603-03:00 [ERR] (buying_order_server.Services.EcosysApi) An error occurred trying to fetch provider 371972980
2020-06-04T21:23:35.9557018-03:00 [ERR] (buying_order_server.Services.EcosysApi) An error occurred trying to fetch provider 375546858
2020-06-04T21:23:35.7960889-03:00 [ERR] (buying_order_server.Services.EcosysApi) An error occurred trying to fetch provider 374041276
2020-06-04T21:23:36.0111914-03:00 [ERR] (buying_order_server.Services.EcosysApi) An error occurred trying to fetch provider 394019121
2020-06-04T21:23:35.3274599-03:00 [ERR] (buying_order_server.Services.EcosysApi) An error occurred trying to fetch provider 370316653
2020-06-04T21:23:35.6923215-03:00 [ERR] (buying_order_server.Services.EcosysApi) An error occurred trying to fetch provider 432427644
2020-06-04T21:23:36.1151238-03:00 [ERR] (buying_order_server.Services.EcosysApi) An error occurred trying to fetch provider 375087474
2020-06-04T21:23:36.0872631-03:00 [ERR] (buying_order_server.Services.EcosysApi) An error occurred trying to fetch provider 372034247
2020-06-04T21:23:35.5614757-03:00 [ERR] (buying_order_server.Services.EcosysApi) An error occurred trying to fetch provider 371891397
2020-06-04T21:23:35.6921135-03:00 [ERR] (buying_order_server.Services.EcosysApi) An error occurred trying to fetch provider 412317761
2020-06-04T21:23:35.3809817-03:00 [ERR] (buying_order_server.Services.EcosysApi) An error occurred trying to fetch provider 376666560
2020-06-04T21:23:35.5883550-03:00 [ERR] (buying_order_server.Services.EcosysApi) An error occurred trying to fetch provider 379479212
2020-06-04T21:23:35.7443631-03:00 [ERR] (buying_order_server.Services.EcosysApi) An error occurred trying to fetch provider 373996948
2020-06-04T21:23:36.1735089-03:00 [ERR] (buying_order_server.Services.EcosysApi) An error occurred trying to fetch provider 394019121
2020-06-04T21:23:36.2324201-03:00 [ERR] (buying_order_server.Services.EcosysApi) An error occurred trying to fetch provider 371895532
2020-06-04T21:23:36.2865807-03:00 [ERR] (buying_order_server.Services.EcosysApi) An error occurred trying to fetch provider 394019121
2020-06-04T21:23:36.3391450-03:00 [ERR] (buying_order_server.Services.EcosysApi) An error occurred trying to fetch provider 394019121
2020-06-04T21:23:36.3964649-03:00 [ERR] (buying_order_server.Services.EcosysApi) An error occurred trying to fetch provider 394019121
2020-06-04T21:23:36.4499419-03:00 [ERR] (buying_order_server.Services.EcosysApi) An error occurred trying to fetch provider 372035326
2020-06-04T21:23:36.5009189-03:00 [ERR] (buying_order_server.Services.EcosysApi) An error occurred trying to fetch provider 394019121
2020-06-04T21:23:36.6078934-03:00 [ERR] (buying_order_server.Services.EcosysApi) An error occurred trying to fetch provider 371928840
2020-06-04T21:23:36.6585017-03:00 [ERR] (buying_order_server.Services.EcosysApi) An error occurred trying to fetch provider 371963309
2020-06-04T21:23:36.7103177-03:00 [ERR] (buying_order_server.Services.EcosysApi) An error occurred trying to fetch provider 394019121
2020-06-04T21:23:36.7620887-03:00 [ERR] (buying_order_server.Services.EcosysApi) An error occurred trying to fetch provider 370013004
2020-06-04T21:23:36.7624647-03:00 [ERR] (buying_order_server.Services.EcosysApi) An error occurred trying to fetch provider 533374652
2020-06-04T21:23:36.8177624-03:00 [ERR] (buying_order_server.Services.EcosysApi) An error occurred trying to fetch provider 533325294
2020-06-04T21:23:36.8719493-03:00 [ERR] (buying_order_server.Services.EcosysApi) An error occurred trying to fetch provider 370316653
2020-06-04T21:23:36.9237478-03:00 [ERR] (buying_order_server.Services.EcosysApi) An error occurred trying to fetch provider 394019121
2020-06-04T21:23:36.9755640-03:00 [ERR] (buying_order_server.Services.EcosysApi) An error occurred trying to fetch provider 533473114
2020-06-04T21:23:37.0503098-03:00 [ERR] (buying_order_server.Services.EcosysApi) An error occurred trying to fetch provider 394019121
2020-06-04T21:23:37.0809136-03:00 [ERR] (buying_order_server.Services.EcosysApi) An error occurred trying to fetch provider 394019121
2020-06-04T21:23:37.1866275-03:00 [ERR] (buying_order_server.Services.EcosysApi) An error occurred trying to fetch provider 373504039
2020-06-04T21:23:37.1872316-03:00 [ERR] (buying_order_server.Services.EcosysApi) An error occurred trying to fetch provider 371891397
2020-06-04T21:23:37.2887098-03:00 [ERR] (buying_order_server.Services.EcosysApi) An error occurred trying to fetch provider 477356564
2020-06-04T21:23:37.3389991-03:00 [ERR] (buying_order_server.Services.EcosysApi) An error occurred trying to fetch provider 375764988
2020-06-04T21:23:37.2383402-03:00 [ERR] (buying_order_server.Services.EcosysApi) An error occurred trying to fetch provider 374041276
2020-06-04T21:23:37.3953108-03:00 [ERR] (buying_order_server.Services.EcosysApi) An error occurred trying to fetch provider 375087474
2020-06-04T21:23:37.4462060-03:00 [ERR] (buying_order_server.Services.EcosysApi) An error occurred trying to fetch provider 532556426
2020-06-04T21:23:37.4971299-03:00 [ERR] (buying_order_server.Services.EcosysApi) An error occurred trying to fetch provider 375088857
2020-06-04T21:23:37.5537401-03:00 [ERR] (buying_order_server.Services.EcosysApi) An error occurred trying to fetch provider 371895532
2020-06-04T21:23:37.6045776-03:00 [ERR] (buying_order_server.Services.EcosysApi) An error occurred trying to fetch provider 515275409
2020-06-04T21:23:37.6581708-03:00 [ERR] (buying_order_server.Services.EcosysApi) An error occurred trying to fetch provider 373506626
2020-06-04T21:23:37.7086322-03:00 [ERR] (buying_order_server.Services.EcosysApi) An error occurred trying to fetch provider 487336014
2020-06-04T21:23:37.7592540-03:00 [ERR] (buying_order_server.Services.EcosysApi) An error occurred trying to fetch provider 375089222
2020-06-04T21:23:37.8379291-03:00 [ERR] (buying_order_server.Services.EcosysApi) An error occurred trying to fetch provider 373996948
2020-06-04T21:23:37.8648909-03:00 [ERR] (buying_order_server.Services.EcosysApi) An error occurred trying to fetch provider 534587878
2020-06-04T21:23:37.9167717-03:00 [ERR] (buying_order_server.Services.EcosysApi) An error occurred trying to fetch provider 371895532
2020-06-04T21:23:37.9685848-03:00 [ERR] (buying_order_server.Services.EcosysApi) An error occurred trying to fetch provider 371963309
2020-06-04T21:23:38.0203155-03:00 [ERR] (buying_order_server.Services.EcosysApi) An error occurred trying to fetch provider 371891397
2020-06-04T21:23:38.0943116-03:00 [ERR] (buying_order_server.Services.EcosysApi) An error occurred trying to fetch provider 370316653
2020-06-04T21:23:38.1215708-03:00 [ERR] (buying_order_server.Services.EcosysApi) An error occurred trying to fetch provider 370316653
2020-06-04T21:23:38.1748641-03:00 [ERR] (buying_order_server.Services.EcosysApi) An error occurred trying to fetch provider 370316653
2020-06-04T21:23:38.2267300-03:00 [ERR] (buying_order_server.Services.EcosysApi) An error occurred trying to fetch provider 372035326
2020-06-04T21:23:38.3048760-03:00 [ERR] (buying_order_server.Services.EcosysApi) An error occurred trying to fetch provider 371909883
2020-06-04T21:23:38.3557093-03:00 [ERR] (buying_order_server.Services.EcosysApi) An error occurred trying to fetch provider 372034247
2020-06-04T21:23:38.3821294-03:00 [ERR] (buying_order_server.Services.EcosysApi) An error occurred trying to fetch provider 371972980
2020-06-04T21:23:38.4573218-03:00 [ERR] (buying_order_server.Services.EcosysApi) An error occurred trying to fetch provider 371895532
2020-06-04T21:23:38.5346596-03:00 [ERR] (buying_order_server.Services.EcosysApi) An error occurred trying to fetch provider 372034247
2020-06-04T21:23:38.5346580-03:00 [ERR] (buying_order_server.Services.EcosysApi) An error occurred trying to fetch provider 371892228
2020-06-04T21:23:38.6564342-03:00 [ERR] (buying_order_server.Services.EcosysApi) An error occurred trying to fetch provider 535793135
2020-06-04T21:23:38.7589732-03:00 [ERR] (buying_order_server.Services.EcosysApi) An error occurred trying to fetch provider 432152327
2020-06-04T21:23:38.5856558-03:00 [ERR] (buying_order_server.Services.EcosysApi) An error occurred trying to fetch provider 373504039
2020-06-04T21:23:38.8100274-03:00 [ERR] (buying_order_server.Services.EcosysApi) An error occurred trying to fetch provider 371895532
2020-06-04T21:23:38.7088548-03:00 [ERR] (buying_order_server.Services.EcosysApi) An error occurred trying to fetch provider 374041276
2020-06-04T21:23:38.8629047-03:00 [ERR] (buying_order_server.Services.EcosysApi) An error occurred trying to fetch provider 372825697
2020-06-04T21:23:38.9649738-03:00 [ERR] (buying_order_server.Services.EcosysApi) An error occurred trying to fetch provider 375544432
2020-06-04T21:23:38.9649667-03:00 [ERR] (buying_order_server.Services.EcosysApi) An error occurred trying to fetch provider 375087474
2020-06-04T21:23:39.0654425-03:00 [ERR] (buying_order_server.Services.EcosysApi) An error occurred trying to fetch provider 384343419
2020-06-04T21:23:39.0654457-03:00 [ERR] (buying_order_server.Services.EcosysApi) An error occurred trying to fetch provider 372039591
2020-06-04T21:24:34.5690215-03:00 [ERR] (buying_order_server.Services.AbstractCronJob) E-mail 44 of 117 could not be sent to vendas.vipsc2005@gmail.com
2020-06-04T21:24:34.8411160-03:00 [ERR] (buying_order_server.Services.AbstractCronJob) error trying to disconnect smpt client
2020-06-04T21:24:44.2354462-03:00 [ERR] (buying_order_server.Services.EcosysApi) An error occurred trying to fetch provider 370316653
2020-06-04T21:24:44.3507806-03:00 [ERR] (buying_order_server.Services.EcosysApi) An error occurred trying to fetch provider 371895532
2020-06-04T21:24:44.3518888-03:00 [ERR] (buying_order_server.Services.EcosysApi) An error occurred trying to fetch provider 371892228
2020-06-04T21:24:44.3994412-03:00 [ERR] (buying_order_server.Services.EcosysApi) An error occurred trying to fetch provider 371909883
2020-06-04T21:24:44.5037342-03:00 [ERR] (buying_order_server.Services.EcosysApi) An error occurred trying to fetch provider 432427644
2020-06-04T21:24:44.5037307-03:00 [ERR] (buying_order_server.Services.EcosysApi) An error occurred trying to fetch provider 371895532
2020-06-04T21:24:44.5549418-03:00 [ERR] (buying_order_server.Services.EcosysApi) An error occurred trying to fetch provider 375089222
2020-06-04T21:24:44.6038339-03:00 [ERR] (buying_order_server.Services.EcosysApi) An error occurred trying to fetch provider 432427644
2020-06-04T21:24:44.6525625-03:00 [ERR] (buying_order_server.Services.EcosysApi) An error occurred trying to fetch provider 373504039
2020-06-04T21:24:44.7009422-03:00 [ERR] (buying_order_server.Services.EcosysApi) An error occurred trying to fetch provider 372779714
2020-06-04T21:24:44.7542650-03:00 [ERR] (buying_order_server.Services.EcosysApi) An error occurred trying to fetch provider 375546858
2020-06-04T21:24:44.8063274-03:00 [ERR] (buying_order_server.Services.EcosysApi) An error occurred trying to fetch provider 372825697
2020-06-04T21:24:44.8546186-03:00 [ERR] (buying_order_server.Services.EcosysApi) An error occurred trying to fetch provider 374041276
2020-06-04T21:24:44.9324038-03:00 [ERR] (buying_order_server.Services.EcosysApi) An error occurred trying to fetch provider 371972980
2020-06-04T21:24:44.9606122-03:00 [ERR] (buying_order_server.Services.EcosysApi) An error occurred trying to fetch provider 372035326
2020-06-04T21:24:45.0656875-03:00 [ERR] (buying_order_server.Services.EcosysApi) An error occurred trying to fetch provider 375087474
2020-06-04T21:24:45.0653028-03:00 [ERR] (buying_order_server.Services.EcosysApi) An error occurred trying to fetch provider 371972980
2020-06-04T21:24:45.1210374-03:00 [ERR] (buying_order_server.Services.EcosysApi) An error occurred trying to fetch provider 373996948
2020-06-04T21:24:45.1756754-03:00 [ERR] (buying_order_server.Services.EcosysApi) An error occurred trying to fetch provider 379479212
2020-06-04T21:24:45.2278121-03:00 [ERR] (buying_order_server.Services.EcosysApi) An error occurred trying to fetch provider 373996948
2020-06-04T21:24:45.2805010-03:00 [ERR] (buying_order_server.Services.EcosysApi) An error occurred trying to fetch provider 376666560
2020-06-04T21:24:45.3431506-03:00 [ERR] (buying_order_server.Services.EcosysApi) An error occurred trying to fetch provider 394019121
2020-06-04T21:24:45.3959255-03:00 [ERR] (buying_order_server.Services.EcosysApi) An error occurred trying to fetch provider 394019121
2020-06-04T21:24:45.4490656-03:00 [ERR] (buying_order_server.Services.EcosysApi) An error occurred trying to fetch provider 533325294
2020-06-04T21:24:45.5512829-03:00 [ERR] (buying_order_server.Services.EcosysApi) An error occurred trying to fetch provider 375089222
2020-06-04T21:24:45.5517659-03:00 [ERR] (buying_order_server.Services.EcosysApi) An error occurred trying to fetch provider 371895532
2020-06-04T21:24:45.6045434-03:00 [ERR] (buying_order_server.Services.EcosysApi) An error occurred trying to fetch provider 533374652
2020-06-04T21:24:45.6563082-03:00 [ERR] (buying_order_server.Services.EcosysApi) An error occurred trying to fetch provider 371963309
2020-06-04T21:24:45.7154857-03:00 [ERR] (buying_order_server.Services.EcosysApi) An error occurred trying to fetch provider 372825385
2020-06-04T21:24:45.8214670-03:00 [ERR] (buying_order_server.Services.EcosysApi) An error occurred trying to fetch provider 412317761
2020-06-04T21:24:45.8223897-03:00 [ERR] (buying_order_server.Services.EcosysApi) An error occurred trying to fetch provider 371895532
2020-06-04T21:24:45.8837458-03:00 [ERR] (buying_order_server.Services.EcosysApi) An error occurred trying to fetch provider 370316653
2020-06-04T21:24:45.9356015-03:00 [ERR] (buying_order_server.Services.EcosysApi) An error occurred trying to fetch provider 371892228
2020-06-04T21:24:45.9864671-03:00 [ERR] (buying_order_server.Services.EcosysApi) An error occurred trying to fetch provider 394019121
2020-06-04T21:24:46.0892613-03:00 [ERR] (buying_order_server.Services.EcosysApi) An error occurred trying to fetch provider 371891397
2020-06-04T21:24:46.1142338-03:00 [ERR] (buying_order_server.Services.EcosysApi) An error occurred trying to fetch provider 372034247
2020-06-04T21:24:46.1656604-03:00 [ERR] (buying_order_server.Services.EcosysApi) An error occurred trying to fetch provider 394019121
2020-06-04T21:24:46.2174536-03:00 [ERR] (buying_order_server.Services.EcosysApi) An error occurred trying to fetch provider 394019121
2020-06-04T21:24:46.2701658-03:00 [ERR] (buying_order_server.Services.EcosysApi) An error occurred trying to fetch provider 394019121
2020-06-04T21:24:46.3003847-03:00 [ERR] (buying_order_server.Services.EcosysApi) An error occurred trying to fetch provider 370013004
2020-06-04T21:24:46.3521863-03:00 [ERR] (buying_order_server.Services.EcosysApi) An error occurred trying to fetch provider 394019121
2020-06-04T21:24:46.4616119-03:00 [ERR] (buying_order_server.Services.EcosysApi) An error occurred trying to fetch provider 394019121
2020-06-04T21:24:46.4035297-03:00 [ERR] (buying_order_server.Services.EcosysApi) An error occurred trying to fetch provider 394019121
2020-06-04T21:24:46.5165362-03:00 [ERR] (buying_order_server.Services.EcosysApi) An error occurred trying to fetch provider 533473114
2020-06-04T21:24:46.5686558-03:00 [ERR] (buying_order_server.Services.EcosysApi) An error occurred trying to fetch provider 373504039
2020-06-04T21:24:46.6212323-03:00 [ERR] (buying_order_server.Services.EcosysApi) An error occurred trying to fetch provider 372392258
2020-06-04T21:24:46.6753210-03:00 [ERR] (buying_order_server.Services.EcosysApi) An error occurred trying to fetch provider 371928840
2020-06-04T21:24:46.7342546-03:00 [ERR] (buying_order_server.Services.EcosysApi) An error occurred trying to fetch provider 373506626
2020-06-04T21:24:46.8196123-03:00 [ERR] (buying_order_server.Services.EcosysApi) An error occurred trying to fetch provider 515275409
2020-06-04T21:24:46.8714892-03:00 [ERR] (buying_order_server.Services.EcosysApi) An error occurred trying to fetch provider 375764988
2020-06-04T21:24:46.9542074-03:00 [ERR] (buying_order_server.Services.EcosysApi) An error occurred trying to fetch provider 487336014
2020-06-04T21:24:47.0066995-03:00 [ERR] (buying_order_server.Services.EcosysApi) An error occurred trying to fetch provider 371895532
2020-06-04T21:24:47.0080053-03:00 [ERR] (buying_order_server.Services.EcosysApi) An error occurred trying to fetch provider 374041276
2020-06-04T21:24:47.0851561-03:00 [ERR] (buying_order_server.Services.EcosysApi) An error occurred trying to fetch provider 371895532
2020-06-04T21:24:47.1681328-03:00 [ERR] (buying_order_server.Services.EcosysApi) An error occurred trying to fetch provider 477356564
2020-06-04T21:24:47.2203357-03:00 [ERR] (buying_order_server.Services.EcosysApi) An error occurred trying to fetch provider 375087474
2020-06-04T21:24:47.2203357-03:00 [ERR] (buying_order_server.Services.EcosysApi) An error occurred trying to fetch provider 370316653
2020-06-04T21:24:47.2764863-03:00 [ERR] (buying_order_server.Services.EcosysApi) An error occurred trying to fetch provider 432427644
2020-06-04T21:24:47.3323721-03:00 [ERR] (buying_order_server.Services.EcosysApi) An error occurred trying to fetch provider 532556426
2020-06-04T21:24:47.3841948-03:00 [ERR] (buying_order_server.Services.EcosysApi) An error occurred trying to fetch provider 371909883
2020-06-04T21:24:47.4357019-03:00 [ERR] (buying_order_server.Services.EcosysApi) An error occurred trying to fetch provider 375089222
2020-06-04T21:24:47.4906740-03:00 [ERR] (buying_order_server.Services.EcosysApi) An error occurred trying to fetch provider 371892228
2020-06-04T21:24:47.5472950-03:00 [ERR] (buying_order_server.Services.EcosysApi) An error occurred trying to fetch provider 370316653
2020-06-04T21:24:47.6004496-03:00 [ERR] (buying_order_server.Services.EcosysApi) An error occurred trying to fetch provider 371891397
2020-06-04T21:24:47.6545433-03:00 [ERR] (buying_order_server.Services.EcosysApi) An error occurred trying to fetch provider 372034247
2020-06-04T21:24:47.7069827-03:00 [ERR] (buying_order_server.Services.EcosysApi) An error occurred trying to fetch provider 534587878
2020-06-04T21:24:47.7585557-03:00 [ERR] (buying_order_server.Services.EcosysApi) An error occurred trying to fetch provider 371963309
2020-06-04T21:24:47.8103735-03:00 [ERR] (buying_order_server.Services.EcosysApi) An error occurred trying to fetch provider 372034247
2020-06-04T21:24:47.8720354-03:00 [ERR] (buying_order_server.Services.EcosysApi) An error occurred trying to fetch provider 375087474
2020-06-04T21:24:48.0279067-03:00 [ERR] (buying_order_server.Services.EcosysApi) An error occurred trying to fetch provider 371895532
2020-06-04T21:24:48.0285898-03:00 [ERR] (buying_order_server.Services.EcosysApi) An error occurred trying to fetch provider 374041276
2020-06-04T21:24:48.1050140-03:00 [ERR] (buying_order_server.Services.EcosysApi) An error occurred trying to fetch provider 375544432
2020-06-04T21:24:48.1057721-03:00 [ERR] (buying_order_server.Services.EcosysApi) An error occurred trying to fetch provider 466398281
2020-06-04T21:24:48.1333193-03:00 [ERR] (buying_order_server.Services.EcosysApi) An error occurred trying to fetch provider 432427644
2020-06-04T21:24:48.2368065-03:00 [ERR] (buying_order_server.Services.EcosysApi) An error occurred trying to fetch provider 372825697
2020-06-04T21:24:48.3418005-03:00 [ERR] (buying_order_server.Services.EcosysApi) An error occurred trying to fetch provider 372035326
2020-06-04T21:24:48.3942226-03:00 [ERR] (buying_order_server.Services.EcosysApi) An error occurred trying to fetch provider 384343419
2020-06-04T21:24:48.2368107-03:00 [ERR] (buying_order_server.Services.EcosysApi) An error occurred trying to fetch provider 373504039
2020-06-04T21:24:48.3418005-03:00 [ERR] (buying_order_server.Services.EcosysApi) An error occurred trying to fetch provider 432152327
2020-06-04T21:24:48.4990634-03:00 [ERR] (buying_order_server.Services.EcosysApi) An error occurred trying to fetch provider 535793135
2020-06-04T21:24:48.4990551-03:00 [ERR] (buying_order_server.Services.EcosysApi) An error occurred trying to fetch provider 371895532
2020-06-04T21:24:48.5522270-03:00 [ERR] (buying_order_server.Services.EcosysApi) An error occurred trying to fetch provider 373996948
2020-06-04T21:24:48.6049270-03:00 [ERR] (buying_order_server.Services.EcosysApi) An error occurred trying to fetch provider 371963309
2020-06-04T21:25:12.3011394-03:00 [ERR] (Microsoft.Extensions.Diagnostics.HealthChecks.DefaultHealthCheckService) Health check "Google Ping" completed after 6.4777ms with status Unhealthy and '"Ping check status [TimedOut]. Host www.google.com did not respond within 300 ms."'
2020-06-04T21:26:23.8009264-03:00 [ERR] (Microsoft.Extensions.Diagnostics.HealthChecks.DefaultHealthCheckService) Health check "Google Ping" completed after 7.9327ms with status Unhealthy and '"Ping check status [TimedOut]. Host www.google.com did not respond within 300 ms."'
2020-06-04T21:31:09.3013867-03:00 [ERR] (Microsoft.Extensions.Diagnostics.HealthChecks.DefaultHealthCheckService) Health check "Google Ping" completed after 20.9822ms with status Unhealthy and '"Ping check status [TimedOut]. Host www.google.com did not respond within 300 ms."'
2020-06-04T21:33:11.8012607-03:00 [ERR] (Microsoft.Extensions.Diagnostics.HealthChecks.DefaultHealthCheckService) Health check "Google Ping" completed after 12.6373ms with status Unhealthy and '"Ping check status [TimedOut]. Host www.google.com did not respond within 300 ms."'
2020-06-04T21:43:48.0986859-03:00 [WRN] (Microsoft.AspNetCore.HttpsPolicy.HttpsRedirectionMiddleware) Failed to determine the https port for redirect.
2020-06-04T21:49:42.7837687-03:00 [WRN] (Microsoft.AspNetCore.HttpsPolicy.HttpsRedirectionMiddleware) Failed to determine the https port for redirect.
2020-06-04T21:51:43.2289767-03:00 [WRN] (Microsoft.AspNetCore.HttpsPolicy.HttpsRedirectionMiddleware) Failed to determine the https port for redirect.
2020-06-04T21:52:04.3044184-03:00 [ERR] (Microsoft.Extensions.Diagnostics.HealthChecks.DefaultHealthCheckService) Health check "Google Ping" completed after 7.3807ms with status Unhealthy and '"Ping check status [TimedOut]. Host www.google.com did not respond within 300 ms."'
2020-06-04T21:52:10.5044295-03:00 [ERR] (buying_order_server.Services.EcosysApi) An error occurred trying to fetch provider 394019121
2020-06-04T21:52:10.6215168-03:00 [ERR] (buying_order_server.Services.EcosysApi) An error occurred trying to fetch provider 370316653
2020-06-04T21:52:10.7545501-03:00 [ERR] (buying_order_server.Services.EcosysApi) An error occurred trying to fetch provider 370316653
2020-06-04T21:52:10.7841823-03:00 [ERR] (buying_order_server.Services.EcosysApi) An error occurred trying to fetch provider 412317761
2020-06-04T21:52:10.7841701-03:00 [ERR] (buying_order_server.Services.EcosysApi) An error occurred trying to fetch provider 372034247
2020-06-04T21:52:10.8419923-03:00 [ERR] (buying_order_server.Services.EcosysApi) An error occurred trying to fetch provider 432427644
2020-06-04T21:52:10.8997730-03:00 [ERR] (buying_order_server.Services.EcosysApi) An error occurred trying to fetch provider 432427644
2020-06-04T21:52:10.9836108-03:00 [ERR] (buying_order_server.Services.EcosysApi) An error occurred trying to fetch provider 371892228
2020-06-04T21:52:11.0145262-03:00 [ERR] (buying_order_server.Services.EcosysApi) An error occurred trying to fetch provider 370013004
2020-06-04T21:52:11.1332597-03:00 [ERR] (buying_order_server.Services.EcosysApi) An error occurred trying to fetch provider 372035326
2020-06-04T21:52:11.1913398-03:00 [ERR] (buying_order_server.Services.EcosysApi) An error occurred trying to fetch provider 371895532
2020-06-04T21:52:11.2462019-03:00 [ERR] (buying_order_server.Services.EcosysApi) An error occurred trying to fetch provider 375089222
2020-06-04T21:52:11.0758027-03:00 [ERR] (buying_order_server.Services.EcosysApi) An error occurred trying to fetch provider 371909883
2020-06-04T21:52:11.3112177-03:00 [ERR] (buying_order_server.Services.EcosysApi) An error occurred trying to fetch provider 372779714
2020-06-04T21:52:11.3797879-03:00 [ERR] (buying_order_server.Services.EcosysApi) An error occurred trying to fetch provider 371972980
2020-06-04T21:52:11.4369408-03:00 [ERR] (buying_order_server.Services.EcosysApi) An error occurred trying to fetch provider 379479212
2020-06-04T21:52:11.4892945-03:00 [ERR] (buying_order_server.Services.EcosysApi) An error occurred trying to fetch provider 373504039
2020-06-04T21:52:11.5462100-03:00 [ERR] (buying_order_server.Services.EcosysApi) An error occurred trying to fetch provider 373996948
2020-06-04T21:52:11.6015063-03:00 [ERR] (buying_order_server.Services.EcosysApi) An error occurred trying to fetch provider 372034247
2020-06-04T21:52:11.6593550-03:00 [ERR] (buying_order_server.Services.EcosysApi) An error occurred trying to fetch provider 372825697
2020-06-04T21:52:11.7129818-03:00 [ERR] (buying_order_server.Services.EcosysApi) An error occurred trying to fetch provider 374041276
2020-06-04T21:52:11.7890740-03:00 [ERR] (buying_order_server.Services.EcosysApi) An error occurred trying to fetch provider 372825385
2020-06-04T21:52:11.8173969-03:00 [ERR] (buying_order_server.Services.EcosysApi) An error occurred trying to fetch provider 372035326
2020-06-04T21:52:11.9260665-03:00 [ERR] (buying_order_server.Services.EcosysApi) An error occurred trying to fetch provider 370013004
2020-06-04T21:52:11.9262494-03:00 [ERR] (buying_order_server.Services.EcosysApi) An error occurred trying to fetch provider 375546858
2020-06-04T21:52:11.9813014-03:00 [ERR] (buying_order_server.Services.EcosysApi) An error occurred trying to fetch provider 376666560
2020-06-04T21:52:12.0344848-03:00 [ERR] (buying_order_server.Services.EcosysApi) An error occurred trying to fetch provider 371891397
2020-06-04T21:52:12.0873529-03:00 [ERR] (buying_order_server.Services.EcosysApi) An error occurred trying to fetch provider 371895532
2020-06-04T21:52:12.1898594-03:00 [ERR] (buying_order_server.Services.EcosysApi) An error occurred trying to fetch provider 371972980
2020-06-04T21:52:12.1908483-03:00 [ERR] (buying_order_server.Services.EcosysApi) An error occurred trying to fetch provider 373996948
2020-06-04T21:52:12.2667212-03:00 [ERR] (buying_order_server.Services.EcosysApi) An error occurred trying to fetch provider 375089222
2020-06-04T21:52:12.2948128-03:00 [ERR] (buying_order_server.Services.EcosysApi) An error occurred trying to fetch provider 375087474
2020-06-04T21:52:12.3550816-03:00 [ERR] (buying_order_server.Services.EcosysApi) An error occurred trying to fetch provider 533325294
2020-06-04T21:52:12.4139315-03:00 [ERR] (buying_order_server.Services.EcosysApi) An error occurred trying to fetch provider 371892228
2020-06-04T21:52:12.4923714-03:00 [ERR] (buying_order_server.Services.EcosysApi) An error occurred trying to fetch provider 533374652
2020-06-04T21:52:12.5203967-03:00 [ERR] (buying_order_server.Services.EcosysApi) An error occurred trying to fetch provider 371963309
2020-06-04T21:52:12.5733423-03:00 [ERR] (buying_order_server.Services.EcosysApi) An error occurred trying to fetch provider 394019121
2020-06-04T21:52:12.6292725-03:00 [ERR] (buying_order_server.Services.EcosysApi) An error occurred trying to fetch provider 394019121
2020-06-04T21:52:12.7060591-03:00 [ERR] (buying_order_server.Services.EcosysApi) An error occurred trying to fetch provider 371928840
2020-06-04T21:52:12.7342066-03:00 [ERR] (buying_order_server.Services.EcosysApi) An error occurred trying to fetch provider 371895532
2020-06-04T21:52:12.7865297-03:00 [ERR] (buying_order_server.Services.EcosysApi) An error occurred trying to fetch provider 394019121
2020-06-04T21:52:12.8391019-03:00 [ERR] (buying_order_server.Services.EcosysApi) An error occurred trying to fetch provider 394019121
2020-06-04T21:52:12.8923048-03:00 [ERR] (buying_order_server.Services.EcosysApi) An error occurred trying to fetch provider 394019121
2020-06-04T21:52:12.9433416-03:00 [ERR] (buying_order_server.Services.EcosysApi) An error occurred trying to fetch provider 394019121
2020-06-04T21:52:12.9992615-03:00 [ERR] (buying_order_server.Services.EcosysApi) An error occurred trying to fetch provider 394019121
2020-06-04T21:52:13.0508919-03:00 [ERR] (buying_order_server.Services.EcosysApi) An error occurred trying to fetch provider 466398281
2020-06-04T21:52:13.1037890-03:00 [ERR] (buying_order_server.Services.EcosysApi) An error occurred trying to fetch provider 394019121
2020-06-04T21:52:13.1577489-03:00 [ERR] (buying_order_server.Services.EcosysApi) An error occurred trying to fetch provider 394019121
2020-06-04T21:52:13.2171074-03:00 [ERR] (buying_order_server.Services.EcosysApi) An error occurred trying to fetch provider 370316653
2020-06-04T21:52:13.2938112-03:00 [ERR] (buying_order_server.Services.EcosysApi) An error occurred trying to fetch provider 371895532
2020-06-04T21:52:13.3220500-03:00 [ERR] (buying_order_server.Services.EcosysApi) An error occurred trying to fetch provider 432427644
2020-06-04T21:52:13.3745856-03:00 [ERR] (buying_order_server.Services.EcosysApi) An error occurred trying to fetch provider 371895532
2020-06-04T21:52:13.4262581-03:00 [ERR] (buying_order_server.Services.EcosysApi) An error occurred trying to fetch provider 533473114
2020-06-04T21:52:13.4769818-03:00 [ERR] (buying_order_server.Services.EcosysApi) An error occurred trying to fetch provider 375087474
2020-06-04T21:52:13.5291470-03:00 [ERR] (buying_order_server.Services.EcosysApi) An error occurred trying to fetch provider 487336014
2020-06-04T21:52:13.5823756-03:00 [ERR] (buying_order_server.Services.EcosysApi) An error occurred trying to fetch provider 532556426
2020-06-04T21:52:13.6362682-03:00 [ERR] (buying_order_server.Services.EcosysApi) An error occurred trying to fetch provider 373506626
2020-06-04T21:52:13.6913468-03:00 [ERR] (buying_order_server.Services.EcosysApi) An error occurred trying to fetch provider 371892228
2020-06-04T21:52:13.7435791-03:00 [ERR] (buying_order_server.Services.EcosysApi) An error occurred trying to fetch provider 432427644
2020-06-04T21:52:13.7961705-03:00 [ERR] (buying_order_server.Services.EcosysApi) An error occurred trying to fetch provider 375764988
2020-06-04T21:52:13.8709188-03:00 [ERR] (buying_order_server.Services.EcosysApi) An error occurred trying to fetch provider 371891397
2020-06-04T21:52:13.9217486-03:00 [ERR] (buying_order_server.Services.EcosysApi) An error occurred trying to fetch provider 534587878
2020-06-04T21:52:13.9489060-03:00 [ERR] (buying_order_server.Services.EcosysApi) An error occurred trying to fetch provider 374041276
2020-06-04T21:52:14.0008653-03:00 [ERR] (buying_order_server.Services.EcosysApi) An error occurred trying to fetch provider 372392258
2020-06-04T21:52:14.0542359-03:00 [ERR] (buying_order_server.Services.EcosysApi) An error occurred trying to fetch provider 371963309
2020-06-04T21:52:14.1055170-03:00 [ERR] (buying_order_server.Services.EcosysApi) An error occurred trying to fetch provider 373504039
2020-06-04T21:52:14.1564024-03:00 [ERR] (buying_order_server.Services.EcosysApi) An error occurred trying to fetch provider 371909883
2020-06-04T21:52:14.2082167-03:00 [ERR] (buying_order_server.Services.EcosysApi) An error occurred trying to fetch provider 371972980
2020-06-04T21:52:14.2657372-03:00 [ERR] (buying_order_server.Services.EcosysApi) An error occurred trying to fetch provider 371895532
2020-06-04T21:52:14.3182161-03:00 [ERR] (buying_order_server.Services.EcosysApi) An error occurred trying to fetch provider 375544432
2020-06-04T21:52:14.3688911-03:00 [ERR] (buying_order_server.Services.EcosysApi) An error occurred trying to fetch provider 375087474
2020-06-04T21:52:14.4208998-03:00 [ERR] (buying_order_server.Services.EcosysApi) An error occurred trying to fetch provider 373996948
2020-06-04T21:52:14.4719890-03:00 [ERR] (buying_order_server.Services.EcosysApi) An error occurred trying to fetch provider 370316653
2020-06-04T21:52:14.5232930-03:00 [ERR] (buying_order_server.Services.EcosysApi) An error occurred trying to fetch provider 372034247
2020-06-04T21:52:14.5736328-03:00 [ERR] (buying_order_server.Services.EcosysApi) An error occurred trying to fetch provider 515275409
2020-06-04T21:52:14.6742944-03:00 [ERR] (buying_order_server.Services.EcosysApi) An error occurred trying to fetch provider 372825697
2020-06-04T21:52:14.7285739-03:00 [ERR] (buying_order_server.Services.EcosysApi) An error occurred trying to fetch provider 371963309
2020-06-04T21:52:14.7289398-03:00 [ERR] (buying_order_server.Services.EcosysApi) An error occurred trying to fetch provider 375089222
2020-06-04T21:52:14.7797754-03:00 [ERR] (buying_order_server.Services.EcosysApi) An error occurred trying to fetch provider 374041276
2020-06-04T21:52:14.9333232-03:00 [ERR] (buying_order_server.Services.EcosysApi) An error occurred trying to fetch provider 371895532
2020-06-04T21:52:14.8822456-03:00 [ERR] (buying_order_server.Services.EcosysApi) An error occurred trying to fetch provider 372035326
2020-06-04T21:52:14.8822463-03:00 [ERR] (buying_order_server.Services.EcosysApi) An error occurred trying to fetch provider 432152327
2020-06-04T21:52:15.0055527-03:00 [ERR] (buying_order_server.Services.EcosysApi) An error occurred trying to fetch provider 372034247
2020-06-04T21:52:15.0327045-03:00 [ERR] (buying_order_server.Services.EcosysApi) An error occurred trying to fetch provider 372039591
2020-06-04T21:52:15.0853672-03:00 [ERR] (buying_order_server.Services.EcosysApi) An error occurred trying to fetch provider 535793135
2020-06-04T21:52:15.1616832-03:00 [ERR] (buying_order_server.Services.EcosysApi) An error occurred trying to fetch provider 373504039
2020-06-04T21:52:15.1896373-03:00 [ERR] (buying_order_server.Services.EcosysApi) An error occurred trying to fetch provider 384343419
2020-06-04T22:11:09.6741840-03:00 [WRN] (Microsoft.AspNetCore.HttpsPolicy.HttpsRedirectionMiddleware) Failed to determine the https port for redirect.
2020-06-04T22:12:07.4203289-03:00 [WRN] (Microsoft.AspNetCore.HttpsPolicy.HttpsRedirectionMiddleware) Failed to determine the https port for redirect.
2020-06-04T22:13:16.2943039-03:00 [WRN] (Microsoft.AspNetCore.HttpsPolicy.HttpsRedirectionMiddleware) Failed to determine the https port for redirect.
