2020-05-04T10:15:58.7935654-03:00 [ERR] (Microsoft.Extensions.Diagnostics.HealthChecks.DefaultHealthCheckService) Health check "Google Ping" completed after 9.9948ms with status Unhealthy and '"Ping check status [TimedOut]. Host www.google.com did not respond within 300 ms."'
2020-05-04T10:17:45.9518168-03:00 [WRN] (Microsoft.Extensions.Diagnostics.HealthChecks.DefaultHealthCheckService) Health check "Ecosys Api" completed after 10006.0348ms with status Degraded and 'null'
2020-05-04T10:21:24.7900992-03:00 [ERR] (Microsoft.Extensions.Diagnostics.HealthChecks.DefaultHealthCheckService) Health check "Google Ping" completed after 19.7764ms with status Unhealthy and '"Ping check status [TimedOut]. Host www.google.com did not respond within 300 ms."'
2020-05-04T10:23:17.2896397-03:00 [ERR] (Microsoft.Extensions.Diagnostics.HealthChecks.DefaultHealthCheckService) Health check "Google Ping" completed after 8.0251ms with status Unhealthy and '"Ping check status [TimedOut]. Host www.google.com did not respond within 300 ms."'
2020-05-04T10:29:48.7898625-03:00 [ERR] (Microsoft.Extensions.Diagnostics.HealthChecks.DefaultHealthCheckService) Health check "Google Ping" completed after 15.8366ms with status Unhealthy and '"Ping check status [TimedOut]. Host www.google.com did not respond within 300 ms."'
2020-05-04T10:33:36.2895155-03:00 [ERR] (Microsoft.Extensions.Diagnostics.HealthChecks.DefaultHealthCheckService) Health check "Google Ping" completed after 9.7143ms with status Unhealthy and '"Ping check status [TimedOut]. Host www.google.com did not respond within 300 ms."'
2020-05-04T10:35:49.2897876-03:00 [ERR] (Microsoft.Extensions.Diagnostics.HealthChecks.DefaultHealthCheckService) Health check "Google Ping" completed after 19.9107ms with status Unhealthy and '"Ping check status [TimedOut]. Host www.google.com did not respond within 300 ms."'
2020-05-04T10:42:58.7890697-03:00 [ERR] (Microsoft.Extensions.Diagnostics.HealthChecks.DefaultHealthCheckService) Health check "Google Ping" completed after 6.4163ms with status Unhealthy and '"Ping check status [TimedOut]. Host www.google.com did not respond within 300 ms."'
2020-05-04T10:48:01.8850174-03:00 [WRN] (AutoWrapper.AutoWrapperMiddleware) The response has already started, the AutoWrapper middleware will not be executed.
2020-05-04T10:48:01.8962193-03:00 [ERR] (Microsoft.AspNetCore.Server.Kestrel) Connection id ""0HLVG6601OOR6"", Request id ""0HLVG6601OOR6:00000001"": An unhandled exception was thrown by the application.
System.InvalidOperationException: Response Content-Length mismatch: too few bytes written (0 of 69).
2020-05-04T10:48:07.3576374-03:00 [WRN] (AutoWrapper.AutoWrapperMiddleware) The response has already started, the AutoWrapper middleware will not be executed.
2020-05-04T10:48:07.3602024-03:00 [ERR] (Microsoft.AspNetCore.Server.Kestrel) Connection id ""0HLVG6601OOR6"", Request id ""0HLVG6601OOR6:00000005"": An unhandled exception was thrown by the application.
System.InvalidOperationException: Response Content-Length mismatch: too few bytes written (0 of 69).
2020-05-04T10:48:36.2924385-03:00 [ERR] (Microsoft.Extensions.Diagnostics.HealthChecks.DefaultHealthCheckService) Health check "Google Ping" completed after 3.8223ms with status Unhealthy and '"Ping check status [TimedOut]. Host www.google.com did not respond within 300 ms."'
2020-05-04T10:50:55.9141637-03:00 [FTL] (Microsoft.AspNetCore.Hosting.Diagnostics) Application startup exception
System.InvalidOperationException: The CORS protocol does not allow specifying a wildcard (any) origin and credentials at the same time. Configure the CORS policy by listing individual origins if credentials needs to be supported.
   at Microsoft.AspNetCore.Cors.Infrastructure.CorsPolicyBuilder.Build()
   at Microsoft.AspNetCore.Cors.Infrastructure.CorsOptions.AddPolicy(String name, Action`1 configurePolicy)
   at buying_order_server.Startup.<>c.<ConfigureServices>b__4_0(CorsOptions options) in C:\Users\thoma\git\buying-order-server\buying_order_server\Startup.cs:line 35
   at Microsoft.Extensions.Options.ConfigureNamedOptions`1.Configure(String name, TOptions options)
   at Microsoft.Extensions.Options.OptionsFactory`1.Create(String name)
   at Microsoft.Extensions.Options.OptionsManager`1.<>c__DisplayClass5_0.<Get>b__0()
   at System.Lazy`1.ViaFactory(LazyThreadSafetyMode mode)
   at System.Lazy`1.ExecutionAndPublication(LazyHelper executionAndPublication, Boolean useDefaultConstructor)
   at System.Lazy`1.CreateValue()
   at System.Lazy`1.get_Value()
   at Microsoft.Extensions.Options.OptionsCache`1.GetOrAdd(String name, Func`1 createOptions)
   at Microsoft.Extensions.Options.OptionsManager`1.Get(String name)
   at Microsoft.Extensions.Options.OptionsManager`1.get_Value()
   at Microsoft.AspNetCore.Cors.Infrastructure.CorsService..ctor(IOptions`1 options, ILoggerFactory loggerFactory)
   at System.RuntimeMethodHandle.InvokeMethod(Object target, Object[] arguments, Signature sig, Boolean constructor, Boolean wrapExceptions)
   at System.Reflection.RuntimeConstructorInfo.Invoke(BindingFlags invokeAttr, Binder binder, Object[] parameters, CultureInfo culture)
   at Microsoft.Extensions.DependencyInjection.ServiceLookup.CallSiteRuntimeResolver.VisitConstructor(ConstructorCallSite constructorCallSite, RuntimeResolverContext context)
   at Microsoft.Extensions.DependencyInjection.ServiceLookup.CallSiteVisitor`2.VisitCallSiteMain(ServiceCallSite callSite, TArgument argument)
   at Microsoft.Extensions.DependencyInjection.ServiceLookup.CallSiteRuntimeResolver.VisitDisposeCache(ServiceCallSite transientCallSite, RuntimeResolverContext context)
   at Microsoft.Extensions.DependencyInjection.ServiceLookup.CallSiteVisitor`2.VisitCallSite(ServiceCallSite callSite, TArgument argument)
   at Microsoft.Extensions.DependencyInjection.ServiceLookup.CallSiteRuntimeResolver.Resolve(ServiceCallSite callSite, ServiceProviderEngineScope scope)
   at Microsoft.Extensions.DependencyInjection.ServiceLookup.DynamicServiceProviderEngine.<>c__DisplayClass1_0.<RealizeService>b__0(ServiceProviderEngineScope scope)
   at Microsoft.Extensions.DependencyInjection.ServiceLookup.ServiceProviderEngine.GetService(Type serviceType, ServiceProviderEngineScope serviceProviderEngineScope)
   at Microsoft.Extensions.DependencyInjection.ServiceLookup.ServiceProviderEngineScope.GetService(Type serviceType)
   at Microsoft.Extensions.Internal.ActivatorUtilities.ConstructorMatcher.CreateInstance(IServiceProvider provider)
   at Microsoft.Extensions.Internal.ActivatorUtilities.CreateInstance(IServiceProvider provider, Type instanceType, Object[] parameters)
   at Microsoft.AspNetCore.Builder.UseMiddlewareExtensions.<>c__DisplayClass4_0.<UseMiddleware>b__0(RequestDelegate next)
   at Microsoft.AspNetCore.Builder.ApplicationBuilder.Build()
   at Microsoft.AspNetCore.Hosting.GenericWebHostService.StartAsync(CancellationToken cancellationToken)
2020-05-04T11:32:09.5883364-03:00 [WRN] (AutoWrapper.AutoWrapperMiddleware) The response has already started, the AutoWrapper middleware will not be executed.
2020-05-04T11:32:09.5992358-03:00 [ERR] (Microsoft.AspNetCore.Server.Kestrel) Connection id ""0HLVG6VK28JIB"", Request id ""0HLVG6VK28JIB:00000001"": An unhandled exception was thrown by the application.
System.InvalidOperationException: Response Content-Length mismatch: too few bytes written (0 of 69).
2020-05-04T11:35:16.2932037-03:00 [ERR] (Microsoft.Extensions.Diagnostics.HealthChecks.DefaultHealthCheckService) Health check "Google Ping" completed after 11.2654ms with status Unhealthy and '"Ping check status [TimedOut]. Host www.google.com did not respond within 300 ms."'
2020-05-04T11:42:45.7901429-03:00 [ERR] (Microsoft.Extensions.Diagnostics.HealthChecks.DefaultHealthCheckService) Health check "Google Ping" completed after 18.8894ms with status Unhealthy and '"Ping check status [TimedOut]. Host www.google.com did not respond within 300 ms."'
2020-05-04T11:45:35.7891743-03:00 [ERR] (Microsoft.Extensions.Diagnostics.HealthChecks.DefaultHealthCheckService) Health check "Google Ping" completed after 6.863ms with status Unhealthy and '"Ping check status [TimedOut]. Host www.google.com did not respond within 300 ms."'
2020-05-04T11:47:21.3956815-03:00 [FTL] (Microsoft.AspNetCore.Hosting.Diagnostics) Application startup exception
System.NullReferenceException: Object reference not set to an instance of an object.
   at Microsoft.AspNetCore.Cors.Infrastructure.CorsPolicyBuilder.GetNormalizedOrigin(String origin)
   at Microsoft.AspNetCore.Cors.Infrastructure.CorsPolicyBuilder.WithOrigins(String[] origins)
   at buying_order_server.Startup.<ConfigureServices>b__4_3(CorsPolicyBuilder builder) in C:\Users\thoma\git\buying-order-server\buying_order_server\Startup.cs:line 36
   at Microsoft.AspNetCore.Cors.Infrastructure.CorsOptions.AddPolicy(String name, Action`1 configurePolicy)
   at buying_order_server.Startup.<ConfigureServices>b__4_0(CorsOptions options) in C:\Users\thoma\git\buying-order-server\buying_order_server\Startup.cs:line 35
   at Microsoft.Extensions.Options.ConfigureNamedOptions`1.Configure(String name, TOptions options)
   at Microsoft.Extensions.Options.OptionsFactory`1.Create(String name)
   at Microsoft.Extensions.Options.OptionsManager`1.<>c__DisplayClass5_0.<Get>b__0()
   at System.Lazy`1.ViaFactory(LazyThreadSafetyMode mode)
   at System.Lazy`1.ExecutionAndPublication(LazyHelper executionAndPublication, Boolean useDefaultConstructor)
   at System.Lazy`1.CreateValue()
   at System.Lazy`1.get_Value()
   at Microsoft.Extensions.Options.OptionsCache`1.GetOrAdd(String name, Func`1 createOptions)
   at Microsoft.Extensions.Options.OptionsManager`1.Get(String name)
   at Microsoft.Extensions.Options.OptionsManager`1.get_Value()
   at Microsoft.AspNetCore.Cors.Infrastructure.CorsService..ctor(IOptions`1 options, ILoggerFactory loggerFactory)
   at System.RuntimeMethodHandle.InvokeMethod(Object target, Object[] arguments, Signature sig, Boolean constructor, Boolean wrapExceptions)
   at System.Reflection.RuntimeConstructorInfo.Invoke(BindingFlags invokeAttr, Binder binder, Object[] parameters, CultureInfo culture)
   at Microsoft.Extensions.DependencyInjection.ServiceLookup.CallSiteRuntimeResolver.VisitConstructor(ConstructorCallSite constructorCallSite, RuntimeResolverContext context)
   at Microsoft.Extensions.DependencyInjection.ServiceLookup.CallSiteVisitor`2.VisitCallSiteMain(ServiceCallSite callSite, TArgument argument)
   at Microsoft.Extensions.DependencyInjection.ServiceLookup.CallSiteRuntimeResolver.VisitDisposeCache(ServiceCallSite transientCallSite, RuntimeResolverContext context)
   at Microsoft.Extensions.DependencyInjection.ServiceLookup.CallSiteVisitor`2.VisitCallSite(ServiceCallSite callSite, TArgument argument)
   at Microsoft.Extensions.DependencyInjection.ServiceLookup.CallSiteRuntimeResolver.Resolve(ServiceCallSite callSite, ServiceProviderEngineScope scope)
   at Microsoft.Extensions.DependencyInjection.ServiceLookup.DynamicServiceProviderEngine.<>c__DisplayClass1_0.<RealizeService>b__0(ServiceProviderEngineScope scope)
   at Microsoft.Extensions.DependencyInjection.ServiceLookup.ServiceProviderEngine.GetService(Type serviceType, ServiceProviderEngineScope serviceProviderEngineScope)
   at Microsoft.Extensions.DependencyInjection.ServiceLookup.ServiceProviderEngineScope.GetService(Type serviceType)
   at Microsoft.Extensions.Internal.ActivatorUtilities.ConstructorMatcher.CreateInstance(IServiceProvider provider)
   at Microsoft.Extensions.Internal.ActivatorUtilities.CreateInstance(IServiceProvider provider, Type instanceType, Object[] parameters)
   at Microsoft.AspNetCore.Builder.UseMiddlewareExtensions.<>c__DisplayClass4_0.<UseMiddleware>b__0(RequestDelegate next)
   at Microsoft.AspNetCore.Builder.ApplicationBuilder.Build()
   at Microsoft.AspNetCore.Hosting.GenericWebHostService.StartAsync(CancellationToken cancellationToken)
2020-05-04T16:03:22.9831397-03:00 [FTL] (Microsoft.AspNetCore.Hosting.Diagnostics) Application startup exception
System.NullReferenceException: Object reference not set to an instance of an object.
   at Microsoft.AspNetCore.Cors.Infrastructure.CorsPolicyBuilder.GetNormalizedOrigin(String origin)
   at Microsoft.AspNetCore.Cors.Infrastructure.CorsPolicyBuilder.WithOrigins(String[] origins)
   at buying_order_server.Startup.<ConfigureServices>b__4_3(CorsPolicyBuilder builder) in C:\Users\thoma\git\buying-order-server\buying_order_server\Startup.cs:line 36
   at Microsoft.AspNetCore.Cors.Infrastructure.CorsOptions.AddPolicy(String name, Action`1 configurePolicy)
   at buying_order_server.Startup.<ConfigureServices>b__4_0(CorsOptions options) in C:\Users\thoma\git\buying-order-server\buying_order_server\Startup.cs:line 35
   at Microsoft.Extensions.Options.ConfigureNamedOptions`1.Configure(String name, TOptions options)
   at Microsoft.Extensions.Options.OptionsFactory`1.Create(String name)
   at Microsoft.Extensions.Options.OptionsManager`1.<>c__DisplayClass5_0.<Get>b__0()
   at System.Lazy`1.ViaFactory(LazyThreadSafetyMode mode)
   at System.Lazy`1.ExecutionAndPublication(LazyHelper executionAndPublication, Boolean useDefaultConstructor)
   at System.Lazy`1.CreateValue()
   at System.Lazy`1.get_Value()
   at Microsoft.Extensions.Options.OptionsCache`1.GetOrAdd(String name, Func`1 createOptions)
   at Microsoft.Extensions.Options.OptionsManager`1.Get(String name)
   at Microsoft.Extensions.Options.OptionsManager`1.get_Value()
   at Microsoft.AspNetCore.Cors.Infrastructure.CorsService..ctor(IOptions`1 options, ILoggerFactory loggerFactory)
   at System.RuntimeMethodHandle.InvokeMethod(Object target, Object[] arguments, Signature sig, Boolean constructor, Boolean wrapExceptions)
   at System.Reflection.RuntimeConstructorInfo.Invoke(BindingFlags invokeAttr, Binder binder, Object[] parameters, CultureInfo culture)
   at Microsoft.Extensions.DependencyInjection.ServiceLookup.CallSiteRuntimeResolver.VisitConstructor(ConstructorCallSite constructorCallSite, RuntimeResolverContext context)
   at Microsoft.Extensions.DependencyInjection.ServiceLookup.CallSiteVisitor`2.VisitCallSiteMain(ServiceCallSite callSite, TArgument argument)
   at Microsoft.Extensions.DependencyInjection.ServiceLookup.CallSiteRuntimeResolver.VisitDisposeCache(ServiceCallSite transientCallSite, RuntimeResolverContext context)
   at Microsoft.Extensions.DependencyInjection.ServiceLookup.CallSiteVisitor`2.VisitCallSite(ServiceCallSite callSite, TArgument argument)
   at Microsoft.Extensions.DependencyInjection.ServiceLookup.CallSiteRuntimeResolver.Resolve(ServiceCallSite callSite, ServiceProviderEngineScope scope)
   at Microsoft.Extensions.DependencyInjection.ServiceLookup.DynamicServiceProviderEngine.<>c__DisplayClass1_0.<RealizeService>b__0(ServiceProviderEngineScope scope)
   at Microsoft.Extensions.DependencyInjection.ServiceLookup.ServiceProviderEngine.GetService(Type serviceType, ServiceProviderEngineScope serviceProviderEngineScope)
   at Microsoft.Extensions.DependencyInjection.ServiceLookup.ServiceProviderEngineScope.GetService(Type serviceType)
   at Microsoft.Extensions.Internal.ActivatorUtilities.ConstructorMatcher.CreateInstance(IServiceProvider provider)
   at Microsoft.Extensions.Internal.ActivatorUtilities.CreateInstance(IServiceProvider provider, Type instanceType, Object[] parameters)
   at Microsoft.AspNetCore.Builder.UseMiddlewareExtensions.<>c__DisplayClass4_0.<UseMiddleware>b__0(RequestDelegate next)
   at Microsoft.AspNetCore.Builder.ApplicationBuilder.Build()
   at Microsoft.AspNetCore.Hosting.GenericWebHostService.StartAsync(CancellationToken cancellationToken)
2020-05-04T16:07:34.0348988-03:00 [FTL] (Microsoft.AspNetCore.Hosting.Diagnostics) Application startup exception
System.NullReferenceException: Object reference not set to an instance of an object.
   at Microsoft.AspNetCore.Cors.Infrastructure.CorsPolicyBuilder.GetNormalizedOrigin(String origin)
   at Microsoft.AspNetCore.Cors.Infrastructure.CorsPolicyBuilder.WithOrigins(String[] origins)
   at buying_order_server.Startup.<ConfigureServices>b__4_3(CorsPolicyBuilder builder) in C:\Users\thoma\git\buying-order-server\buying_order_server\Startup.cs:line 36
   at Microsoft.AspNetCore.Cors.Infrastructure.CorsOptions.AddPolicy(String name, Action`1 configurePolicy)
   at buying_order_server.Startup.<ConfigureServices>b__4_0(CorsOptions options) in C:\Users\thoma\git\buying-order-server\buying_order_server\Startup.cs:line 35
   at Microsoft.Extensions.Options.ConfigureNamedOptions`1.Configure(String name, TOptions options)
   at Microsoft.Extensions.Options.OptionsFactory`1.Create(String name)
   at Microsoft.Extensions.Options.OptionsManager`1.<>c__DisplayClass5_0.<Get>b__0()
   at System.Lazy`1.ViaFactory(LazyThreadSafetyMode mode)
   at System.Lazy`1.ExecutionAndPublication(LazyHelper executionAndPublication, Boolean useDefaultConstructor)
   at System.Lazy`1.CreateValue()
   at System.Lazy`1.get_Value()
   at Microsoft.Extensions.Options.OptionsCache`1.GetOrAdd(String name, Func`1 createOptions)
   at Microsoft.Extensions.Options.OptionsManager`1.Get(String name)
   at Microsoft.Extensions.Options.OptionsManager`1.get_Value()
   at Microsoft.AspNetCore.Cors.Infrastructure.CorsService..ctor(IOptions`1 options, ILoggerFactory loggerFactory)
   at System.RuntimeMethodHandle.InvokeMethod(Object target, Object[] arguments, Signature sig, Boolean constructor, Boolean wrapExceptions)
   at System.Reflection.RuntimeConstructorInfo.Invoke(BindingFlags invokeAttr, Binder binder, Object[] parameters, CultureInfo culture)
   at Microsoft.Extensions.DependencyInjection.ServiceLookup.CallSiteRuntimeResolver.VisitConstructor(ConstructorCallSite constructorCallSite, RuntimeResolverContext context)
   at Microsoft.Extensions.DependencyInjection.ServiceLookup.CallSiteVisitor`2.VisitCallSiteMain(ServiceCallSite callSite, TArgument argument)
   at Microsoft.Extensions.DependencyInjection.ServiceLookup.CallSiteRuntimeResolver.VisitDisposeCache(ServiceCallSite transientCallSite, RuntimeResolverContext context)
   at Microsoft.Extensions.DependencyInjection.ServiceLookup.CallSiteVisitor`2.VisitCallSite(ServiceCallSite callSite, TArgument argument)
   at Microsoft.Extensions.DependencyInjection.ServiceLookup.CallSiteRuntimeResolver.Resolve(ServiceCallSite callSite, ServiceProviderEngineScope scope)
   at Microsoft.Extensions.DependencyInjection.ServiceLookup.DynamicServiceProviderEngine.<>c__DisplayClass1_0.<RealizeService>b__0(ServiceProviderEngineScope scope)
   at Microsoft.Extensions.DependencyInjection.ServiceLookup.ServiceProviderEngine.GetService(Type serviceType, ServiceProviderEngineScope serviceProviderEngineScope)
   at Microsoft.Extensions.DependencyInjection.ServiceLookup.ServiceProviderEngineScope.GetService(Type serviceType)
   at Microsoft.Extensions.Internal.ActivatorUtilities.ConstructorMatcher.CreateInstance(IServiceProvider provider)
   at Microsoft.Extensions.Internal.ActivatorUtilities.CreateInstance(IServiceProvider provider, Type instanceType, Object[] parameters)
   at Microsoft.AspNetCore.Builder.UseMiddlewareExtensions.<>c__DisplayClass4_0.<UseMiddleware>b__0(RequestDelegate next)
   at Microsoft.AspNetCore.Builder.ApplicationBuilder.Build()
   at Microsoft.AspNetCore.Hosting.GenericWebHostService.StartAsync(CancellationToken cancellationToken)
2020-05-04T16:07:52.8022965-03:00 [FTL] (Microsoft.AspNetCore.Hosting.Diagnostics) Application startup exception
System.NullReferenceException: Object reference not set to an instance of an object.
   at Microsoft.AspNetCore.Cors.Infrastructure.CorsPolicyBuilder.GetNormalizedOrigin(String origin)
   at Microsoft.AspNetCore.Cors.Infrastructure.CorsPolicyBuilder.WithOrigins(String[] origins)
   at buying_order_server.Startup.<ConfigureServices>b__4_3(CorsPolicyBuilder builder) in C:\Users\thoma\git\buying-order-server\buying_order_server\Startup.cs:line 36
   at Microsoft.AspNetCore.Cors.Infrastructure.CorsOptions.AddPolicy(String name, Action`1 configurePolicy)
   at buying_order_server.Startup.<ConfigureServices>b__4_0(CorsOptions options) in C:\Users\thoma\git\buying-order-server\buying_order_server\Startup.cs:line 35
   at Microsoft.Extensions.Options.ConfigureNamedOptions`1.Configure(String name, TOptions options)
   at Microsoft.Extensions.Options.OptionsFactory`1.Create(String name)
   at Microsoft.Extensions.Options.OptionsManager`1.<>c__DisplayClass5_0.<Get>b__0()
   at System.Lazy`1.ViaFactory(LazyThreadSafetyMode mode)
   at System.Lazy`1.ExecutionAndPublication(LazyHelper executionAndPublication, Boolean useDefaultConstructor)
   at System.Lazy`1.CreateValue()
   at System.Lazy`1.get_Value()
   at Microsoft.Extensions.Options.OptionsCache`1.GetOrAdd(String name, Func`1 createOptions)
   at Microsoft.Extensions.Options.OptionsManager`1.Get(String name)
   at Microsoft.Extensions.Options.OptionsManager`1.get_Value()
   at Microsoft.AspNetCore.Cors.Infrastructure.CorsService..ctor(IOptions`1 options, ILoggerFactory loggerFactory)
   at System.RuntimeMethodHandle.InvokeMethod(Object target, Object[] arguments, Signature sig, Boolean constructor, Boolean wrapExceptions)
   at System.Reflection.RuntimeConstructorInfo.Invoke(BindingFlags invokeAttr, Binder binder, Object[] parameters, CultureInfo culture)
   at Microsoft.Extensions.DependencyInjection.ServiceLookup.CallSiteRuntimeResolver.VisitConstructor(ConstructorCallSite constructorCallSite, RuntimeResolverContext context)
   at Microsoft.Extensions.DependencyInjection.ServiceLookup.CallSiteVisitor`2.VisitCallSiteMain(ServiceCallSite callSite, TArgument argument)
   at Microsoft.Extensions.DependencyInjection.ServiceLookup.CallSiteRuntimeResolver.VisitDisposeCache(ServiceCallSite transientCallSite, RuntimeResolverContext context)
   at Microsoft.Extensions.DependencyInjection.ServiceLookup.CallSiteVisitor`2.VisitCallSite(ServiceCallSite callSite, TArgument argument)
   at Microsoft.Extensions.DependencyInjection.ServiceLookup.CallSiteRuntimeResolver.Resolve(ServiceCallSite callSite, ServiceProviderEngineScope scope)
   at Microsoft.Extensions.DependencyInjection.ServiceLookup.DynamicServiceProviderEngine.<>c__DisplayClass1_0.<RealizeService>b__0(ServiceProviderEngineScope scope)
   at Microsoft.Extensions.DependencyInjection.ServiceLookup.ServiceProviderEngine.GetService(Type serviceType, ServiceProviderEngineScope serviceProviderEngineScope)
   at Microsoft.Extensions.DependencyInjection.ServiceLookup.ServiceProviderEngineScope.GetService(Type serviceType)
   at Microsoft.Extensions.Internal.ActivatorUtilities.ConstructorMatcher.CreateInstance(IServiceProvider provider)
   at Microsoft.Extensions.Internal.ActivatorUtilities.CreateInstance(IServiceProvider provider, Type instanceType, Object[] parameters)
   at Microsoft.AspNetCore.Builder.UseMiddlewareExtensions.<>c__DisplayClass4_0.<UseMiddleware>b__0(RequestDelegate next)
   at Microsoft.AspNetCore.Builder.ApplicationBuilder.Build()
   at Microsoft.AspNetCore.Hosting.GenericWebHostService.StartAsync(CancellationToken cancellationToken)
2020-05-04T16:08:55.2375951-03:00 [FTL] (Microsoft.AspNetCore.Hosting.Diagnostics) Application startup exception
System.NullReferenceException: Object reference not set to an instance of an object.
   at Microsoft.AspNetCore.Cors.Infrastructure.CorsPolicyBuilder.GetNormalizedOrigin(String origin)
   at Microsoft.AspNetCore.Cors.Infrastructure.CorsPolicyBuilder.WithOrigins(String[] origins)
   at buying_order_server.Startup.<ConfigureServices>b__4_3(CorsPolicyBuilder builder) in C:\Users\thoma\git\buying-order-server\buying_order_server\Startup.cs:line 38
   at Microsoft.AspNetCore.Cors.Infrastructure.CorsOptions.AddPolicy(String name, Action`1 configurePolicy)
   at buying_order_server.Startup.<ConfigureServices>b__4_0(CorsOptions options) in C:\Users\thoma\git\buying-order-server\buying_order_server\Startup.cs:line 37
   at Microsoft.Extensions.Options.ConfigureNamedOptions`1.Configure(String name, TOptions options)
   at Microsoft.Extensions.Options.OptionsFactory`1.Create(String name)
   at Microsoft.Extensions.Options.OptionsManager`1.<>c__DisplayClass5_0.<Get>b__0()
   at System.Lazy`1.ViaFactory(LazyThreadSafetyMode mode)
   at System.Lazy`1.ExecutionAndPublication(LazyHelper executionAndPublication, Boolean useDefaultConstructor)
   at System.Lazy`1.CreateValue()
   at System.Lazy`1.get_Value()
   at Microsoft.Extensions.Options.OptionsCache`1.GetOrAdd(String name, Func`1 createOptions)
   at Microsoft.Extensions.Options.OptionsManager`1.Get(String name)
   at Microsoft.Extensions.Options.OptionsManager`1.get_Value()
   at Microsoft.AspNetCore.Cors.Infrastructure.CorsService..ctor(IOptions`1 options, ILoggerFactory loggerFactory)
   at System.RuntimeMethodHandle.InvokeMethod(Object target, Object[] arguments, Signature sig, Boolean constructor, Boolean wrapExceptions)
   at System.Reflection.RuntimeConstructorInfo.Invoke(BindingFlags invokeAttr, Binder binder, Object[] parameters, CultureInfo culture)
   at Microsoft.Extensions.DependencyInjection.ServiceLookup.CallSiteRuntimeResolver.VisitConstructor(ConstructorCallSite constructorCallSite, RuntimeResolverContext context)
   at Microsoft.Extensions.DependencyInjection.ServiceLookup.CallSiteVisitor`2.VisitCallSiteMain(ServiceCallSite callSite, TArgument argument)
   at Microsoft.Extensions.DependencyInjection.ServiceLookup.CallSiteRuntimeResolver.VisitDisposeCache(ServiceCallSite transientCallSite, RuntimeResolverContext context)
   at Microsoft.Extensions.DependencyInjection.ServiceLookup.CallSiteVisitor`2.VisitCallSite(ServiceCallSite callSite, TArgument argument)
   at Microsoft.Extensions.DependencyInjection.ServiceLookup.CallSiteRuntimeResolver.Resolve(ServiceCallSite callSite, ServiceProviderEngineScope scope)
   at Microsoft.Extensions.DependencyInjection.ServiceLookup.DynamicServiceProviderEngine.<>c__DisplayClass1_0.<RealizeService>b__0(ServiceProviderEngineScope scope)
   at Microsoft.Extensions.DependencyInjection.ServiceLookup.ServiceProviderEngine.GetService(Type serviceType, ServiceProviderEngineScope serviceProviderEngineScope)
   at Microsoft.Extensions.DependencyInjection.ServiceLookup.ServiceProviderEngineScope.GetService(Type serviceType)
   at Microsoft.Extensions.Internal.ActivatorUtilities.ConstructorMatcher.CreateInstance(IServiceProvider provider)
   at Microsoft.Extensions.Internal.ActivatorUtilities.CreateInstance(IServiceProvider provider, Type instanceType, Object[] parameters)
   at Microsoft.AspNetCore.Builder.UseMiddlewareExtensions.<>c__DisplayClass4_0.<UseMiddleware>b__0(RequestDelegate next)
   at Microsoft.AspNetCore.Builder.ApplicationBuilder.Build()
   at Microsoft.AspNetCore.Hosting.GenericWebHostService.StartAsync(CancellationToken cancellationToken)
2020-05-04T16:09:29.0834901-03:00 [FTL] (Microsoft.AspNetCore.Hosting.Diagnostics) Application startup exception
System.NullReferenceException: Object reference not set to an instance of an object.
   at Microsoft.AspNetCore.Cors.Infrastructure.CorsPolicyBuilder.GetNormalizedOrigin(String origin)
   at Microsoft.AspNetCore.Cors.Infrastructure.CorsPolicyBuilder.WithOrigins(String[] origins)
   at buying_order_server.Startup.<ConfigureServices>b__4_3(CorsPolicyBuilder builder) in C:\Users\thoma\git\buying-order-server\buying_order_server\Startup.cs:line 38
   at Microsoft.AspNetCore.Cors.Infrastructure.CorsOptions.AddPolicy(String name, Action`1 configurePolicy)
   at buying_order_server.Startup.<ConfigureServices>b__4_0(CorsOptions options) in C:\Users\thoma\git\buying-order-server\buying_order_server\Startup.cs:line 37
   at Microsoft.Extensions.Options.ConfigureNamedOptions`1.Configure(String name, TOptions options)
   at Microsoft.Extensions.Options.OptionsFactory`1.Create(String name)
   at Microsoft.Extensions.Options.OptionsManager`1.<>c__DisplayClass5_0.<Get>b__0()
   at System.Lazy`1.ViaFactory(LazyThreadSafetyMode mode)
   at System.Lazy`1.ExecutionAndPublication(LazyHelper executionAndPublication, Boolean useDefaultConstructor)
   at System.Lazy`1.CreateValue()
   at System.Lazy`1.get_Value()
   at Microsoft.Extensions.Options.OptionsCache`1.GetOrAdd(String name, Func`1 createOptions)
   at Microsoft.Extensions.Options.OptionsManager`1.Get(String name)
   at Microsoft.Extensions.Options.OptionsManager`1.get_Value()
   at Microsoft.AspNetCore.Cors.Infrastructure.CorsService..ctor(IOptions`1 options, ILoggerFactory loggerFactory)
   at System.RuntimeMethodHandle.InvokeMethod(Object target, Object[] arguments, Signature sig, Boolean constructor, Boolean wrapExceptions)
   at System.Reflection.RuntimeConstructorInfo.Invoke(BindingFlags invokeAttr, Binder binder, Object[] parameters, CultureInfo culture)
   at Microsoft.Extensions.DependencyInjection.ServiceLookup.CallSiteRuntimeResolver.VisitConstructor(ConstructorCallSite constructorCallSite, RuntimeResolverContext context)
   at Microsoft.Extensions.DependencyInjection.ServiceLookup.CallSiteVisitor`2.VisitCallSiteMain(ServiceCallSite callSite, TArgument argument)
   at Microsoft.Extensions.DependencyInjection.ServiceLookup.CallSiteRuntimeResolver.VisitDisposeCache(ServiceCallSite transientCallSite, RuntimeResolverContext context)
   at Microsoft.Extensions.DependencyInjection.ServiceLookup.CallSiteVisitor`2.VisitCallSite(ServiceCallSite callSite, TArgument argument)
   at Microsoft.Extensions.DependencyInjection.ServiceLookup.CallSiteRuntimeResolver.Resolve(ServiceCallSite callSite, ServiceProviderEngineScope scope)
   at Microsoft.Extensions.DependencyInjection.ServiceLookup.DynamicServiceProviderEngine.<>c__DisplayClass1_0.<RealizeService>b__0(ServiceProviderEngineScope scope)
   at Microsoft.Extensions.DependencyInjection.ServiceLookup.ServiceProviderEngine.GetService(Type serviceType, ServiceProviderEngineScope serviceProviderEngineScope)
   at Microsoft.Extensions.DependencyInjection.ServiceLookup.ServiceProviderEngineScope.GetService(Type serviceType)
   at Microsoft.Extensions.Internal.ActivatorUtilities.ConstructorMatcher.CreateInstance(IServiceProvider provider)
   at Microsoft.Extensions.Internal.ActivatorUtilities.CreateInstance(IServiceProvider provider, Type instanceType, Object[] parameters)
   at Microsoft.AspNetCore.Builder.UseMiddlewareExtensions.<>c__DisplayClass4_0.<UseMiddleware>b__0(RequestDelegate next)
   at Microsoft.AspNetCore.Builder.ApplicationBuilder.Build()
   at Microsoft.AspNetCore.Hosting.GenericWebHostService.StartAsync(CancellationToken cancellationToken)
2020-05-04T16:24:09.7305097-03:00 [FTL] (Microsoft.AspNetCore.Hosting.Diagnostics) Application startup exception
System.NullReferenceException: Object reference not set to an instance of an object.
   at Microsoft.AspNetCore.Cors.Infrastructure.CorsPolicyBuilder.GetNormalizedOrigin(String origin)
   at Microsoft.AspNetCore.Cors.Infrastructure.CorsPolicyBuilder.WithOrigins(String[] origins)
   at buying_order_server.Startup.<ConfigureServices>b__4_3(CorsPolicyBuilder builder) in C:\Users\thoma\git\buying-order-server\buying_order_server\Startup.cs:line 38
   at Microsoft.AspNetCore.Cors.Infrastructure.CorsOptions.AddPolicy(String name, Action`1 configurePolicy)
   at buying_order_server.Startup.<ConfigureServices>b__4_0(CorsOptions options) in C:\Users\thoma\git\buying-order-server\buying_order_server\Startup.cs:line 37
   at Microsoft.Extensions.Options.ConfigureNamedOptions`1.Configure(String name, TOptions options)
   at Microsoft.Extensions.Options.OptionsFactory`1.Create(String name)
   at Microsoft.Extensions.Options.OptionsManager`1.<>c__DisplayClass5_0.<Get>b__0()
   at System.Lazy`1.ViaFactory(LazyThreadSafetyMode mode)
   at System.Lazy`1.ExecutionAndPublication(LazyHelper executionAndPublication, Boolean useDefaultConstructor)
   at System.Lazy`1.CreateValue()
   at System.Lazy`1.get_Value()
   at Microsoft.Extensions.Options.OptionsCache`1.GetOrAdd(String name, Func`1 createOptions)
   at Microsoft.Extensions.Options.OptionsManager`1.Get(String name)
   at Microsoft.Extensions.Options.OptionsManager`1.get_Value()
   at Microsoft.AspNetCore.Cors.Infrastructure.CorsService..ctor(IOptions`1 options, ILoggerFactory loggerFactory)
   at System.RuntimeMethodHandle.InvokeMethod(Object target, Object[] arguments, Signature sig, Boolean constructor, Boolean wrapExceptions)
   at System.Reflection.RuntimeConstructorInfo.Invoke(BindingFlags invokeAttr, Binder binder, Object[] parameters, CultureInfo culture)
   at Microsoft.Extensions.DependencyInjection.ServiceLookup.CallSiteRuntimeResolver.VisitConstructor(ConstructorCallSite constructorCallSite, RuntimeResolverContext context)
   at Microsoft.Extensions.DependencyInjection.ServiceLookup.CallSiteVisitor`2.VisitCallSiteMain(ServiceCallSite callSite, TArgument argument)
   at Microsoft.Extensions.DependencyInjection.ServiceLookup.CallSiteRuntimeResolver.VisitDisposeCache(ServiceCallSite transientCallSite, RuntimeResolverContext context)
   at Microsoft.Extensions.DependencyInjection.ServiceLookup.CallSiteVisitor`2.VisitCallSite(ServiceCallSite callSite, TArgument argument)
   at Microsoft.Extensions.DependencyInjection.ServiceLookup.CallSiteRuntimeResolver.Resolve(ServiceCallSite callSite, ServiceProviderEngineScope scope)
   at Microsoft.Extensions.DependencyInjection.ServiceLookup.DynamicServiceProviderEngine.<>c__DisplayClass1_0.<RealizeService>b__0(ServiceProviderEngineScope scope)
   at Microsoft.Extensions.DependencyInjection.ServiceLookup.ServiceProviderEngine.GetService(Type serviceType, ServiceProviderEngineScope serviceProviderEngineScope)
   at Microsoft.Extensions.DependencyInjection.ServiceLookup.ServiceProviderEngineScope.GetService(Type serviceType)
   at Microsoft.Extensions.Internal.ActivatorUtilities.ConstructorMatcher.CreateInstance(IServiceProvider provider)
   at Microsoft.Extensions.Internal.ActivatorUtilities.CreateInstance(IServiceProvider provider, Type instanceType, Object[] parameters)
   at Microsoft.AspNetCore.Builder.UseMiddlewareExtensions.<>c__DisplayClass4_0.<UseMiddleware>b__0(RequestDelegate next)
   at Microsoft.AspNetCore.Builder.ApplicationBuilder.Build()
   at Microsoft.AspNetCore.Hosting.GenericWebHostService.StartAsync(CancellationToken cancellationToken)
2020-05-04T16:40:40.0158290-03:00 [WRN] (AutoWrapper.AutoWrapperMiddleware) The response has already started, the AutoWrapper middleware will not be executed.
2020-05-04T16:40:40.0279656-03:00 [ERR] (Microsoft.AspNetCore.Server.Kestrel) Connection id ""0HLVGCC1SP3GI"", Request id ""0HLVGCC1SP3GI:00000001"": An unhandled exception was thrown by the application.
System.InvalidOperationException: Response Content-Length mismatch: too few bytes written (0 of 69).
2020-05-04T16:43:56.4653579-03:00 [WRN] (AutoWrapper.AutoWrapperMiddleware) The response has already started, the AutoWrapper middleware will not be executed.
2020-05-04T16:43:56.4777634-03:00 [ERR] (Microsoft.AspNetCore.Server.Kestrel) Connection id ""0HLVGCDS83C3D"", Request id ""0HLVGCDS83C3D:00000001"": An unhandled exception was thrown by the application.
System.InvalidOperationException: Response Content-Length mismatch: too few bytes written (0 of 69).
2020-05-04T16:44:39.5257914-03:00 [WRN] (AutoWrapper.AutoWrapperMiddleware) The response has already started, the AutoWrapper middleware will not be executed.
2020-05-04T16:44:39.5362497-03:00 [ERR] (Microsoft.AspNetCore.Server.Kestrel) Connection id ""0HLVGCE4JIMQK"", Request id ""0HLVGCE4JIMQK:00000001"": An unhandled exception was thrown by the application.
System.InvalidOperationException: Response Content-Length mismatch: too few bytes written (0 of 69).
2020-05-04T16:46:09.2381952-03:00 [WRN] (Microsoft.Extensions.Diagnostics.HealthChecks.DefaultHealthCheckService) Health check "Ecosys Api" completed after 10017.1796ms with status Degraded and 'null'
2020-05-04T16:47:32.7894807-03:00 [ERR] (Microsoft.Extensions.Diagnostics.HealthChecks.DefaultHealthCheckService) Health check "Google Ping" completed after 16.2397ms with status Unhealthy and '"Ping check status [TimedOut]. Host www.google.com did not respond within 300 ms."'
2020-05-04T16:49:45.0133430-03:00 [WRN] (AutoWrapper.AutoWrapperMiddleware) The response has already started, the AutoWrapper middleware will not be executed.
2020-05-04T16:49:45.0239329-03:00 [ERR] (Microsoft.AspNetCore.Server.Kestrel) Connection id ""0HLVGCH4029U3"", Request id ""0HLVGCH4029U3:00000001"": An unhandled exception was thrown by the application.
System.InvalidOperationException: Response Content-Length mismatch: too few bytes written (0 of 69).
2020-05-04T16:50:10.2929700-03:00 [ERR] (Microsoft.Extensions.Diagnostics.HealthChecks.DefaultHealthCheckService) Health check "Google Ping" completed after 5.6574ms with status Unhealthy and '"Ping check status [TimedOut]. Host www.google.com did not respond within 300 ms."'
2020-05-04T16:55:09.2897182-03:00 [ERR] (Microsoft.Extensions.Diagnostics.HealthChecks.DefaultHealthCheckService) Health check "Google Ping" completed after 16.2123ms with status Unhealthy and '"Ping check status [TimedOut]. Host www.google.com did not respond within 300 ms."'
2020-05-04T17:05:12.2933108-03:00 [ERR] (Microsoft.Extensions.Diagnostics.HealthChecks.DefaultHealthCheckService) Health check "Google Ping" completed after 11.2722ms with status Unhealthy and '"Ping check status [TimedOut]. Host www.google.com did not respond within 300 ms."'
2020-05-04T17:07:48.7900204-03:00 [ERR] (Microsoft.Extensions.Diagnostics.HealthChecks.DefaultHealthCheckService) Health check "Google Ping" completed after 20.2569ms with status Unhealthy and '"Ping check status [TimedOut]. Host www.google.com did not respond within 300 ms."'
2020-05-04T17:08:29.7897552-03:00 [ERR] (Microsoft.Extensions.Diagnostics.HealthChecks.DefaultHealthCheckService) Health check "Google Ping" completed after 10.9223ms with status Unhealthy and '"Ping check status [TimedOut]. Host www.google.com did not respond within 300 ms."'
2020-05-04T17:09:00.2892072-03:00 [ERR] (Microsoft.Extensions.Diagnostics.HealthChecks.DefaultHealthCheckService) Health check "Google Ping" completed after 10.9096ms with status Unhealthy and '"Ping check status [TimedOut]. Host www.google.com did not respond within 300 ms."'
2020-05-04T17:12:55.2896214-03:00 [ERR] (Microsoft.Extensions.Diagnostics.HealthChecks.DefaultHealthCheckService) Health check "Google Ping" completed after 10.7026ms with status Unhealthy and '"Ping check status [TimedOut]. Host www.google.com did not respond within 300 ms."'
2020-05-04T17:18:13.7892527-03:00 [ERR] (Microsoft.Extensions.Diagnostics.HealthChecks.DefaultHealthCheckService) Health check "Google Ping" completed after 8.1499ms with status Unhealthy and '"Ping check status [TimedOut]. Host www.google.com did not respond within 300 ms."'
2020-05-04T17:20:05.7898566-03:00 [ERR] (Microsoft.Extensions.Diagnostics.HealthChecks.DefaultHealthCheckService) Health check "Google Ping" completed after 7.8973ms with status Unhealthy and '"Ping check status [TimedOut]. Host www.google.com did not respond within 300 ms."'
2020-05-04T17:22:29.2892604-03:00 [ERR] (Microsoft.Extensions.Diagnostics.HealthChecks.DefaultHealthCheckService) Health check "Google Ping" completed after 17.542ms with status Unhealthy and '"Ping check status [TimedOut]. Host www.google.com did not respond within 300 ms."'
2020-05-04T17:24:01.7896272-03:00 [ERR] (Microsoft.Extensions.Diagnostics.HealthChecks.DefaultHealthCheckService) Health check "Google Ping" completed after 4.4492ms with status Unhealthy and '"Ping check status [TimedOut]. Host www.google.com did not respond within 300 ms."'
2020-05-04T17:30:29.2895944-03:00 [ERR] (Microsoft.Extensions.Diagnostics.HealthChecks.DefaultHealthCheckService) Health check "Google Ping" completed after 11.7782ms with status Unhealthy and '"Ping check status [TimedOut]. Host www.google.com did not respond within 300 ms."'
2020-05-04T17:35:35.7895507-03:00 [ERR] (Microsoft.Extensions.Diagnostics.HealthChecks.DefaultHealthCheckService) Health check "Google Ping" completed after 4.5981ms with status Unhealthy and '"Ping check status [TimedOut]. Host www.google.com did not respond within 300 ms."'
2020-05-04T17:37:58.7895127-03:00 [ERR] (Microsoft.Extensions.Diagnostics.HealthChecks.DefaultHealthCheckService) Health check "Google Ping" completed after 11.495ms with status Unhealthy and '"Ping check status [TimedOut]. Host www.google.com did not respond within 300 ms."'
2020-05-04T17:38:19.1860366-03:00 [WRN] (Microsoft.Extensions.Diagnostics.HealthChecks.DefaultHealthCheckService) Health check "Ecosys Api" completed after 27.0134ms with status Degraded and '"Discover endpoint #0 is not responding with code in 200...299 range, the current status is BadGateway."'
2020-05-04T17:42:34.7892423-03:00 [ERR] (Microsoft.Extensions.Diagnostics.HealthChecks.DefaultHealthCheckService) Health check "Google Ping" completed after 8.0385ms with status Unhealthy and '"Ping check status [TimedOut]. Host www.google.com did not respond within 300 ms."'
2020-05-04T17:44:27.7899947-03:00 [ERR] (Microsoft.Extensions.Diagnostics.HealthChecks.DefaultHealthCheckService) Health check "Google Ping" completed after 12.8818ms with status Unhealthy and '"Ping check status [TimedOut]. Host www.google.com did not respond within 300 ms."'
2020-05-04T17:49:24.2891073-03:00 [ERR] (Microsoft.Extensions.Diagnostics.HealthChecks.DefaultHealthCheckService) Health check "Google Ping" completed after 2.5859ms with status Unhealthy and '"Ping check status [TimedOut]. Host www.google.com did not respond within 300 ms."'
2020-05-04T17:51:26.7890404-03:00 [ERR] (Microsoft.Extensions.Diagnostics.HealthChecks.DefaultHealthCheckService) Health check "Google Ping" completed after 8.7237ms with status Unhealthy and '"Ping check status [TimedOut]. Host www.google.com did not respond within 300 ms."'
2020-05-04T17:57:04.7896314-03:00 [ERR] (Microsoft.Extensions.Diagnostics.HealthChecks.DefaultHealthCheckService) Health check "Google Ping" completed after 2.7488ms with status Unhealthy and '"Ping check status [TimedOut]. Host www.google.com did not respond within 300 ms."'
