2020-05-05T21:05:18.8800914-03:00 [WRN] (AutoWrapper.AutoWrapperMiddleware) The response has already started, the AutoWrapper middleware will not be executed.
2020-05-05T21:05:18.8911933-03:00 [ERR] (Microsoft.AspNetCore.Server.Kestrel) Connection id ""0HLVHA45THGPH"", Request id ""0HLVHA45THGPH:00000001"": An unhandled exception was thrown by the application.
System.InvalidOperationException: Response Content-Length mismatch: too few bytes written (0 of 69).
2020-05-05T21:06:22.7783832-03:00 [WRN] (AutoWrapper.AutoWrapperMiddleware) The response has already started, the AutoWrapper middleware will not be executed.
2020-05-05T21:06:22.7814646-03:00 [ERR] (Microsoft.AspNetCore.Server.Kestrel) Connection id ""0HLVHA45THGPH"", Request id ""0HLVHA45THGPH:00000005"": An unhandled exception was thrown by the application.
System.InvalidOperationException: Response Content-Length mismatch: too few bytes written (0 of 69).
2020-05-05T21:06:46.9712247-03:00 [WRN] (AutoWrapper.AutoWrapperMiddleware) The response has already started, the AutoWrapper middleware will not be executed.
2020-05-05T21:06:46.9817153-03:00 [ERR] (Microsoft.AspNetCore.Server.Kestrel) Connection id ""0HLVHA5DT1QMS"", Request id ""0HLVHA5DT1QMS:00000001"": An unhandled exception was thrown by the application.
System.InvalidOperationException: Response Content-Length mismatch: too few bytes written (0 of 69).
2020-05-05T21:07:44.7925443-03:00 [ERR] (Microsoft.Extensions.Diagnostics.HealthChecks.DefaultHealthCheckService) Health check "Google Ping" completed after 8.4584ms with status Unhealthy and '"Ping check status [TimedOut]. Host www.google.com did not respond within 300 ms."'
2020-05-05T21:09:50.2701240-03:00 [WRN] (AutoWrapper.AutoWrapperMiddleware) The response has already started, the AutoWrapper middleware will not be executed.
2020-05-05T21:09:50.2802970-03:00 [ERR] (Microsoft.AspNetCore.Server.Kestrel) Connection id ""0HLVHA74GETUU"", Request id ""0HLVHA74GETUU:00000001"": An unhandled exception was thrown by the application.
System.InvalidOperationException: Response Content-Length mismatch: too few bytes written (0 of 69).
2020-05-05T21:10:10.7376543-03:00 [WRN] (AutoWrapper.AutoWrapperMiddleware) The response has already started, the AutoWrapper middleware will not be executed.
2020-05-05T21:10:10.7414974-03:00 [ERR] (Microsoft.AspNetCore.Server.Kestrel) Connection id ""0HLVHA74GETUU"", Request id ""0HLVHA74GETUU:00000005"": An unhandled exception was thrown by the application.
System.InvalidOperationException: Response Content-Length mismatch: too few bytes written (0 of 69).
2020-05-05T21:10:40.9876943-03:00 [WRN] (AutoWrapper.AutoWrapperMiddleware) The response has already started, the AutoWrapper middleware will not be executed.
2020-05-05T21:10:40.9991107-03:00 [ERR] (Microsoft.AspNetCore.Server.Kestrel) Connection id ""0HLVHA7JQHI8S"", Request id ""0HLVHA7JQHI8S:00000001"": An unhandled exception was thrown by the application.
System.InvalidOperationException: Response Content-Length mismatch: too few bytes written (0 of 69).
2020-05-05T21:13:55.4540333-03:00 [WRN] (AutoWrapper.AutoWrapperMiddleware) The response has already started, the AutoWrapper middleware will not be executed.
2020-05-05T21:13:55.4652168-03:00 [ERR] (Microsoft.AspNetCore.Server.Kestrel) Connection id ""0HLVHA9DU0P2F"", Request id ""0HLVHA9DU0P2F:00000001"": An unhandled exception was thrown by the application.
System.InvalidOperationException: Response Content-Length mismatch: too few bytes written (0 of 69).
2020-05-05T21:14:39.2937438-03:00 [ERR] (Microsoft.Extensions.Diagnostics.HealthChecks.DefaultHealthCheckService) Health check "Google Ping" completed after 8.1949ms with status Unhealthy and '"Ping check status [TimedOut]. Host www.google.com did not respond within 300 ms."'
2020-05-05T21:15:40.2897228-03:00 [ERR] (Microsoft.Extensions.Diagnostics.HealthChecks.DefaultHealthCheckService) Health check "Google Ping" completed after 2.7361ms with status Unhealthy and '"Ping check status [TimedOut]. Host www.google.com did not respond within 300 ms."'
2020-05-05T21:16:10.7894669-03:00 [ERR] (Microsoft.Extensions.Diagnostics.HealthChecks.DefaultHealthCheckService) Health check "Google Ping" completed after 10.3418ms with status Unhealthy and '"Ping check status [TimedOut]. Host www.google.com did not respond within 300 ms."'
2020-05-05T21:20:46.7895876-03:00 [ERR] (Microsoft.Extensions.Diagnostics.HealthChecks.DefaultHealthCheckService) Health check "Google Ping" completed after 9.2755ms with status Unhealthy and '"Ping check status [TimedOut]. Host www.google.com did not respond within 300 ms."'
2020-05-05T21:22:42.3395817-03:00 [WRN] (AutoWrapper.AutoWrapperMiddleware) The response has already started, the AutoWrapper middleware will not be executed.
2020-05-05T21:22:42.3468055-03:00 [ERR] (Microsoft.AspNetCore.Server.Kestrel) Connection id ""0HLVHA9OII6QN"", Request id ""0HLVHA9OII6QN:00000001"": An unhandled exception was thrown by the application.
System.InvalidOperationException: Response Content-Length mismatch: too few bytes written (0 of 69).
2020-05-05T21:23:19.3074397-03:00 [WRN] (AutoWrapper.AutoWrapperMiddleware) The response has already started, the AutoWrapper middleware will not be executed.
2020-05-05T21:23:19.3101744-03:00 [ERR] (Microsoft.AspNetCore.Server.Kestrel) Connection id ""0HLVHA9OII6QN"", Request id ""0HLVHA9OII6QN:00000005"": An unhandled exception was thrown by the application.
System.InvalidOperationException: Response Content-Length mismatch: too few bytes written (0 of 69).
2020-05-05T21:23:24.9322881-03:00 [WRN] (AutoWrapper.AutoWrapperMiddleware) The response has already started, the AutoWrapper middleware will not be executed.
2020-05-05T21:23:24.9354166-03:00 [ERR] (Microsoft.AspNetCore.Server.Kestrel) Connection id ""0HLVHA9OII6QN"", Request id ""0HLVHA9OII6QN:00000009"": An unhandled exception was thrown by the application.
System.InvalidOperationException: Response Content-Length mismatch: too few bytes written (0 of 69).
2020-05-05T21:25:56.8065289-03:00 [WRN] (AutoWrapper.AutoWrapperMiddleware) The response has already started, the AutoWrapper middleware will not be executed.
2020-05-05T21:25:56.8099801-03:00 [ERR] (Microsoft.AspNetCore.Server.Kestrel) Connection id ""0HLVHA9OII6QN"", Request id ""0HLVHA9OII6QN:0000000D"": An unhandled exception was thrown by the application.
System.InvalidOperationException: Response Content-Length mismatch: too few bytes written (0 of 69).
2020-05-05T21:26:21.8174620-03:00 [WRN] (AutoWrapper.AutoWrapperMiddleware) The response has already started, the AutoWrapper middleware will not be executed.
2020-05-05T21:26:21.8204810-03:00 [ERR] (Microsoft.AspNetCore.Server.Kestrel) Connection id ""0HLVHA9OII6QN"", Request id ""0HLVHA9OII6QN:00000011"": An unhandled exception was thrown by the application.
System.InvalidOperationException: Response Content-Length mismatch: too few bytes written (0 of 69).
2020-05-05T21:28:05.2894069-03:00 [ERR] (Microsoft.Extensions.Diagnostics.HealthChecks.DefaultHealthCheckService) Health check "Google Ping" completed after 4.6454ms with status Unhealthy and '"Ping check status [TimedOut]. Host www.google.com did not respond within 300 ms."'
2020-05-05T21:28:54.4160686-03:00 [WRN] (AutoWrapper.AutoWrapperMiddleware) The response has already started, the AutoWrapper middleware will not be executed.
2020-05-05T21:28:54.4263088-03:00 [ERR] (Microsoft.AspNetCore.Server.Kestrel) Connection id ""0HLVHAHOM01SB"", Request id ""0HLVHAHOM01SB:00000001"": An unhandled exception was thrown by the application.
System.InvalidOperationException: Response Content-Length mismatch: too few bytes written (0 of 69).
2020-05-05T21:29:39.2931232-03:00 [ERR] (Microsoft.Extensions.Diagnostics.HealthChecks.DefaultHealthCheckService) Health check "Google Ping" completed after 18.9419ms with status Unhealthy and '"Ping check status [TimedOut]. Host www.google.com did not respond within 300 ms."'
2020-05-05T21:34:35.8750235-03:00 [WRN] (AutoWrapper.AutoWrapperMiddleware) The response has already started, the AutoWrapper middleware will not be executed.
2020-05-05T21:34:35.8854010-03:00 [ERR] (Microsoft.AspNetCore.Server.Kestrel) Connection id ""0HLVHAKVAFLNK"", Request id ""0HLVHAKVAFLNK:00000001"": An unhandled exception was thrown by the application.
System.InvalidOperationException: Response Content-Length mismatch: too few bytes written (0 of 69).
2020-05-05T21:35:13.7925990-03:00 [ERR] (Microsoft.Extensions.Diagnostics.HealthChecks.DefaultHealthCheckService) Health check "Google Ping" completed after 5.8622ms with status Unhealthy and '"Ping check status [TimedOut]. Host www.google.com did not respond within 300 ms."'
2020-05-05T21:38:41.2798409-03:00 [WRN] (AutoWrapper.AutoWrapperMiddleware) The response has already started, the AutoWrapper middleware will not be executed.
2020-05-05T21:38:41.2901751-03:00 [ERR] (Microsoft.AspNetCore.Server.Kestrel) Connection id ""0HLVHAN5AN66J"", Request id ""0HLVHAN5AN66J:00000001"": An unhandled exception was thrown by the application.
System.InvalidOperationException: Response Content-Length mismatch: too few bytes written (0 of 69).
2020-05-05T21:39:11.4172523-03:00 [WRN] (AutoWrapper.AutoWrapperMiddleware) The response has already started, the AutoWrapper middleware will not be executed.
2020-05-05T21:39:11.4205897-03:00 [ERR] (Microsoft.AspNetCore.Server.Kestrel) Connection id ""0HLVHAN5AN66J"", Request id ""0HLVHAN5AN66J:00000005"": An unhandled exception was thrown by the application.
System.InvalidOperationException: Response Content-Length mismatch: too few bytes written (0 of 69).
2020-05-05T21:39:50.9458934-03:00 [WRN] (AutoWrapper.AutoWrapperMiddleware) The response has already started, the AutoWrapper middleware will not be executed.
2020-05-05T21:39:50.9487897-03:00 [ERR] (Microsoft.AspNetCore.Server.Kestrel) Connection id ""0HLVHAN5AN66J"", Request id ""0HLVHAN5AN66J:00000009"": An unhandled exception was thrown by the application.
System.InvalidOperationException: Response Content-Length mismatch: too few bytes written (0 of 69).
2020-05-05T21:40:09.7935844-03:00 [ERR] (Microsoft.Extensions.Diagnostics.HealthChecks.DefaultHealthCheckService) Health check "Google Ping" completed after 304.2779ms with status Unhealthy and '"Ping check status [TimedOut]. Host www.google.com did not respond within 300 ms."'
2020-05-05T21:43:13.2328228-03:00 [WRN] (AutoWrapper.AutoWrapperMiddleware) The response has already started, the AutoWrapper middleware will not be executed.
2020-05-05T21:43:13.2362385-03:00 [ERR] (Microsoft.AspNetCore.Server.Kestrel) Connection id ""0HLVHAN5AN66J"", Request id ""0HLVHAN5AN66J:0000000D"": An unhandled exception was thrown by the application.
System.InvalidOperationException: Response Content-Length mismatch: too few bytes written (0 of 69).
2020-05-05T21:43:29.8707422-03:00 [WRN] (AutoWrapper.AutoWrapperMiddleware) The response has already started, the AutoWrapper middleware will not be executed.
2020-05-05T21:43:29.8811232-03:00 [ERR] (Microsoft.AspNetCore.Server.Kestrel) Connection id ""0HLVHAPUK4HS3"", Request id ""0HLVHAPUK4HS3:00000001"": An unhandled exception was thrown by the application.
System.InvalidOperationException: Response Content-Length mismatch: too few bytes written (0 of 69).
2020-05-05T21:45:34.5067385-03:00 [WRN] (AutoWrapper.AutoWrapperMiddleware) The response has already started, the AutoWrapper middleware will not be executed.
2020-05-05T21:45:34.5168721-03:00 [ERR] (Microsoft.AspNetCore.Server.Kestrel) Connection id ""0HLVHAR3E38K2"", Request id ""0HLVHAR3E38K2:00000001"": An unhandled exception was thrown by the application.
System.InvalidOperationException: Response Content-Length mismatch: too few bytes written (0 of 69).
2020-05-05T21:45:48.5607702-03:00 [WRN] (AutoWrapper.AutoWrapperMiddleware) The response has already started, the AutoWrapper middleware will not be executed.
2020-05-05T21:45:48.5642047-03:00 [ERR] (Microsoft.AspNetCore.Server.Kestrel) Connection id ""0HLVHAR3E38K2"", Request id ""0HLVHAR3E38K2:00000005"": An unhandled exception was thrown by the application.
System.InvalidOperationException: Response Content-Length mismatch: too few bytes written (0 of 69).
2020-05-05T21:48:15.9771141-03:00 [WRN] (AutoWrapper.AutoWrapperMiddleware) The response has already started, the AutoWrapper middleware will not be executed.
2020-05-05T21:48:15.9802111-03:00 [ERR] (Microsoft.AspNetCore.Server.Kestrel) Connection id ""0HLVHAR3E38K2"", Request id ""0HLVHAR3E38K2:00000009"": An unhandled exception was thrown by the application.
System.InvalidOperationException: Response Content-Length mismatch: too few bytes written (0 of 69).
2020-05-05T21:50:07.2377285-03:00 [WRN] (AutoWrapper.AutoWrapperMiddleware) The response has already started, the AutoWrapper middleware will not be executed.
2020-05-05T21:50:07.2474399-03:00 [ERR] (Microsoft.AspNetCore.Server.Kestrel) Connection id ""0HLVHATKRGU67"", Request id ""0HLVHATKRGU67:00000001"": An unhandled exception was thrown by the application.
System.InvalidOperationException: Response Content-Length mismatch: too few bytes written (0 of 69).
2020-05-05T21:50:19.2463681-03:00 [WRN] (AutoWrapper.AutoWrapperMiddleware) The response has already started, the AutoWrapper middleware will not be executed.
2020-05-05T21:50:19.2487882-03:00 [ERR] (Microsoft.AspNetCore.Server.Kestrel) Connection id ""0HLVHATKRGU67"", Request id ""0HLVHATKRGU67:00000005"": An unhandled exception was thrown by the application.
System.InvalidOperationException: Response Content-Length mismatch: too few bytes written (0 of 69).
2020-05-05T21:51:15.2927385-03:00 [ERR] (Microsoft.Extensions.Diagnostics.HealthChecks.DefaultHealthCheckService) Health check "Google Ping" completed after 4.6287ms with status Unhealthy and '"Ping check status [TimedOut]. Host www.google.com did not respond within 300 ms."'
2020-05-05T21:52:55.9960241-03:00 [WRN] (AutoWrapper.AutoWrapperMiddleware) The response has already started, the AutoWrapper middleware will not be executed.
2020-05-05T21:52:56.0084969-03:00 [ERR] (Microsoft.AspNetCore.Server.Kestrel) Connection id ""0HLVHAV24VNQK"", Request id ""0HLVHAV24VNQK:00000001"": An unhandled exception was thrown by the application.
System.InvalidOperationException: Response Content-Length mismatch: too few bytes written (0 of 69).
2020-05-05T21:53:10.9158905-03:00 [WRN] (AutoWrapper.AutoWrapperMiddleware) The response has already started, the AutoWrapper middleware will not be executed.
2020-05-05T21:53:10.9181666-03:00 [ERR] (Microsoft.AspNetCore.Server.Kestrel) Connection id ""0HLVHAV24VNQK"", Request id ""0HLVHAV24VNQK:00000005"": An unhandled exception was thrown by the application.
System.InvalidOperationException: Response Content-Length mismatch: too few bytes written (0 of 69).
2020-05-05T21:57:06.7813642-03:00 [WRN] (AutoWrapper.AutoWrapperMiddleware) The response has already started, the AutoWrapper middleware will not be executed.
2020-05-05T21:57:06.7845323-03:00 [ERR] (Microsoft.AspNetCore.Server.Kestrel) Connection id ""0HLVHAV24VNQK"", Request id ""0HLVHAV24VNQK:00000009"": An unhandled exception was thrown by the application.
System.InvalidOperationException: Response Content-Length mismatch: too few bytes written (0 of 69).
2020-05-05T21:57:25.4255253-03:00 [WRN] (AutoWrapper.AutoWrapperMiddleware) The response has already started, the AutoWrapper middleware will not be executed.
2020-05-05T21:57:25.4277314-03:00 [ERR] (Microsoft.AspNetCore.Server.Kestrel) Connection id ""0HLVHAV24VNQK"", Request id ""0HLVHAV24VNQK:0000000D"": An unhandled exception was thrown by the application.
System.InvalidOperationException: Response Content-Length mismatch: too few bytes written (0 of 69).
2020-05-05T21:57:47.7515949-03:00 [WRN] (AutoWrapper.AutoWrapperMiddleware) The response has already started, the AutoWrapper middleware will not be executed.
2020-05-05T21:57:47.7540064-03:00 [ERR] (Microsoft.AspNetCore.Server.Kestrel) Connection id ""0HLVHAV24VNQK"", Request id ""0HLVHAV24VNQK:00000011"": An unhandled exception was thrown by the application.
System.InvalidOperationException: Response Content-Length mismatch: too few bytes written (0 of 69).
2020-05-05T21:59:44.2933682-03:00 [ERR] (Microsoft.Extensions.Diagnostics.HealthChecks.DefaultHealthCheckService) Health check "Google Ping" completed after 18.0972ms with status Unhealthy and '"Ping check status [TimedOut]. Host www.google.com did not respond within 300 ms."'
2020-05-05T22:06:26.9437806-03:00 [WRN] (AutoWrapper.AutoWrapperMiddleware) The response has already started, the AutoWrapper middleware will not be executed.
2020-05-05T22:06:26.9545305-03:00 [ERR] (Microsoft.AspNetCore.Server.Kestrel) Connection id ""0HLVHB6P2M0M8"", Request id ""0HLVHB6P2M0M8:00000001"": An unhandled exception was thrown by the application.
System.InvalidOperationException: Response Content-Length mismatch: too few bytes written (0 of 69).
2020-05-05T22:08:23.2545856-03:00 [ERR] (AutoWrapper.AutoWrapperMiddleware) [500]: The path in 'value' must start with '/'. (Parameter 'value')
System.ArgumentException: The path in 'value' must start with '/'. (Parameter 'value')
   at Microsoft.AspNetCore.Http.PathString..ctor(String value)
   at AutoWrapper.Base.WrapperBase.InvokeAsyncBase(HttpContext context, AutoWrapperMembers awm)
2020-05-05T22:08:23.8089009-03:00 [ERR] (AutoWrapper.AutoWrapperMiddleware) [500]: The path in 'value' must start with '/'. (Parameter 'value')
System.ArgumentException: The path in 'value' must start with '/'. (Parameter 'value')
   at Microsoft.AspNetCore.Http.PathString..ctor(String value)
   at AutoWrapper.Base.WrapperBase.InvokeAsyncBase(HttpContext context, AutoWrapperMembers awm)
2020-05-05T22:08:23.8209153-03:00 [ERR] (Microsoft.AspNetCore.Diagnostics.DeveloperExceptionPageMiddleware) An unhandled exception has occurred while executing the request.
System.InvalidOperationException: Response Content-Length mismatch: too many bytes written (1130 of 557).
   at Microsoft.AspNetCore.Server.Kestrel.Core.Internal.Http.HttpProtocol.ThrowTooManyBytesWritten(Int32 count)
   at Microsoft.AspNetCore.Server.Kestrel.Core.Internal.Http.HttpProtocol.VerifyAndUpdateWrite(Int32 count)
   at Microsoft.AspNetCore.Server.Kestrel.Core.Internal.Http.HttpProtocol.WritePipeAsync(ReadOnlyMemory`1 data, CancellationToken cancellationToken)
   at Microsoft.AspNetCore.Server.Kestrel.Core.Internal.Http.HttpResponseStream.WriteAsync(Byte[] buffer, Int32 offset, Int32 count, CancellationToken cancellationToken)
   at System.IO.MemoryStream.CopyToAsync(Stream destination, Int32 bufferSize, CancellationToken cancellationToken)
   at System.IO.Stream.CopyToAsync(Stream destination)
   at AutoWrapper.AutoWrapperMembers.RevertResponseBodyStreamAsync(Stream bodyStream, Stream orginalBodyStream)
   at AutoWrapper.Base.WrapperBase.InvokeAsyncBase(HttpContext context, AutoWrapperMembers awm)
   at AutoWrapper.AutoWrapperMiddleware.InvokeAsync(HttpContext context)
   at Microsoft.AspNetCore.Builder.Extensions.MapMiddleware.Invoke(HttpContext context)
   at Microsoft.AspNetCore.Builder.Extensions.MapMiddleware.Invoke(HttpContext context)
   at Microsoft.AspNetCore.Builder.Extensions.MapMiddleware.Invoke(HttpContext context)
   at Microsoft.AspNetCore.Builder.Extensions.MapMiddleware.Invoke(HttpContext context)
   at Microsoft.AspNetCore.Builder.Extensions.MapMiddleware.Invoke(HttpContext context)
   at Microsoft.AspNetCore.Builder.Extensions.MapMiddleware.Invoke(HttpContext context)
   at Microsoft.AspNetCore.Builder.Extensions.MapMiddleware.Invoke(HttpContext context)
   at Microsoft.AspNetCore.Builder.Extensions.MapMiddleware.Invoke(HttpContext context)
   at Microsoft.AspNetCore.Builder.Extensions.MapWhenMiddleware.Invoke(HttpContext context)
   at Swashbuckle.AspNetCore.SwaggerUI.SwaggerUIMiddleware.Invoke(HttpContext httpContext)
   at Swashbuckle.AspNetCore.Swagger.SwaggerMiddleware.Invoke(HttpContext httpContext, ISwaggerProvider swaggerProvider)
   at Microsoft.AspNetCore.Diagnostics.DeveloperExceptionPageMiddleware.Invoke(HttpContext context)
2020-05-05T22:08:23.8350449-03:00 [WRN] (Microsoft.AspNetCore.Diagnostics.DeveloperExceptionPageMiddleware) The response has already started, the error page middleware will not be executed.
2020-05-05T22:08:23.8384266-03:00 [ERR] (Microsoft.AspNetCore.Server.Kestrel) Connection id ""0HLVHB7JQF5IS"", Request id ""0HLVHB7JQF5IS:00000003"": An unhandled exception was thrown by the application.
System.InvalidOperationException: Response Content-Length mismatch: too many bytes written (1130 of 557).
   at Microsoft.AspNetCore.Server.Kestrel.Core.Internal.Http.HttpProtocol.ThrowTooManyBytesWritten(Int32 count)
   at Microsoft.AspNetCore.Server.Kestrel.Core.Internal.Http.HttpProtocol.VerifyAndUpdateWrite(Int32 count)
   at Microsoft.AspNetCore.Server.Kestrel.Core.Internal.Http.HttpProtocol.WritePipeAsync(ReadOnlyMemory`1 data, CancellationToken cancellationToken)
   at Microsoft.AspNetCore.Server.Kestrel.Core.Internal.Http.HttpResponseStream.WriteAsync(Byte[] buffer, Int32 offset, Int32 count, CancellationToken cancellationToken)
   at System.IO.MemoryStream.CopyToAsync(Stream destination, Int32 bufferSize, CancellationToken cancellationToken)
   at System.IO.Stream.CopyToAsync(Stream destination)
   at AutoWrapper.AutoWrapperMembers.RevertResponseBodyStreamAsync(Stream bodyStream, Stream orginalBodyStream)
   at AutoWrapper.Base.WrapperBase.InvokeAsyncBase(HttpContext context, AutoWrapperMembers awm)
   at AutoWrapper.AutoWrapperMiddleware.InvokeAsync(HttpContext context)
   at Microsoft.AspNetCore.Builder.Extensions.MapMiddleware.Invoke(HttpContext context)
   at Microsoft.AspNetCore.Builder.Extensions.MapMiddleware.Invoke(HttpContext context)
   at Microsoft.AspNetCore.Builder.Extensions.MapMiddleware.Invoke(HttpContext context)
   at Microsoft.AspNetCore.Builder.Extensions.MapMiddleware.Invoke(HttpContext context)
   at Microsoft.AspNetCore.Builder.Extensions.MapMiddleware.Invoke(HttpContext context)
   at Microsoft.AspNetCore.Builder.Extensions.MapMiddleware.Invoke(HttpContext context)
   at Microsoft.AspNetCore.Builder.Extensions.MapMiddleware.Invoke(HttpContext context)
   at Microsoft.AspNetCore.Builder.Extensions.MapMiddleware.Invoke(HttpContext context)
   at Microsoft.AspNetCore.Builder.Extensions.MapWhenMiddleware.Invoke(HttpContext context)
   at Swashbuckle.AspNetCore.SwaggerUI.SwaggerUIMiddleware.Invoke(HttpContext httpContext)
   at Swashbuckle.AspNetCore.Swagger.SwaggerMiddleware.Invoke(HttpContext httpContext, ISwaggerProvider swaggerProvider)
   at Microsoft.AspNetCore.Diagnostics.DeveloperExceptionPageMiddleware.Invoke(HttpContext context)
   at Microsoft.AspNetCore.Diagnostics.DeveloperExceptionPageMiddleware.Invoke(HttpContext context)
   at Microsoft.AspNetCore.Server.Kestrel.Core.Internal.Http.HttpProtocol.ProcessRequests[TContext](IHttpApplication`1 application)
2020-05-05T22:08:43.1678587-03:00 [ERR] (AutoWrapper.AutoWrapperMiddleware) [500]: The path in 'value' must start with '/'. (Parameter 'value')
System.ArgumentException: The path in 'value' must start with '/'. (Parameter 'value')
   at Microsoft.AspNetCore.Http.PathString..ctor(String value)
   at AutoWrapper.Base.WrapperBase.InvokeAsyncBase(HttpContext context, AutoWrapperMembers awm)
2020-05-05T22:08:43.6302056-03:00 [ERR] (AutoWrapper.AutoWrapperMiddleware) [500]: The path in 'value' must start with '/'. (Parameter 'value')
System.ArgumentException: The path in 'value' must start with '/'. (Parameter 'value')
   at Microsoft.AspNetCore.Http.PathString..ctor(String value)
   at AutoWrapper.Base.WrapperBase.InvokeAsyncBase(HttpContext context, AutoWrapperMembers awm)
2020-05-05T22:08:43.6368722-03:00 [ERR] (Microsoft.AspNetCore.Diagnostics.DeveloperExceptionPageMiddleware) An unhandled exception has occurred while executing the request.
System.InvalidOperationException: Response Content-Length mismatch: too many bytes written (1130 of 557).
   at Microsoft.AspNetCore.Server.Kestrel.Core.Internal.Http.HttpProtocol.ThrowTooManyBytesWritten(Int32 count)
   at Microsoft.AspNetCore.Server.Kestrel.Core.Internal.Http.HttpProtocol.VerifyAndUpdateWrite(Int32 count)
   at Microsoft.AspNetCore.Server.Kestrel.Core.Internal.Http.HttpProtocol.WritePipeAsync(ReadOnlyMemory`1 data, CancellationToken cancellationToken)
   at Microsoft.AspNetCore.Server.Kestrel.Core.Internal.Http.HttpResponseStream.WriteAsync(Byte[] buffer, Int32 offset, Int32 count, CancellationToken cancellationToken)
   at System.IO.MemoryStream.CopyToAsync(Stream destination, Int32 bufferSize, CancellationToken cancellationToken)
   at System.IO.Stream.CopyToAsync(Stream destination)
   at AutoWrapper.AutoWrapperMembers.RevertResponseBodyStreamAsync(Stream bodyStream, Stream orginalBodyStream)
   at AutoWrapper.Base.WrapperBase.InvokeAsyncBase(HttpContext context, AutoWrapperMembers awm)
   at AutoWrapper.AutoWrapperMiddleware.InvokeAsync(HttpContext context)
   at Microsoft.AspNetCore.Builder.Extensions.MapMiddleware.Invoke(HttpContext context)
   at Microsoft.AspNetCore.Builder.Extensions.MapMiddleware.Invoke(HttpContext context)
   at Microsoft.AspNetCore.Builder.Extensions.MapMiddleware.Invoke(HttpContext context)
   at Microsoft.AspNetCore.Builder.Extensions.MapMiddleware.Invoke(HttpContext context)
   at Microsoft.AspNetCore.Builder.Extensions.MapMiddleware.Invoke(HttpContext context)
   at Microsoft.AspNetCore.Builder.Extensions.MapMiddleware.Invoke(HttpContext context)
   at Microsoft.AspNetCore.Builder.Extensions.MapMiddleware.Invoke(HttpContext context)
   at Microsoft.AspNetCore.Builder.Extensions.MapMiddleware.Invoke(HttpContext context)
   at Microsoft.AspNetCore.Builder.Extensions.MapWhenMiddleware.Invoke(HttpContext context)
   at Swashbuckle.AspNetCore.SwaggerUI.SwaggerUIMiddleware.Invoke(HttpContext httpContext)
   at Swashbuckle.AspNetCore.Swagger.SwaggerMiddleware.Invoke(HttpContext httpContext, ISwaggerProvider swaggerProvider)
   at Microsoft.AspNetCore.Diagnostics.DeveloperExceptionPageMiddleware.Invoke(HttpContext context)
2020-05-05T22:08:43.6464928-03:00 [WRN] (Microsoft.AspNetCore.Diagnostics.DeveloperExceptionPageMiddleware) The response has already started, the error page middleware will not be executed.
2020-05-05T22:08:43.6478347-03:00 [ERR] (Microsoft.AspNetCore.Server.Kestrel) Connection id ""0HLVHB7JQF5IS"", Request id ""0HLVHB7JQF5IS:00000007"": An unhandled exception was thrown by the application.
System.InvalidOperationException: Response Content-Length mismatch: too many bytes written (1130 of 557).
   at Microsoft.AspNetCore.Server.Kestrel.Core.Internal.Http.HttpProtocol.ThrowTooManyBytesWritten(Int32 count)
   at Microsoft.AspNetCore.Server.Kestrel.Core.Internal.Http.HttpProtocol.VerifyAndUpdateWrite(Int32 count)
   at Microsoft.AspNetCore.Server.Kestrel.Core.Internal.Http.HttpProtocol.WritePipeAsync(ReadOnlyMemory`1 data, CancellationToken cancellationToken)
   at Microsoft.AspNetCore.Server.Kestrel.Core.Internal.Http.HttpResponseStream.WriteAsync(Byte[] buffer, Int32 offset, Int32 count, CancellationToken cancellationToken)
   at System.IO.MemoryStream.CopyToAsync(Stream destination, Int32 bufferSize, CancellationToken cancellationToken)
   at System.IO.Stream.CopyToAsync(Stream destination)
   at AutoWrapper.AutoWrapperMembers.RevertResponseBodyStreamAsync(Stream bodyStream, Stream orginalBodyStream)
   at AutoWrapper.Base.WrapperBase.InvokeAsyncBase(HttpContext context, AutoWrapperMembers awm)
   at AutoWrapper.AutoWrapperMiddleware.InvokeAsync(HttpContext context)
   at Microsoft.AspNetCore.Builder.Extensions.MapMiddleware.Invoke(HttpContext context)
   at Microsoft.AspNetCore.Builder.Extensions.MapMiddleware.Invoke(HttpContext context)
   at Microsoft.AspNetCore.Builder.Extensions.MapMiddleware.Invoke(HttpContext context)
   at Microsoft.AspNetCore.Builder.Extensions.MapMiddleware.Invoke(HttpContext context)
   at Microsoft.AspNetCore.Builder.Extensions.MapMiddleware.Invoke(HttpContext context)
   at Microsoft.AspNetCore.Builder.Extensions.MapMiddleware.Invoke(HttpContext context)
   at Microsoft.AspNetCore.Builder.Extensions.MapMiddleware.Invoke(HttpContext context)
   at Microsoft.AspNetCore.Builder.Extensions.MapMiddleware.Invoke(HttpContext context)
   at Microsoft.AspNetCore.Builder.Extensions.MapWhenMiddleware.Invoke(HttpContext context)
   at Swashbuckle.AspNetCore.SwaggerUI.SwaggerUIMiddleware.Invoke(HttpContext httpContext)
   at Swashbuckle.AspNetCore.Swagger.SwaggerMiddleware.Invoke(HttpContext httpContext, ISwaggerProvider swaggerProvider)
   at Microsoft.AspNetCore.Diagnostics.DeveloperExceptionPageMiddleware.Invoke(HttpContext context)
   at Microsoft.AspNetCore.Diagnostics.DeveloperExceptionPageMiddleware.Invoke(HttpContext context)
   at Microsoft.AspNetCore.Server.Kestrel.Core.Internal.Http.HttpProtocol.ProcessRequests[TContext](IHttpApplication`1 application)
2020-05-05T22:09:09.5268062-03:00 [WRN] (AutoWrapper.AutoWrapperMiddleware) The response has already started, the AutoWrapper middleware will not be executed.
2020-05-05T22:09:09.5366106-03:00 [ERR] (Microsoft.AspNetCore.Server.Kestrel) Connection id ""0HLVHB89HV5IM"", Request id ""0HLVHB89HV5IM:00000001"": An unhandled exception was thrown by the application.
System.InvalidOperationException: Response Content-Length mismatch: too few bytes written (0 of 69).
2020-05-05T22:09:42.3108014-03:00 [WRN] (AutoWrapper.AutoWrapperMiddleware) The response has already started, the AutoWrapper middleware will not be executed.
2020-05-05T22:09:42.3211045-03:00 [ERR] (Microsoft.AspNetCore.Server.Kestrel) Connection id ""0HLVHB8JAPNA0"", Request id ""0HLVHB8JAPNA0:00000001"": An unhandled exception was thrown by the application.
System.InvalidOperationException: Response Content-Length mismatch: too few bytes written (0 of 69).
2020-05-05T22:11:18.8446696-03:00 [WRN] (AutoWrapper.AutoWrapperMiddleware) The response has already started, the AutoWrapper middleware will not be executed.
2020-05-05T22:11:18.8549000-03:00 [ERR] (Microsoft.AspNetCore.Server.Kestrel) Connection id ""0HLVHB9G2EEKK"", Request id ""0HLVHB9G2EEKK:00000001"": An unhandled exception was thrown by the application.
System.InvalidOperationException: Response Content-Length mismatch: too few bytes written (0 of 69).
2020-05-05T22:19:26.4400865-03:00 [WRN] (AutoWrapper.AutoWrapperMiddleware) The response has already started, the AutoWrapper middleware will not be executed.
2020-05-05T22:19:26.4501996-03:00 [ERR] (Microsoft.AspNetCore.Server.Kestrel) Connection id ""0HLVHBE1DA4RA"", Request id ""0HLVHBE1DA4RA:00000001"": An unhandled exception was thrown by the application.
System.InvalidOperationException: Response Content-Length mismatch: too few bytes written (0 of 69).
2020-05-05T22:20:26.0124672-03:00 [WRN] (AutoWrapper.AutoWrapperMiddleware) The response has already started, the AutoWrapper middleware will not be executed.
2020-05-05T22:20:26.0146026-03:00 [ERR] (Microsoft.AspNetCore.Server.Kestrel) Connection id ""0HLVHBE1DA4RA"", Request id ""0HLVHBE1DA4RA:00000005"": An unhandled exception was thrown by the application.
System.InvalidOperationException: Response Content-Length mismatch: too few bytes written (0 of 69).
2020-05-05T22:20:38.7480042-03:00 [WRN] (AutoWrapper.AutoWrapperMiddleware) The response has already started, the AutoWrapper middleware will not be executed.
2020-05-05T22:20:38.7500339-03:00 [ERR] (Microsoft.AspNetCore.Server.Kestrel) Connection id ""0HLVHBE1DA4RA"", Request id ""0HLVHBE1DA4RA:00000009"": An unhandled exception was thrown by the application.
System.InvalidOperationException: Response Content-Length mismatch: too few bytes written (0 of 69).
2020-05-05T22:21:18.9495769-03:00 [WRN] (AutoWrapper.AutoWrapperMiddleware) The response has already started, the AutoWrapper middleware will not be executed.
2020-05-05T22:21:18.9592850-03:00 [ERR] (Microsoft.AspNetCore.Server.Kestrel) Connection id ""0HLVHBER1N1CU"", Request id ""0HLVHBER1N1CU:00000001"": An unhandled exception was thrown by the application.
System.InvalidOperationException: Response Content-Length mismatch: too few bytes written (0 of 69).
2020-05-05T22:21:30.6697178-03:00 [WRN] (AutoWrapper.AutoWrapperMiddleware) The response has already started, the AutoWrapper middleware will not be executed.
2020-05-05T22:21:30.6720423-03:00 [ERR] (Microsoft.AspNetCore.Server.Kestrel) Connection id ""0HLVHBER1N1CU"", Request id ""0HLVHBER1N1CU:00000005"": An unhandled exception was thrown by the application.
System.InvalidOperationException: Response Content-Length mismatch: too few bytes written (0 of 69).
2020-05-05T22:21:54.5319409-03:00 [WRN] (AutoWrapper.AutoWrapperMiddleware) The response has already started, the AutoWrapper middleware will not be executed.
2020-05-05T22:21:54.5350497-03:00 [ERR] (Microsoft.AspNetCore.Server.Kestrel) Connection id ""0HLVHBER1N1CU"", Request id ""0HLVHBER1N1CU:00000009"": An unhandled exception was thrown by the application.
System.InvalidOperationException: Response Content-Length mismatch: too few bytes written (0 of 69).
2020-05-05T22:22:07.5833568-03:00 [WRN] (AutoWrapper.AutoWrapperMiddleware) The response has already started, the AutoWrapper middleware will not be executed.
2020-05-05T22:22:07.5863883-03:00 [ERR] (Microsoft.AspNetCore.Server.Kestrel) Connection id ""0HLVHBER1N1CU"", Request id ""0HLVHBER1N1CU:0000000D"": An unhandled exception was thrown by the application.
System.InvalidOperationException: Response Content-Length mismatch: too few bytes written (0 of 69).
2020-05-05T22:22:41.9818474-03:00 [WRN] (AutoWrapper.AutoWrapperMiddleware) The response has already started, the AutoWrapper middleware will not be executed.
2020-05-05T22:22:41.9844670-03:00 [ERR] (Microsoft.AspNetCore.Server.Kestrel) Connection id ""0HLVHBER1N1CU"", Request id ""0HLVHBER1N1CU:00000011"": An unhandled exception was thrown by the application.
System.InvalidOperationException: Response Content-Length mismatch: too few bytes written (0 of 69).
2020-05-05T22:24:20.1759231-03:00 [WRN] (AutoWrapper.AutoWrapperMiddleware) The response has already started, the AutoWrapper middleware will not be executed.
2020-05-05T22:24:20.1857769-03:00 [ERR] (Microsoft.AspNetCore.Server.Kestrel) Connection id ""0HLVHBGORF56T"", Request id ""0HLVHBGORF56T:00000001"": An unhandled exception was thrown by the application.
System.InvalidOperationException: Response Content-Length mismatch: too few bytes written (0 of 69).
2020-05-05T22:24:58.2936130-03:00 [ERR] (Microsoft.Extensions.Diagnostics.HealthChecks.DefaultHealthCheckService) Health check "Google Ping" completed after 20.6749ms with status Unhealthy and '"Ping check status [TimedOut]. Host www.google.com did not respond within 300 ms."'
2020-05-05T22:26:47.9705648-03:00 [ERR] (Microsoft.AspNetCore.Diagnostics.DeveloperExceptionPageMiddleware) An unhandled exception has occurred while executing the request.
System.ArgumentException: The path in 'value' must start with '/'. (Parameter 'value')
   at Microsoft.AspNetCore.Http.PathString..ctor(String value)
   at AutoWrapper.AutoWrapperMembers.IsApi(HttpContext context)
   at AutoWrapper.Base.WrapperBase.InvokeAsyncBase(HttpContext context, AutoWrapperMembers awm)
   at AutoWrapper.AutoWrapperMiddleware.InvokeAsync(HttpContext context)
   at Microsoft.AspNetCore.Builder.Extensions.MapMiddleware.Invoke(HttpContext context)
   at Microsoft.AspNetCore.Builder.Extensions.MapMiddleware.Invoke(HttpContext context)
   at Microsoft.AspNetCore.Builder.Extensions.MapMiddleware.Invoke(HttpContext context)
   at Microsoft.AspNetCore.Builder.Extensions.MapMiddleware.Invoke(HttpContext context)
   at Microsoft.AspNetCore.Builder.Extensions.MapMiddleware.Invoke(HttpContext context)
   at Microsoft.AspNetCore.Builder.Extensions.MapMiddleware.Invoke(HttpContext context)
   at Microsoft.AspNetCore.Builder.Extensions.MapMiddleware.Invoke(HttpContext context)
   at Microsoft.AspNetCore.Builder.Extensions.MapMiddleware.Invoke(HttpContext context)
   at Microsoft.AspNetCore.Builder.Extensions.MapWhenMiddleware.Invoke(HttpContext context)
   at Swashbuckle.AspNetCore.SwaggerUI.SwaggerUIMiddleware.Invoke(HttpContext httpContext)
   at Swashbuckle.AspNetCore.Swagger.SwaggerMiddleware.Invoke(HttpContext httpContext, ISwaggerProvider swaggerProvider)
   at Microsoft.AspNetCore.Diagnostics.DeveloperExceptionPageMiddleware.Invoke(HttpContext context)
2020-05-05T22:26:50.0361123-03:00 [ERR] (Microsoft.AspNetCore.Diagnostics.DeveloperExceptionPageMiddleware) An unhandled exception has occurred while executing the request.
System.ArgumentException: The path in 'value' must start with '/'. (Parameter 'value')
   at Microsoft.AspNetCore.Http.PathString..ctor(String value)
   at AutoWrapper.AutoWrapperMembers.IsApi(HttpContext context)
   at AutoWrapper.Base.WrapperBase.InvokeAsyncBase(HttpContext context, AutoWrapperMembers awm)
   at AutoWrapper.AutoWrapperMiddleware.InvokeAsync(HttpContext context)
   at Microsoft.AspNetCore.Builder.Extensions.MapMiddleware.Invoke(HttpContext context)
   at Microsoft.AspNetCore.Builder.Extensions.MapMiddleware.Invoke(HttpContext context)
   at Microsoft.AspNetCore.Builder.Extensions.MapMiddleware.Invoke(HttpContext context)
   at Microsoft.AspNetCore.Builder.Extensions.MapMiddleware.Invoke(HttpContext context)
   at Microsoft.AspNetCore.Builder.Extensions.MapMiddleware.Invoke(HttpContext context)
   at Microsoft.AspNetCore.Builder.Extensions.MapMiddleware.Invoke(HttpContext context)
   at Microsoft.AspNetCore.Builder.Extensions.MapMiddleware.Invoke(HttpContext context)
   at Microsoft.AspNetCore.Builder.Extensions.MapMiddleware.Invoke(HttpContext context)
   at Microsoft.AspNetCore.Builder.Extensions.MapWhenMiddleware.Invoke(HttpContext context)
   at Swashbuckle.AspNetCore.SwaggerUI.SwaggerUIMiddleware.Invoke(HttpContext httpContext)
   at Swashbuckle.AspNetCore.Swagger.SwaggerMiddleware.Invoke(HttpContext httpContext, ISwaggerProvider swaggerProvider)
   at Microsoft.AspNetCore.Diagnostics.DeveloperExceptionPageMiddleware.Invoke(HttpContext context)
2020-05-05T22:26:51.4370032-03:00 [ERR] (Microsoft.AspNetCore.Diagnostics.DeveloperExceptionPageMiddleware) An unhandled exception has occurred while executing the request.
System.ArgumentException: The path in 'value' must start with '/'. (Parameter 'value')
   at Microsoft.AspNetCore.Http.PathString..ctor(String value)
   at AutoWrapper.AutoWrapperMembers.IsApi(HttpContext context)
   at AutoWrapper.Base.WrapperBase.InvokeAsyncBase(HttpContext context, AutoWrapperMembers awm)
   at AutoWrapper.AutoWrapperMiddleware.InvokeAsync(HttpContext context)
   at Microsoft.AspNetCore.Builder.Extensions.MapMiddleware.Invoke(HttpContext context)
   at Microsoft.AspNetCore.Builder.Extensions.MapMiddleware.Invoke(HttpContext context)
   at Microsoft.AspNetCore.Builder.Extensions.MapMiddleware.Invoke(HttpContext context)
   at Microsoft.AspNetCore.Builder.Extensions.MapMiddleware.Invoke(HttpContext context)
   at Microsoft.AspNetCore.Builder.Extensions.MapMiddleware.Invoke(HttpContext context)
   at Microsoft.AspNetCore.Builder.Extensions.MapMiddleware.Invoke(HttpContext context)
   at Microsoft.AspNetCore.Builder.Extensions.MapMiddleware.Invoke(HttpContext context)
   at Microsoft.AspNetCore.Builder.Extensions.MapMiddleware.Invoke(HttpContext context)
   at Microsoft.AspNetCore.Builder.Extensions.MapWhenMiddleware.Invoke(HttpContext context)
   at Swashbuckle.AspNetCore.SwaggerUI.SwaggerUIMiddleware.Invoke(HttpContext httpContext)
   at Swashbuckle.AspNetCore.Swagger.SwaggerMiddleware.Invoke(HttpContext httpContext, ISwaggerProvider swaggerProvider)
   at Microsoft.AspNetCore.Diagnostics.DeveloperExceptionPageMiddleware.Invoke(HttpContext context)
2020-05-05T22:26:51.8567501-03:00 [ERR] (Microsoft.AspNetCore.Diagnostics.DeveloperExceptionPageMiddleware) An unhandled exception has occurred while executing the request.
System.ArgumentException: The path in 'value' must start with '/'. (Parameter 'value')
   at Microsoft.AspNetCore.Http.PathString..ctor(String value)
   at AutoWrapper.AutoWrapperMembers.IsApi(HttpContext context)
   at AutoWrapper.Base.WrapperBase.InvokeAsyncBase(HttpContext context, AutoWrapperMembers awm)
   at AutoWrapper.AutoWrapperMiddleware.InvokeAsync(HttpContext context)
   at Microsoft.AspNetCore.Builder.Extensions.MapMiddleware.Invoke(HttpContext context)
   at Microsoft.AspNetCore.Builder.Extensions.MapMiddleware.Invoke(HttpContext context)
   at Microsoft.AspNetCore.Builder.Extensions.MapMiddleware.Invoke(HttpContext context)
   at Microsoft.AspNetCore.Builder.Extensions.MapMiddleware.Invoke(HttpContext context)
   at Microsoft.AspNetCore.Builder.Extensions.MapMiddleware.Invoke(HttpContext context)
   at Microsoft.AspNetCore.Builder.Extensions.MapMiddleware.Invoke(HttpContext context)
   at Microsoft.AspNetCore.Builder.Extensions.MapMiddleware.Invoke(HttpContext context)
   at Microsoft.AspNetCore.Builder.Extensions.MapMiddleware.Invoke(HttpContext context)
   at Microsoft.AspNetCore.Builder.Extensions.MapWhenMiddleware.Invoke(HttpContext context)
   at Swashbuckle.AspNetCore.SwaggerUI.SwaggerUIMiddleware.Invoke(HttpContext httpContext)
   at Swashbuckle.AspNetCore.Swagger.SwaggerMiddleware.Invoke(HttpContext httpContext, ISwaggerProvider swaggerProvider)
   at Microsoft.AspNetCore.Diagnostics.DeveloperExceptionPageMiddleware.Invoke(HttpContext context)
2020-05-05T22:27:33.8082730-03:00 [WRN] (AutoWrapper.AutoWrapperMiddleware) The response has already started, the AutoWrapper middleware will not be executed.
2020-05-05T22:27:33.8202284-03:00 [ERR] (Microsoft.AspNetCore.Server.Kestrel) Connection id ""0HLVHBIIF0ITS"", Request id ""0HLVHBIIF0ITS:00000001"": An unhandled exception was thrown by the application.
System.InvalidOperationException: Response Content-Length mismatch: too few bytes written (0 of 69).
2020-05-05T22:28:21.7927528-03:00 [ERR] (Microsoft.Extensions.Diagnostics.HealthChecks.DefaultHealthCheckService) Health check "Google Ping" completed after 10.0561ms with status Unhealthy and '"Ping check status [TimedOut]. Host www.google.com did not respond within 300 ms."'
2020-05-05T22:30:31.5321200-03:00 [WRN] (AutoWrapper.AutoWrapperMiddleware) The response has already started, the AutoWrapper middleware will not be executed.
2020-05-05T22:30:31.5430579-03:00 [ERR] (Microsoft.AspNetCore.Server.Kestrel) Connection id ""0HLVHBK7AM0QM"", Request id ""0HLVHBK7AM0QM:00000001"": An unhandled exception was thrown by the application.
System.InvalidOperationException: Response Content-Length mismatch: too few bytes written (0 of 69).
2020-05-05T22:34:33.2929013-03:00 [ERR] (Microsoft.Extensions.Diagnostics.HealthChecks.DefaultHealthCheckService) Health check "Google Ping" completed after 16.7232ms with status Unhealthy and '"Ping check status [TimedOut]. Host www.google.com did not respond within 300 ms."'
2020-05-05T22:39:05.7946862-03:00 [WRN] (AutoWrapper.AutoWrapperMiddleware) The response has already started, the AutoWrapper middleware will not be executed.
2020-05-05T22:39:05.8042145-03:00 [ERR] (Microsoft.AspNetCore.Server.Kestrel) Connection id ""0HLVHBP1LA5JR"", Request id ""0HLVHBP1LA5JR:00000001"": An unhandled exception was thrown by the application.
System.InvalidOperationException: Response Content-Length mismatch: too few bytes written (0 of 69).
2020-05-05T22:39:11.0244553-03:00 [WRN] (AutoWrapper.AutoWrapperMiddleware) The response has already started, the AutoWrapper middleware will not be executed.
2020-05-05T22:39:11.0284507-03:00 [ERR] (Microsoft.AspNetCore.Server.Kestrel) Connection id ""0HLVHBP1LA5JR"", Request id ""0HLVHBP1LA5JR:00000003"": An unhandled exception was thrown by the application.
System.InvalidOperationException: Response Content-Length mismatch: too few bytes written (0 of 69).
2020-05-05T22:39:33.9230329-03:00 [WRN] (AutoWrapper.AutoWrapperMiddleware) The response has already started, the AutoWrapper middleware will not be executed.
2020-05-05T22:39:33.9384009-03:00 [ERR] (Microsoft.AspNetCore.Server.Kestrel) Connection id ""0HLVHBP97SD24"", Request id ""0HLVHBP97SD24:00000001"": An unhandled exception was thrown by the application.
System.InvalidOperationException: Response Content-Length mismatch: too few bytes written (0 of 69).
2020-05-05T22:42:06.9174102-03:00 [WRN] (AutoWrapper.AutoWrapperMiddleware) The response has already started, the AutoWrapper middleware will not be executed.
2020-05-05T22:42:06.9282668-03:00 [ERR] (Microsoft.AspNetCore.Server.Kestrel) Connection id ""0HLVHBQMV8BLI"", Request id ""0HLVHBQMV8BLI:00000001"": An unhandled exception was thrown by the application.
System.InvalidOperationException: Response Content-Length mismatch: too few bytes written (0 of 69).
2020-05-05T22:43:28.3247498-03:00 [ERR] (Microsoft.AspNetCore.Diagnostics.DeveloperExceptionPageMiddleware) An unhandled exception has occurred while executing the request.
System.ArgumentException: The path in 'value' must start with '/'. (Parameter 'value')
   at Microsoft.AspNetCore.Http.PathString..ctor(String value)
   at AutoWrapper.AutoWrapperMembers.IsApi(HttpContext context)
   at AutoWrapper.Base.WrapperBase.InvokeAsyncBase(HttpContext context, AutoWrapperMembers awm)
   at AutoWrapper.AutoWrapperMiddleware.InvokeAsync(HttpContext context)
   at Microsoft.AspNetCore.Builder.Extensions.MapMiddleware.Invoke(HttpContext context)
   at Microsoft.AspNetCore.Builder.Extensions.MapMiddleware.Invoke(HttpContext context)
   at Microsoft.AspNetCore.Builder.Extensions.MapMiddleware.Invoke(HttpContext context)
   at Microsoft.AspNetCore.Builder.Extensions.MapMiddleware.Invoke(HttpContext context)
   at Microsoft.AspNetCore.Builder.Extensions.MapMiddleware.Invoke(HttpContext context)
   at Microsoft.AspNetCore.Builder.Extensions.MapMiddleware.Invoke(HttpContext context)
   at Microsoft.AspNetCore.Builder.Extensions.MapMiddleware.Invoke(HttpContext context)
   at Microsoft.AspNetCore.Builder.Extensions.MapMiddleware.Invoke(HttpContext context)
   at Microsoft.AspNetCore.Builder.Extensions.MapWhenMiddleware.Invoke(HttpContext context)
   at Swashbuckle.AspNetCore.SwaggerUI.SwaggerUIMiddleware.Invoke(HttpContext httpContext)
   at Swashbuckle.AspNetCore.Swagger.SwaggerMiddleware.Invoke(HttpContext httpContext, ISwaggerProvider swaggerProvider)
   at Microsoft.AspNetCore.Diagnostics.DeveloperExceptionPageMiddleware.Invoke(HttpContext context)
2020-05-05T22:43:28.7726553-03:00 [ERR] (Microsoft.AspNetCore.Diagnostics.DeveloperExceptionPageMiddleware) An unhandled exception has occurred while executing the request.
System.ArgumentException: The path in 'value' must start with '/'. (Parameter 'value')
   at Microsoft.AspNetCore.Http.PathString..ctor(String value)
   at AutoWrapper.AutoWrapperMembers.IsApi(HttpContext context)
   at AutoWrapper.Base.WrapperBase.InvokeAsyncBase(HttpContext context, AutoWrapperMembers awm)
   at AutoWrapper.AutoWrapperMiddleware.InvokeAsync(HttpContext context)
   at Microsoft.AspNetCore.Builder.Extensions.MapMiddleware.Invoke(HttpContext context)
   at Microsoft.AspNetCore.Builder.Extensions.MapMiddleware.Invoke(HttpContext context)
   at Microsoft.AspNetCore.Builder.Extensions.MapMiddleware.Invoke(HttpContext context)
   at Microsoft.AspNetCore.Builder.Extensions.MapMiddleware.Invoke(HttpContext context)
   at Microsoft.AspNetCore.Builder.Extensions.MapMiddleware.Invoke(HttpContext context)
   at Microsoft.AspNetCore.Builder.Extensions.MapMiddleware.Invoke(HttpContext context)
   at Microsoft.AspNetCore.Builder.Extensions.MapMiddleware.Invoke(HttpContext context)
   at Microsoft.AspNetCore.Builder.Extensions.MapMiddleware.Invoke(HttpContext context)
   at Microsoft.AspNetCore.Builder.Extensions.MapWhenMiddleware.Invoke(HttpContext context)
   at Swashbuckle.AspNetCore.SwaggerUI.SwaggerUIMiddleware.Invoke(HttpContext httpContext)
   at Swashbuckle.AspNetCore.Swagger.SwaggerMiddleware.Invoke(HttpContext httpContext, ISwaggerProvider swaggerProvider)
   at Microsoft.AspNetCore.Diagnostics.DeveloperExceptionPageMiddleware.Invoke(HttpContext context)
2020-05-05T22:44:08.7935921-03:00 [ERR] (Microsoft.Extensions.Diagnostics.HealthChecks.DefaultHealthCheckService) Health check "Google Ping" completed after 15.7591ms with status Unhealthy and '"Ping check status [TimedOut]. Host www.google.com did not respond within 300 ms."'
2020-05-05T22:48:56.1220002-03:00 [WRN] (AutoWrapper.AutoWrapperMiddleware) The response has already started, the AutoWrapper middleware will not be executed.
2020-05-05T22:48:56.1318367-03:00 [ERR] (Microsoft.AspNetCore.Server.Kestrel) Connection id ""0HLVHBUHINIAA"", Request id ""0HLVHBUHINIAA:00000001"": An unhandled exception was thrown by the application.
System.InvalidOperationException: Response Content-Length mismatch: too few bytes written (0 of 69).
2020-05-05T22:48:56.4153453-03:00 [ERR] (HealthChecks.UI.Core.HostedService.HealthCheckCollectorHostedService) HealthCheck collector HostedService threw an error: "Value cannot be null. (Parameter 'source')"
System.ArgumentNullException: Value cannot be null. (Parameter 'source')
   at System.Linq.ThrowHelper.ThrowArgumentNullException(ExceptionArgument argument)
   at System.Linq.Enumerable.Select[TSource,TResult](IEnumerable`1 source, Func`2 selector)
   at Microsoft.Extensions.Diagnostics.HealthChecks.HealthReportExtensions.ToExecutionEntries(UIHealthReport report)
   at HealthChecks.UI.Core.HostedService.HealthCheckReportCollector.SaveExecutionHistory(HealthCheckConfiguration configuration, UIHealthReport healthReport)
   at HealthChecks.UI.Core.HostedService.HealthCheckReportCollector.Collect(CancellationToken cancellationToken)
   at HealthChecks.UI.Core.HostedService.HealthCheckCollectorHostedService.Collect(CancellationToken cancellationToken)
2020-05-05T22:49:02.2405523-03:00 [WRN] (AutoWrapper.AutoWrapperMiddleware) The response has already started, the AutoWrapper middleware will not be executed.
2020-05-05T22:49:02.2434075-03:00 [ERR] (Microsoft.AspNetCore.Server.Kestrel) Connection id ""0HLVHBUHINIAA"", Request id ""0HLVHBUHINIAA:00000003"": An unhandled exception was thrown by the application.
System.InvalidOperationException: Response Content-Length mismatch: too few bytes written (0 of 69).
2020-05-05T22:49:06.6419032-03:00 [ERR] (HealthChecks.UI.Core.HostedService.HealthCheckCollectorHostedService) HealthCheck collector HostedService threw an error: "Value cannot be null. (Parameter 'source')"
System.ArgumentNullException: Value cannot be null. (Parameter 'source')
   at System.Linq.ThrowHelper.ThrowArgumentNullException(ExceptionArgument argument)
   at System.Linq.Enumerable.Select[TSource,TResult](IEnumerable`1 source, Func`2 selector)
   at Microsoft.Extensions.Diagnostics.HealthChecks.HealthReportExtensions.ToExecutionEntries(UIHealthReport report)
   at HealthChecks.UI.Core.HostedService.HealthCheckReportCollector.SaveExecutionHistory(HealthCheckConfiguration configuration, UIHealthReport healthReport)
   at HealthChecks.UI.Core.HostedService.HealthCheckReportCollector.Collect(CancellationToken cancellationToken)
   at HealthChecks.UI.Core.HostedService.HealthCheckCollectorHostedService.Collect(CancellationToken cancellationToken)
2020-05-05T22:49:08.2868691-03:00 [WRN] (AutoWrapper.AutoWrapperMiddleware) The response has already started, the AutoWrapper middleware will not be executed.
2020-05-05T22:49:08.2908006-03:00 [ERR] (Microsoft.AspNetCore.Server.Kestrel) Connection id ""0HLVHBUHINIAA"", Request id ""0HLVHBUHINIAA:00000005"": An unhandled exception was thrown by the application.
System.InvalidOperationException: Response Content-Length mismatch: too few bytes written (0 of 69).
2020-05-05T22:49:16.7903122-03:00 [ERR] (HealthChecks.UI.Core.HostedService.HealthCheckCollectorHostedService) HealthCheck collector HostedService threw an error: "Value cannot be null. (Parameter 'source')"
System.ArgumentNullException: Value cannot be null. (Parameter 'source')
   at System.Linq.ThrowHelper.ThrowArgumentNullException(ExceptionArgument argument)
   at System.Linq.Enumerable.Select[TSource,TResult](IEnumerable`1 source, Func`2 selector)
   at Microsoft.Extensions.Diagnostics.HealthChecks.HealthReportExtensions.ToExecutionEntries(UIHealthReport report)
   at HealthChecks.UI.Core.HostedService.HealthCheckReportCollector.SaveExecutionHistory(HealthCheckConfiguration configuration, UIHealthReport healthReport)
   at HealthChecks.UI.Core.HostedService.HealthCheckReportCollector.Collect(CancellationToken cancellationToken)
   at HealthChecks.UI.Core.HostedService.HealthCheckCollectorHostedService.Collect(CancellationToken cancellationToken)
2020-05-05T22:49:26.9549297-03:00 [ERR] (HealthChecks.UI.Core.HostedService.HealthCheckCollectorHostedService) HealthCheck collector HostedService threw an error: "Value cannot be null. (Parameter 'source')"
System.ArgumentNullException: Value cannot be null. (Parameter 'source')
   at System.Linq.ThrowHelper.ThrowArgumentNullException(ExceptionArgument argument)
   at System.Linq.Enumerable.Select[TSource,TResult](IEnumerable`1 source, Func`2 selector)
   at Microsoft.Extensions.Diagnostics.HealthChecks.HealthReportExtensions.ToExecutionEntries(UIHealthReport report)
   at HealthChecks.UI.Core.HostedService.HealthCheckReportCollector.SaveExecutionHistory(HealthCheckConfiguration configuration, UIHealthReport healthReport)
   at HealthChecks.UI.Core.HostedService.HealthCheckReportCollector.Collect(CancellationToken cancellationToken)
   at HealthChecks.UI.Core.HostedService.HealthCheckCollectorHostedService.Collect(CancellationToken cancellationToken)
2020-05-05T22:49:37.1143915-03:00 [ERR] (HealthChecks.UI.Core.HostedService.HealthCheckCollectorHostedService) HealthCheck collector HostedService threw an error: "Value cannot be null. (Parameter 'source')"
System.ArgumentNullException: Value cannot be null. (Parameter 'source')
   at System.Linq.ThrowHelper.ThrowArgumentNullException(ExceptionArgument argument)
   at System.Linq.Enumerable.Select[TSource,TResult](IEnumerable`1 source, Func`2 selector)
   at Microsoft.Extensions.Diagnostics.HealthChecks.HealthReportExtensions.ToExecutionEntries(UIHealthReport report)
   at HealthChecks.UI.Core.HostedService.HealthCheckReportCollector.SaveExecutionHistory(HealthCheckConfiguration configuration, UIHealthReport healthReport)
   at HealthChecks.UI.Core.HostedService.HealthCheckReportCollector.Collect(CancellationToken cancellationToken)
   at HealthChecks.UI.Core.HostedService.HealthCheckCollectorHostedService.Collect(CancellationToken cancellationToken)
2020-05-05T22:49:47.2701117-03:00 [ERR] (HealthChecks.UI.Core.HostedService.HealthCheckCollectorHostedService) HealthCheck collector HostedService threw an error: "Value cannot be null. (Parameter 'source')"
System.ArgumentNullException: Value cannot be null. (Parameter 'source')
   at System.Linq.ThrowHelper.ThrowArgumentNullException(ExceptionArgument argument)
   at System.Linq.Enumerable.Select[TSource,TResult](IEnumerable`1 source, Func`2 selector)
   at Microsoft.Extensions.Diagnostics.HealthChecks.HealthReportExtensions.ToExecutionEntries(UIHealthReport report)
   at HealthChecks.UI.Core.HostedService.HealthCheckReportCollector.SaveExecutionHistory(HealthCheckConfiguration configuration, UIHealthReport healthReport)
   at HealthChecks.UI.Core.HostedService.HealthCheckReportCollector.Collect(CancellationToken cancellationToken)
   at HealthChecks.UI.Core.HostedService.HealthCheckCollectorHostedService.Collect(CancellationToken cancellationToken)
2020-05-05T22:49:57.4519328-03:00 [ERR] (HealthChecks.UI.Core.HostedService.HealthCheckCollectorHostedService) HealthCheck collector HostedService threw an error: "Value cannot be null. (Parameter 'source')"
System.ArgumentNullException: Value cannot be null. (Parameter 'source')
   at System.Linq.ThrowHelper.ThrowArgumentNullException(ExceptionArgument argument)
   at System.Linq.Enumerable.Select[TSource,TResult](IEnumerable`1 source, Func`2 selector)
   at Microsoft.Extensions.Diagnostics.HealthChecks.HealthReportExtensions.ToExecutionEntries(UIHealthReport report)
   at HealthChecks.UI.Core.HostedService.HealthCheckReportCollector.SaveExecutionHistory(HealthCheckConfiguration configuration, UIHealthReport healthReport)
   at HealthChecks.UI.Core.HostedService.HealthCheckReportCollector.Collect(CancellationToken cancellationToken)
   at HealthChecks.UI.Core.HostedService.HealthCheckCollectorHostedService.Collect(CancellationToken cancellationToken)
2020-05-05T22:50:07.6086958-03:00 [ERR] (HealthChecks.UI.Core.HostedService.HealthCheckCollectorHostedService) HealthCheck collector HostedService threw an error: "Value cannot be null. (Parameter 'source')"
System.ArgumentNullException: Value cannot be null. (Parameter 'source')
   at System.Linq.ThrowHelper.ThrowArgumentNullException(ExceptionArgument argument)
   at System.Linq.Enumerable.Select[TSource,TResult](IEnumerable`1 source, Func`2 selector)
   at Microsoft.Extensions.Diagnostics.HealthChecks.HealthReportExtensions.ToExecutionEntries(UIHealthReport report)
   at HealthChecks.UI.Core.HostedService.HealthCheckReportCollector.SaveExecutionHistory(HealthCheckConfiguration configuration, UIHealthReport healthReport)
   at HealthChecks.UI.Core.HostedService.HealthCheckReportCollector.Collect(CancellationToken cancellationToken)
   at HealthChecks.UI.Core.HostedService.HealthCheckCollectorHostedService.Collect(CancellationToken cancellationToken)
2020-05-05T22:53:21.7976112-03:00 [ERR] (Microsoft.Extensions.Diagnostics.HealthChecks.DefaultHealthCheckService) Health check "Google Ping" completed after 12.3204ms with status Unhealthy and '"Ping check status [TimedOut]. Host www.google.com did not respond within 300 ms."'
2020-05-05T22:53:42.7901321-03:00 [ERR] (Microsoft.Extensions.Diagnostics.HealthChecks.DefaultHealthCheckService) Health check "Google Ping" completed after 7.8159ms with status Unhealthy and '"Ping check status [TimedOut]. Host www.google.com did not respond within 300 ms."'
